Log file open, 07/14/19 21:47:09
LogWindows: Failed to load 'aqProf.dll' (GetLastError=126)
LogWindows: File 'aqProf.dll' does not exist
LogWindows: Failed to load 'VtuneApi.dll' (GetLastError=126)
LogWindows: File 'VtuneApi.dll' does not exist
LogWindows: Failed to load 'VtuneApi32e.dll' (GetLastError=126)
LogWindows: File 'VtuneApi32e.dll' does not exist
LogInit: Display: Running engine for game: Ailleurs
LogPlatformFile: Not using cached read wrapper
LogTaskGraph: Started task graph with 5 named threads and 14 total threads with 3 sets of task threads.
LogStats: Stats thread started at 0.170115
LogD3D11RHI: Loaded GFSDK_Aftermath_Lib.x64.dll
LogICUInternationalization: Display: ICU TimeZone Detection - Raw Offset: +1:00, Platform Override: ''
LogPluginManager: Mounting plugin Paper2D
LogPluginManager: Mounting plugin AISupport
LogPluginManager: Mounting plugin LightPropagationVolume
LogPluginManager: Mounting plugin CLionSourceCodeAccess
LogPluginManager: Mounting plugin CodeLiteSourceCodeAccess
LogPluginManager: Mounting plugin GitSourceControl
LogPluginManager: Mounting plugin KDevelopSourceCodeAccess
LogPluginManager: Mounting plugin NullSourceCodeAccess
LogPluginManager: Mounting plugin PerforceSourceControl
LogPluginManager: Mounting plugin SubversionSourceControl
LogPluginManager: Mounting plugin UObjectPlugin
LogPluginManager: Mounting plugin VisualStudioCodeSourceCodeAccess
LogPluginManager: Mounting plugin VisualStudioSourceCodeAccess
LogPluginManager: Mounting plugin XCodeSourceCodeAccess
LogPluginManager: Mounting plugin AssetManagerEditor
LogPluginManager: Mounting plugin CryptoKeys
LogPluginManager: Mounting plugin DataValidation
LogPluginManager: Mounting plugin FacialAnimation
LogPluginManager: Mounting plugin GameplayTagsEditor
LogPluginManager: Mounting plugin MacGraphicsSwitching
LogPluginManager: Mounting plugin MeshEditor
LogPluginManager: Mounting plugin MobileLauncherProfileWizard
LogPluginManager: Mounting plugin PluginBrowser
LogPluginManager: Mounting plugin SpeedTreeImporter
LogPluginManager: Mounting plugin DatasmithContent
LogPluginManager: Mounting plugin AlembicImporter
LogPluginManager: Mounting plugin AppleImageUtils
LogPluginManager: Mounting plugin AppleVision
LogPluginManager: Mounting plugin BackChannel
LogPluginManager: Mounting plugin CharacterAI
LogPluginManager: Mounting plugin GeometryCache
LogPluginManager: Mounting plugin HTML5Networking
LogPluginManager: Mounting plugin ProxyLODPlugin
LogPluginManager: Mounting plugin MagicLeap
LogPluginManager: Mounting plugin MagicLeapEmulator
LogPluginManager: Mounting plugin MagicLeapMedia
LogPluginManager: Mounting plugin AndroidMedia
LogPluginManager: Mounting plugin AvfMedia
LogPluginManager: Mounting plugin ImgMedia
LogPluginManager: Mounting plugin LinearTimecode
LogPluginManager: Mounting plugin MediaCompositing
LogPluginManager: Mounting plugin MediaPlayerEditor
LogPluginManager: Mounting plugin WmfMedia
LogPluginManager: Mounting plugin TcpMessaging
LogPluginManager: Mounting plugin UdpMessaging
LogPluginManager: Mounting plugin ActorSequence
LogPluginManager: Mounting plugin LevelSequenceEditor
LogPluginManager: Mounting plugin MatineeToLevelSequence
LogPluginManager: Mounting plugin NetcodeUnitTest
LogPluginManager: Mounting plugin NUTUnrealEngine4
LogPluginManager: Mounting plugin OnlineSubsystemGooglePlay
LogPluginManager: Mounting plugin OnlineSubsystemIOS
LogPluginManager: Mounting plugin OnlineSubsystem
LogPluginManager: Mounting plugin OnlineSubsystemNull
LogPluginManager: Mounting plugin OnlineSubsystemUtils
LogPluginManager: Mounting plugin LauncherChunkInstaller
LogPluginManager: Mounting plugin AndroidDeviceProfileSelector
LogPluginManager: Mounting plugin AndroidMoviePlayer
LogPluginManager: Mounting plugin AndroidPermission
LogPluginManager: Mounting plugin ApexDestruction
LogPluginManager: Mounting plugin AppleMoviePlayer
LogPluginManager: Mounting plugin ArchVisCharacter
LogPluginManager: Mounting plugin AudioCapture
LogPluginManager: Mounting plugin CableComponent
LogPluginManager: Mounting plugin CustomMeshComponent
LogPluginManager: Mounting plugin EditableMesh
LogPluginManager: Mounting plugin ExampleDeviceProfileSelector
LogPluginManager: Mounting plugin GoogleCloudMessaging
LogPluginManager: Mounting plugin ImmediatePhysics
LogPluginManager: Mounting plugin IOSDeviceProfileSelector
LogPluginManager: Mounting plugin LinuxDeviceProfileSelector
LogPluginManager: Mounting plugin LocationServicesBPLibrary
LogPluginManager: Mounting plugin MobilePatchingUtils
LogPluginManager: Mounting plugin OculusVR
LogPluginManager: Plugin shader directory ../../../Engine/Plugins/Runtime/Oculus/OculusVR/Shaders found
LogPluginManager: Mapping shader source directory ../../../Engine/Plugins/Runtime/Oculus/OculusVR/Shaders to virtual directory /Plugin/OculusVR
LogPluginManager: Mounting plugin PhysXVehicles
LogPluginManager: Mounting plugin ProceduralMeshComponent
LogPluginManager: Mounting plugin RuntimePhysXCooking
LogPluginManager: Mounting plugin SteamVR
LogPluginManager: Mounting plugin WindowsMoviePlayer
LogStreaming: Display: Took  0.080s to configure plugins.
LogInit: Using libcurl 7.55.1-DEV
LogInit:  - built for x86_64-pc-win32
LogInit:  - supports SSL with OpenSSL/1.0.2h
LogInit:  - supports HTTP deflate (compression) using libz 1.2.8
LogInit:  - other features:
LogInit:      CURL_VERSION_SSL
LogInit:      CURL_VERSION_LIBZ
LogInit:      CURL_VERSION_IPV6
LogInit:      CURL_VERSION_ASYNCHDNS
LogInit:      CURL_VERSION_LARGEFILE
LogInit:      CURL_VERSION_IDN
LogInit:  CurlRequestOptions (configurable via config and command line):
LogInit:  - bVerifyPeer = false  - Libcurl will NOT verify peer certificate
LogInit:  - bUseHttpProxy = false  - Libcurl will NOT use HTTP proxy
LogInit:  - bDontReuseConnections = false  - Libcurl will reuse connections
LogInit:  - CertBundlePath = nullptr  - Libcurl will use whatever was configured at build time.
LogInit:  - MaxHostConnections = 16  - Libcurl will limit the number of connections to a host
LogInit:  - LocalHostAddr = Default
LogInit:  - BufferSize = 65536
LogInit: WinSock: version 1.1 (2.2), MaxSocks=32767, MaxUdp=65467
LogInit: Build: ++UE4+Release-4.20-CL-4369336
LogInit: Engine Version: 4.20.3-4369336+++UE4+Release-4.20
LogInit: Compatible Engine Version: 4.20.0-4212847+++UE4+Release-4.20
LogInit: Net CL: 4212847
LogInit: OS: Windows 10 (), CPU: Intel(R) Core(TM) i5-4670K CPU @ 3.40GHz, GPU: NVIDIA GeForce GTX 680
LogInit: Compiled (64-bit): Sep 17 2018 12:26:19
LogInit: Compiled with Visual C++: 19.13.26129.00
LogInit: Build Configuration: Development
LogInit: Branch Name: ++UE4+Release-4.20
LogInit: Command Line:  
LogInit: Base Directory: C:/Program Files/Epic Games/UE_4.20/Engine/Binaries/Win64/
LogInit: Installed Engine Build: 1
LogDevObjectVersion: Number of dev versions registered: 20
LogDevObjectVersion:   Dev-Blueprints (B0D832E4-1F89-4F0D-ACCF-7EB736FD4AA2): 10
LogDevObjectVersion:   Dev-Build (E1C64328-A22C-4D53-A36C-8E866417BD8C): 0
LogDevObjectVersion:   Dev-Core (375EC13C-06E4-48FB-B500-84F0262A717E): 2
LogDevObjectVersion:   Dev-Editor (E4B068ED-F494-42E9-A231-DA0B2E46BB41): 24
LogDevObjectVersion:   Dev-Framework (CFFC743F-43B0-4480-9391-14DF171D2073): 34
LogDevObjectVersion:   Dev-Mobile (B02B49B5-BB20-44E9-A304-32B752E40360): 2
LogDevObjectVersion:   Dev-Networking (A4E4105C-59A1-49B5-A7C5-40C4547EDFEE): 0
LogDevObjectVersion:   Dev-Online (39C831C9-5AE6-47DC-9A44-9C173E1C8E7C): 0
LogDevObjectVersion:   Dev-Physics (78F01B33-EBEA-4F98-B9B4-84EACCB95AA2): 0
LogDevObjectVersion:   Dev-Platform (6631380F-2D4D-43E0-8009-CF276956A95A): 0
LogDevObjectVersion:   Dev-Rendering (12F88B9F-8875-4AFC-A67C-D90C383ABD29): 26
LogDevObjectVersion:   Dev-Sequencer (7B5AE74C-D270-4C10-A958-57980B212A5A): 9
LogDevObjectVersion:   Dev-VR (D7296918-1DD6-4BDD-9DE2-64A83CC13884): 2
LogDevObjectVersion:   Dev-LoadTimes (C2A15278-BFE7-4AFE-6C17-90FF531DF755): 1
LogDevObjectVersion:   Private-Geometry (6EACA3D4-40EC-4CC1-B786-8BED09428FC5): 3
LogDevObjectVersion:   Dev-AnimPhys (29E575DD-E0A3-4627-9D10-D276232CDCEA): 17
LogDevObjectVersion:   Dev-ReflectionCapture (6B266CEC-1EC7-4B8F-A30B-E4D90942FC07): 1
LogDevObjectVersion:   Dev-Automation (0DF73D61-A23F-47EA-B727-89E90C41499A): 1
LogDevObjectVersion:   FortniteMain (601D1886-AC64-4F84-AA16-D3DE0DEAC7D6): 12
LogDevObjectVersion:   Dev-Enterprise (9DFFBCD6-494F-0158-E221-12823C92A888): 1
LogStreaming: Display: Took  0.000s to delete old logs.
LogInit: Presizing for max 8388607 objects, including 0 objects not considered by GC, pre-allocating 0 bytes for permanent pool.
LogInit: Object subsystem initialized
[2019.07.14-19.47.10:213][  0]LogInit: Selected Device Profile: [Windows]
[2019.07.14-19.47.10:213][  0]LogInit: Applying CVar settings loaded from the selected device profile: [Windows]
[2019.07.14-19.47.10:219][  0]LogHAL: Display: Platform has ~ 16 GB [17121099776 / 17179869184 / 16], which maps to Larger [LargestMinGB=32, LargerMinGB=12, DefaultMinGB=8, SmallerMinGB=6, SmallestMinGB=0)
[2019.07.14-19.47.10:219][  0]LogInit: Setting Device Profile CVar: [[r.Vulkan.UseRealUBs:1]]
[2019.07.14-19.47.10:219][  0]LogInit: Going up to parent DeviceProfile []
[2019.07.14-19.47.10:219][  0]LogInit: Computer: DESKTOP-VM0RQ20
[2019.07.14-19.47.10:219][  0]LogInit: User: Ulysse
[2019.07.14-19.47.10:219][  0]LogInit: CPU Page size=4096, Cores=4
[2019.07.14-19.47.10:219][  0]LogInit: High frequency timer resolution =3.320313 MHz
[2019.07.14-19.47.10:219][  0]LogMemory: Memory total: Physical=15.9GB (16GB approx)
[2019.07.14-19.47.10:220][  0]LogMemory: Platform Memory Stats for Windows
[2019.07.14-19.47.10:220][  0]LogMemory: Process Physical Memory: 100.86 MB used, 100.86 MB peak
[2019.07.14-19.47.10:220][  0]LogMemory: Process Virtual Memory: 84.20 MB used, 84.20 MB peak
[2019.07.14-19.47.10:220][  0]LogMemory: Physical Memory: 6856.98 MB used,  9470.98 MB free, 16327.95 MB total
[2019.07.14-19.47.10:220][  0]LogMemory: Virtual Memory: 4606.41 MB used,  9470.98 MB free, 134217728.00 MB total
[2019.07.14-19.47.10:233][  0]LogInit: Using OS detected language (fr-FR).
[2019.07.14-19.47.10:233][  0]LogInit: Using OS detected locale (fr-FR).
[2019.07.14-19.47.10:234][  0]LogTextLocalizationManager: No specific localization for 'fr-FR' exists, so the 'fr' localization will be used.
[2019.07.14-19.47.10:236][  0]LogStreaming: Display: Took  0.003s to InitEngineTextLocalization.
[2019.07.14-19.47.10:236][  0]LogInit: Setting process to per monitor DPI aware
[2019.07.14-19.47.10:269][  0]LogSlate: New Slate User Created.  User Index 0, Is Virtual User: 0
[2019.07.14-19.47.10:269][  0]LogSlate: Slate User Registered.  User Index 0, Is Virtual User: 0
[2019.07.14-19.47.10:449][  0]LogHMD: Failed to initialize OpenVR with code 110
[2019.07.14-19.47.10:449][  0]LogD3D11RHI: D3D11 adapters:
[2019.07.14-19.47.10:488][  0]LogD3D11RHI:    0. 'NVIDIA GeForce GTX 680' (Feature Level 11_0)
[2019.07.14-19.47.10:488][  0]LogD3D11RHI:       2017/0/8163 MB DedicatedVideo/DedicatedSystem/SharedSystem, Outputs:2, VendorId:0x10de
[2019.07.14-19.47.10:490][  0]LogD3D11RHI:    1. 'Microsoft Basic Render Driver' (Feature Level 11_0)
[2019.07.14-19.47.10:490][  0]LogD3D11RHI:       0/0/8163 MB DedicatedVideo/DedicatedSystem/SharedSystem, Outputs:0, VendorId:0x1414
[2019.07.14-19.47.10:490][  0]LogD3D11RHI: Chosen D3D11 Adapter: 0
[2019.07.14-19.47.10:495][  0]LogD3D11RHI: Creating new Direct3DDevice
[2019.07.14-19.47.10:495][  0]LogD3D11RHI:     GPU DeviceId: 0x1180 (for the marketing name, search the web for "GPU Device Id")
[2019.07.14-19.47.10:495][  0]LogWindows: EnumDisplayDevices:
[2019.07.14-19.47.10:495][  0]LogWindows:    0. 'NVIDIA GeForce GTX 680' (P:1 D:1)
[2019.07.14-19.47.10:495][  0]LogWindows:    1. 'NVIDIA GeForce GTX 680' (P:0 D:1)
[2019.07.14-19.47.10:495][  0]LogWindows:    2. 'NVIDIA GeForce GTX 680' (P:0 D:0)
[2019.07.14-19.47.10:495][  0]LogWindows:    3. 'NVIDIA GeForce GTX 680' (P:0 D:0)
[2019.07.14-19.47.10:495][  0]LogWindows: DebugString: FoundDriverCount:4 
[2019.07.14-19.47.10:495][  0]LogD3D11RHI:     Adapter Name: NVIDIA GeForce GTX 680
[2019.07.14-19.47.10:495][  0]LogD3D11RHI:   Driver Version: 388.13 (internal:23.21.13.8813, unified:388.13)
[2019.07.14-19.47.10:496][  0]LogD3D11RHI:      Driver Date: 10-27-2017
[2019.07.14-19.47.10:496][  0]LogRHI: Texture pool is 1412 MB (70% of 2017 MB)
[2019.07.14-19.47.10:519][  0]LogD3D11RHI: Async texture creation enabled
[2019.07.14-19.47.10:538][  0]LogD3D11RHI: GPU Timing Frequency: 1000.000000 (Debug: 2 2)
[2019.07.14-19.47.10:540][  0]LogShaderCompilers: Guid format shader working directory is -27 characters bigger than the processId version (../../../../../../Documents/Unreal Projects/Ailleurs/Ailleurs(fonctionne)/Intermediate/Shaders/WorkingDirectory/13780/).
[2019.07.14-19.47.10:540][  0]LogShaderCompilers: Cleaned the shader compiler working directory 'C:/Users/Ulysse/AppData/Local/Temp/UnrealShaderWorkingDir/F89336904072F075D8FCDA96A237BD5F/'.
[2019.07.14-19.47.10:764][  0]LogTemp: Display: Loaded TP AllDesktopTargetPlatform
[2019.07.14-19.47.10:775][  0]LogTemp: Display: Loaded TP MacClientTargetPlatform
[2019.07.14-19.47.10:786][  0]LogTemp: Display: Loaded TP MacNoEditorTargetPlatform
[2019.07.14-19.47.10:798][  0]LogTemp: Display: Loaded TP MacServerTargetPlatform
[2019.07.14-19.47.10:810][  0]LogTemp: Display: Loaded TP MacTargetPlatform
[2019.07.14-19.47.10:821][  0]LogTemp: Display: Loaded TP WindowsClientTargetPlatform
[2019.07.14-19.47.10:833][  0]LogTemp: Display: Loaded TP WindowsNoEditorTargetPlatform
[2019.07.14-19.47.10:844][  0]LogTemp: Display: Loaded TP WindowsServerTargetPlatform
[2019.07.14-19.47.10:850][  0]LogTemp: Display: Loaded TP WindowsTargetPlatform
[2019.07.14-19.47.10:918][  0]LogTemp: Display: Loaded TP AndroidTargetPlatform
[2019.07.14-19.47.10:918][  0]LogTemp: Display: Loaded TP AndroidTargetPlatform
[2019.07.14-19.47.10:918][  0]LogTemp: Display: Loaded TP AndroidTargetPlatform
[2019.07.14-19.47.10:918][  0]LogTemp: Display: Loaded TP AndroidTargetPlatform
[2019.07.14-19.47.10:918][  0]LogTemp: Display: Loaded TP AndroidTargetPlatform
[2019.07.14-19.47.10:918][  0]LogTemp: Display: Loaded TP AndroidTargetPlatform
[2019.07.14-19.47.10:918][  0]LogTemp: Display: Loaded TP AndroidTargetPlatform
[2019.07.14-19.47.10:918][  0]LogTemp: Display: Loaded TP AndroidTargetPlatform
[2019.07.14-19.47.10:918][  0]LogTemp: Display: Loaded TP AndroidTargetPlatform
[2019.07.14-19.47.10:918][  0]LogTemp: Display: Loaded TP AndroidTargetPlatform
[2019.07.14-19.47.10:918][  0]LogTemp: Display: Loaded TP AndroidTargetPlatform
[2019.07.14-19.47.10:918][  0]LogTemp: Display: Loaded TP AndroidTargetPlatform
[2019.07.14-19.47.10:918][  0]LogTemp: Display: Loaded TP AndroidTargetPlatform
[2019.07.14-19.47.10:918][  0]LogTemp: Display: Loaded TP AndroidTargetPlatform
[2019.07.14-19.47.10:918][  0]LogTemp: Display: Loaded TP AndroidTargetPlatform
[2019.07.14-19.47.10:918][  0]LogTemp: Display: Loaded TP AndroidTargetPlatform
[2019.07.14-19.47.10:918][  0]LogTemp: Display: Loaded TP AndroidTargetPlatform
[2019.07.14-19.47.10:918][  0]LogTemp: Display: Loaded TP AndroidTargetPlatform
[2019.07.14-19.47.10:919][  0]LogTemp: Display: Loaded TP HTML5TargetPlatform
[2019.07.14-19.47.10:975][  0]LogTemp: Display: Loaded TP IOSTargetPlatform
[2019.07.14-19.47.10:975][  0]LogTemp: Display: Loaded TP IOSTargetPlatform
[2019.07.14-19.47.10:994][  0]LogTemp: Display: Loaded TP TVOSTargetPlatform
[2019.07.14-19.47.10:994][  0]LogTemp: Display: Loaded TP TVOSTargetPlatform
[2019.07.14-19.47.11:004][  0]LogTemp: Display: Loaded TP LinuxClientTargetPlatform
[2019.07.14-19.47.11:014][  0]LogTemp: Display: Loaded TP LinuxNoEditorTargetPlatform
[2019.07.14-19.47.11:024][  0]LogTemp: Display: Loaded TP LinuxServerTargetPlatform
[2019.07.14-19.47.11:035][  0]LogTemp: Display: Loaded TP LinuxTargetPlatform
[2019.07.14-19.47.11:042][  0]LogTemp: Display: Loaded TP LuminTargetPlatform
[2019.07.14-19.47.11:042][  0]LogTargetPlatformManager: Display: Building Assets For Windows
[2019.07.14-19.47.11:093][  0]LogXGEController: Cleaning working directory: C:/Users/Ulysse/AppData/Local/Temp/UnrealXGEWorkingDir/
[2019.07.14-19.47.11:093][  0]LogXGEController: Cannot use XGE Controller as Incredibuild is not installed on this machine.
[2019.07.14-19.47.11:093][  0]LogShaderCompilers: Cannot use XGE Shader Compiler as Incredibuild is not installed on this machine.
[2019.07.14-19.47.11:093][  0]LogShaderCompilers: Display: Using Local Shader Compiler.
[2019.07.14-19.47.11:667][  0]LogDerivedDataCache: Display: Max Cache Size: 512 MB
[2019.07.14-19.47.11:710][  0]LogDerivedDataCache: Loaded boot cache 0.04s 71MB C:/Users/Ulysse/AppData/Local/UnrealEngine/4.20/DerivedDataCache/Boot.ddc.
[2019.07.14-19.47.11:710][  0]LogDerivedDataCache: Display: Loaded Boot cache: C:/Users/Ulysse/AppData/Local/UnrealEngine/4.20/DerivedDataCache/Boot.ddc
[2019.07.14-19.47.11:711][  0]LogDerivedDataCache: FDerivedDataBackendGraph:  Pak pak cache file ../../../../../../Documents/Unreal Projects/Ailleurs/Ailleurs(fonctionne)/DerivedDataCache/DDC.ddp not found, will not use a pak cache.
[2019.07.14-19.47.11:711][  0]LogDerivedDataCache: Unable to find inner node Pak for hierarchical cache Hierarchy.
[2019.07.14-19.47.11:711][  0]LogDerivedDataCache: FDerivedDataBackendGraph:  CompressedPak pak cache file ../../../../../../Documents/Unreal Projects/Ailleurs/Ailleurs(fonctionne)/DerivedDataCache/Compressed.ddp not found, will not use a pak cache.
[2019.07.14-19.47.11:711][  0]LogDerivedDataCache: Unable to find inner node CompressedPak for hierarchical cache Hierarchy.
[2019.07.14-19.47.11:721][  0]LogDerivedDataCache: Display: Pak cache opened for reading ../../../Engine/DerivedDataCache/Compressed.ddp.
[2019.07.14-19.47.11:733][  0]LogDerivedDataCache: Using Local data cache path C:/Users/Ulysse/AppData/Local/UnrealEngine/Common/DerivedDataCache: Writable
[2019.07.14-19.47.11:733][  0]LogDerivedDataCache: Shared data cache path not found in *engine.ini, will not use an Shared cache.
[2019.07.14-19.47.11:733][  0]LogDerivedDataCache: Unable to find inner node Shared for hierarchical cache Hierarchy.
[2019.07.14-19.47.11:748][  0]LogMaterial: Verifying Global Shaders for PCD3D_SM5
[2019.07.14-19.47.11:750][  0]LogSlate: Using FreeType 2.6.0
[2019.07.14-19.47.11:750][  0]LogSlate: SlateFontServices - WITH_FREETYPE: 1, WITH_HARFBUZZ: 1
[2019.07.14-19.47.11:820][  0]LogAssetRegistry: FAssetRegistry took 0.0250 seconds to start up
[2019.07.14-19.47.12:096][  0]LogInit: Selected Device Profile: [Windows]
[2019.07.14-19.47.12:211][  0]LogSimplygon: Simplygon DLL not present - disabling.
[2019.07.14-19.47.12:215][  0]LogMeshReduction: Using SimplygonSwarm for distributed automatic mesh merging
[2019.07.14-19.47.12:215][  0]LogMeshReduction: Using ProxyLODMeshReduction for automatic mesh merging
[2019.07.14-19.47.12:215][  0]LogMeshReduction: Using QuadricMeshReduction for automatic static mesh reduction
[2019.07.14-19.47.12:215][  0]LogMeshReduction: No automatic skeletal mesh reduction module available
[2019.07.14-19.47.12:227][  0]LogNetVersion: Ailleurs 1.0.0, NetCL: 4212847, EngineNetVer: 5, GameNetVer: 0 (Checksum: 2809596402)
[2019.07.14-19.47.12:615][  0]LogPackageLocalizationCache: Processed 11 localized package path(s) for 2 prioritized culture(s) in 0.065986 seconds
[2019.07.14-19.47.12:620][  0]LogUObjectArray: 38425 objects as part of root set at end of initial load.
[2019.07.14-19.47.12:620][  0]LogUObjectAllocator: 6690872 out of 0 bytes used by permanent object pool.
[2019.07.14-19.47.12:620][  0]LogUObjectArray: CloseDisregardForGC: 0/0 objects in disregard for GC pool
[2019.07.14-19.47.13:396][  0]LogTcpMessaging: Initializing TcpMessaging bridge
[2019.07.14-19.47.13:408][  0]LogUdpMessaging: Initializing bridge on interface 0.0.0.0:0 to multicast group 230.0.0.1:6666.
[2019.07.14-19.47.13:542][  0]SourceControl: Source control is disabled
[2019.07.14-19.47.13:542][  0]SourceControl: Source control is disabled
[2019.07.14-19.47.13:543][  0]SourceControl: Source control is disabled
[2019.07.14-19.47.13:544][  0]SourceControl: Source control is disabled
[2019.07.14-19.47.13:691][  0]LogAndroidPermission: UAndroidPermissionCallbackProxy::GetInstance
[2019.07.14-19.47.13:739][  0]LogOcInput: OculusInput pre-init called
[2019.07.14-19.47.13:790][  0]LogEngine: Initializing Engine...
[2019.07.14-19.47.13:791][  0]LogHMD: Failed to initialize OpenVR with code 110
[2019.07.14-19.47.13:792][  0]LogStats: UGameplayTagsManager::ConstructGameplayTagTree: ImportINI prefixes -  0.000 s
[2019.07.14-19.47.13:792][  0]LogStats: UGameplayTagsManager::ConstructGameplayTagTree: Construct from data asset -  0.000 s
[2019.07.14-19.47.13:792][  0]LogStats: UGameplayTagsManager::ConstructGameplayTagTree: ImportINI -  0.000 s
[2019.07.14-19.47.13:792][  0]LogStats: UGameplayTagsManager::ConstructGameplayTagTree: GameplayTagTreeChangedEvent.Broadcast -  0.000 s
[2019.07.14-19.47.13:957][  0]LogInit: Initializing FReadOnlyCVARCache
[2019.07.14-19.47.13:970][  0]LogAIModule: Creating AISystem for world Untitled
[2019.07.14-19.47.13:985][  0]LogInit: XAudio2 using 'Haut-parleurs (Périphérique High Definition Audio)' : 2 channels at 48 kHz using 16 bits per sample (channel mask 0x3)
[2019.07.14-19.47.14:000][  0]LogInit: FAudioDevice initialized.
[2019.07.14-19.47.14:000][  0]LogNetVersion: Set ProjectVersion to 1.0.0.0. Version Checksum will be recalculated on next use.
[2019.07.14-19.47.14:066][  0]LogDerivedDataCache: Saved boot cache 0.07s 71MB C:/Users/Ulysse/AppData/Local/UnrealEngine/4.20/DerivedDataCache/Boot.ddc.
[2019.07.14-19.47.14:069][  0]LogInit: Texture streaming: Enabled
[2019.07.14-19.47.14:084][  0]LogEngineSessionManager: EngineSessionManager initialized
[2019.07.14-19.47.14:094][  0]LogInit: Transaction tracking system initialized
[2019.07.14-19.47.14:115][  0]BlueprintLog: New page: Editor Load
[2019.07.14-19.47.14:186][  0]LocalizationService: Localization service is disabled
[2019.07.14-19.47.14:423][  0]LogCook: Display: Max memory allowance for cook 16384mb min free memory 0mb
[2019.07.14-19.47.14:423][  0]LogCook: Display: Mobile HDR setting 1
[2019.07.14-19.47.14:423][  0]LogGameplayTags: Display: UGameplayTagsManager::DoneAddingNativeTags. DelegateIsBound: 0
[2019.07.14-19.47.14:423][  0]LogStats: UGameplayTagsManager::ConstructGameplayTagTree: ImportINI prefixes -  0.000 s
[2019.07.14-19.47.14:423][  0]LogStats: UGameplayTagsManager::ConstructGameplayTagTree: Construct from data asset -  0.000 s
[2019.07.14-19.47.14:423][  0]LogStats: UGameplayTagsManager::ConstructGameplayTagTree: ImportINI -  0.000 s
[2019.07.14-19.47.14:423][  0]LogStats: UGameplayTagsManager::ConstructGameplayTagTree: GameplayTagTreeChangedEvent.Broadcast -  0.000 s
[2019.07.14-19.47.14:526][  0]LogFileCache: Scanning file cache for directory 'C:/Documents/Unreal Projects/Ailleurs/Ailleurs(fonctionne)/Content/' took 0.06s
[2019.07.14-19.47.14:527][  0]SourceControl: Source control is disabled
[2019.07.14-19.47.14:527][  0]Cmd: MAP LOAD FILE="../../../../../../Documents/Unreal Projects/Ailleurs/Ailleurs(fonctionne)/Content/Ailleurs/Maps/Niveau_1.umap" TEMPLATE=0 SHOWPROGRESS=1 FEATURELEVEL=3
[2019.07.14-19.47.14:527][  0]LightingResults: New page: Lighting Build
[2019.07.14-19.47.14:530][  0]MapCheck: New page: Map Check
[2019.07.14-19.47.14:530][  0]LightingResults: New page: Lighting Build
[2019.07.14-19.47.14:571][  0]LogLinker: Warning: Can't find file '/Game/Ailleurs/Blueprints/Boules/Bleu/Boule_Bleu_Gros'
[2019.07.14-19.47.14:571][  0]LogLinker: Warning: Can't find file for asset '/Game/Ailleurs/Blueprints/Boules/Bleu/Boule_Bleu_Gros' while loading ../../../../../../Documents/Unreal Projects/Ailleurs/Ailleurs(fonctionne)/Content/Ailleurs/Maps/Niveau_1.umap.
[2019.07.14-19.47.14:571][  0]LoadErrors: Error: /Game/Ailleurs/Maps/Niveau_1 : Can't find file for asset. /Game/Ailleurs/Blueprints/Boules/Bleu/Boule_Bleu_Gros
[2019.07.14-19.47.14:630][  0]LogLinker: Warning: Can't find file '/Game/Ailleurs/Blueprints/Boules/Bleu/Boule_Bleu_Gros'
[2019.07.14-19.47.14:630][  0]LogLinker: Warning: Can't find file for asset '/Game/Ailleurs/Blueprints/Boules/Bleu/Boule_Bleu_Gros' while loading ../../../../../../Documents/Unreal Projects/Ailleurs/Ailleurs(fonctionne)/Content/Ailleurs/Maps/Niveau_1.umap.
[2019.07.14-19.47.14:630][  0]LoadErrors: Error: /Game/Ailleurs/Maps/Niveau_1 : Can't find file for asset. /Game/Ailleurs/Blueprints/Boules/Bleu/Boule_Bleu_Gros
[2019.07.14-19.47.14:699][  0]LogLinker: Warning: The file '../../../../../../Documents/Unreal Projects/Ailleurs/Ailleurs(fonctionne)/Content/StarterContent/Materials/M_Basic_Wall.uasset' contains unrecognizable data, check that it is of the expected type.
[2019.07.14-19.47.14:699][  0]LogLinker: Warning: The file '../../../../../../Documents/Unreal Projects/Ailleurs/Ailleurs(fonctionne)/Content/StarterContent/Materials/M_Basic_Wall.uasset' contains unrecognizable data, check that it is of the expected type.
[2019.07.14-19.47.14:701][  0]LogLinker: Warning: The file '../../../../../../Documents/Unreal Projects/Ailleurs/Ailleurs(fonctionne)/Content/StarterContent/Materials/M_Basic_Wall.uasset' contains unrecognizable data, check that it is of the expected type.
[2019.07.14-19.47.14:701][  0]LogLinker: Warning: The file '../../../../../../Documents/Unreal Projects/Ailleurs/Ailleurs(fonctionne)/Content/StarterContent/Materials/M_Basic_Wall.uasset' contains unrecognizable data, check that it is of the expected type.
[2019.07.14-19.47.14:701][  0]LogLinker: Warning: The file '../../../../../../Documents/Unreal Projects/Ailleurs/Ailleurs(fonctionne)/Content/StarterContent/Materials/M_Basic_Wall.uasset' contains unrecognizable data, check that it is of the expected type.
[2019.07.14-19.47.14:702][  0]LogLinker: Warning: The file '../../../../../../Documents/Unreal Projects/Ailleurs/Ailleurs(fonctionne)/Content/StarterContent/Materials/M_Basic_Wall.uasset' contains unrecognizable data, check that it is of the expected type.
[2019.07.14-19.47.14:702][  0]LogLinker: Warning: The file '../../../../../../Documents/Unreal Projects/Ailleurs/Ailleurs(fonctionne)/Content/StarterContent/Materials/M_Basic_Wall.uasset' contains unrecognizable data, check that it is of the expected type.
[2019.07.14-19.47.14:702][  0]LogLinker: Warning: The file '../../../../../../Documents/Unreal Projects/Ailleurs/Ailleurs(fonctionne)/Content/StarterContent/Materials/M_Basic_Wall.uasset' contains unrecognizable data, check that it is of the expected type.
[2019.07.14-19.47.14:727][  0]LogLinker: Warning: Can't find file '/Game/Ailleurs/Blueprints/Boules/Bleu/Boule_Bleu_Gros'
[2019.07.14-19.47.14:727][  0]LogLinker: Warning: Can't find file for asset '/Game/Ailleurs/Blueprints/Boules/Bleu/Boule_Bleu_Gros' while loading ../../../../../../Documents/Unreal Projects/Ailleurs/Ailleurs(fonctionne)/Content/Ailleurs/Maps/Niveau_1.umap.
[2019.07.14-19.47.14:727][  0]LoadErrors: Error: /Game/Ailleurs/Maps/Niveau_1 : Can't find file for asset. /Game/Ailleurs/Blueprints/Boules/Bleu/Boule_Bleu_Gros
[2019.07.14-19.47.14:745][  0]LogLinker: Warning: Can't find file '/Game/Ailleurs/Blueprints/Boules/Bleu/Boule_Bleu_Gros'
[2019.07.14-19.47.14:745][  0]LogLinker: Warning: Can't find file for asset '/Game/Ailleurs/Blueprints/Boules/Bleu/Boule_Bleu_Gros' while loading ../../../../../../Documents/Unreal Projects/Ailleurs/Ailleurs(fonctionne)/Content/Ailleurs/Maps/Niveau_1.umap.
[2019.07.14-19.47.14:745][  0]LoadErrors: Error: /Game/Ailleurs/Maps/Niveau_1 : Can't find file for asset. /Game/Ailleurs/Blueprints/Boules/Bleu/Boule_Bleu_Gros
[2019.07.14-19.47.14:813][  0]LogLinker: Warning: The file '../../../../../../Documents/Unreal Projects/Ailleurs/Ailleurs(fonctionne)/Content/StarterContent/Materials/M_Basic_Wall.uasset' contains unrecognizable data, check that it is of the expected type.
[2019.07.14-19.47.14:813][  0]LogLinker: Warning: The file '../../../../../../Documents/Unreal Projects/Ailleurs/Ailleurs(fonctionne)/Content/StarterContent/Materials/M_Basic_Wall.uasset' contains unrecognizable data, check that it is of the expected type.
[2019.07.14-19.47.14:813][  0]LogLinker: Warning: The file '../../../../../../Documents/Unreal Projects/Ailleurs/Ailleurs(fonctionne)/Content/StarterContent/Materials/M_Basic_Wall.uasset' contains unrecognizable data, check that it is of the expected type.
[2019.07.14-19.47.14:814][  0]LogLinker: Warning: The file '../../../../../../Documents/Unreal Projects/Ailleurs/Ailleurs(fonctionne)/Content/StarterContent/Materials/M_Basic_Wall.uasset' contains unrecognizable data, check that it is of the expected type.
[2019.07.14-19.47.14:816][  0]LogLinker: Warning: The file '../../../../../../Documents/Unreal Projects/Ailleurs/Ailleurs(fonctionne)/Content/StarterContent/Materials/M_Basic_Wall.uasset' contains unrecognizable data, check that it is of the expected type.
[2019.07.14-19.47.14:816][  0]LogLinker: Warning: The file '../../../../../../Documents/Unreal Projects/Ailleurs/Ailleurs(fonctionne)/Content/StarterContent/Materials/M_Basic_Wall.uasset' contains unrecognizable data, check that it is of the expected type.
[2019.07.14-19.47.14:816][  0]LogLinker: Warning: The file '../../../../../../Documents/Unreal Projects/Ailleurs/Ailleurs(fonctionne)/Content/StarterContent/Materials/M_Basic_Wall.uasset' contains unrecognizable data, check that it is of the expected type.
[2019.07.14-19.47.14:817][  0]LogLinker: Warning: The file '../../../../../../Documents/Unreal Projects/Ailleurs/Ailleurs(fonctionne)/Content/StarterContent/Materials/M_Basic_Wall.uasset' contains unrecognizable data, check that it is of the expected type.
[2019.07.14-19.47.14:875][  0]LogLinker: Warning: Can't find file '/Game/Ailleurs/Blueprints/Boules/Bleu/Boule_Bleu_Gros'
[2019.07.14-19.47.14:875][  0]LogLinker: Warning: Can't find file for asset '/Game/Ailleurs/Blueprints/Boules/Bleu/Boule_Bleu_Gros' while loading ../../../../../../Documents/Unreal Projects/Ailleurs/Ailleurs(fonctionne)/Content/Ailleurs/Maps/Niveau_1.umap.
[2019.07.14-19.47.14:875][  0]LoadErrors: Error: /Game/Ailleurs/Maps/Niveau_1 : Can't find file for asset. /Game/Ailleurs/Blueprints/Boules/Bleu/Boule_Bleu_Gros
[2019.07.14-19.47.14:875][  0]LogLinker: Warning: Can't find file '/Game/Ailleurs/Blueprints/Boules/Bleu/Boule_Bleu_Gros'
[2019.07.14-19.47.14:876][  0]LogLinker: Warning: Can't find file for asset '/Game/Ailleurs/Blueprints/Boules/Bleu/Boule_Bleu_Gros' while loading ../../../../../../Documents/Unreal Projects/Ailleurs/Ailleurs(fonctionne)/Content/Ailleurs/Maps/Niveau_1.umap.
[2019.07.14-19.47.14:876][  0]LoadErrors: Error: /Game/Ailleurs/Maps/Niveau_1 : Can't find file for asset. /Game/Ailleurs/Blueprints/Boules/Bleu/Boule_Bleu_Gros
[2019.07.14-19.47.14:876][  0]LogLinker: Warning: Can't find file '/Game/Ailleurs/Blueprints/Boules/Bleu/Boule_Bleu_Gros'
[2019.07.14-19.47.14:876][  0]LogLinker: Warning: Can't find file for asset '/Game/Ailleurs/Blueprints/Boules/Bleu/Boule_Bleu_Gros' while loading ../../../../../../Documents/Unreal Projects/Ailleurs/Ailleurs(fonctionne)/Content/Ailleurs/Maps/Niveau_1.umap.
[2019.07.14-19.47.14:876][  0]LoadErrors: Error: /Game/Ailleurs/Maps/Niveau_1 : Can't find file for asset. /Game/Ailleurs/Blueprints/Boules/Bleu/Boule_Bleu_Gros
[2019.07.14-19.47.14:876][  0]LogLinker: Warning: Can't find file '/Game/Ailleurs/Blueprints/Boules/Bleu/Boule_Bleu_Gros'
[2019.07.14-19.47.14:876][  0]LogLinker: Warning: Can't find file for asset '/Game/Ailleurs/Blueprints/Boules/Bleu/Boule_Bleu_Gros' while loading ../../../../../../Documents/Unreal Projects/Ailleurs/Ailleurs(fonctionne)/Content/Ailleurs/Maps/Niveau_1.umap.
[2019.07.14-19.47.14:876][  0]LoadErrors: Error: /Game/Ailleurs/Maps/Niveau_1 : Can't find file for asset. /Game/Ailleurs/Blueprints/Boules/Bleu/Boule_Bleu_Gros
[2019.07.14-19.47.14:888][  0]LogLinker: Warning: Can't find file '/Game/Ailleurs/Blueprints/Boules/Bleu/Boule_Bleu_Gros'
[2019.07.14-19.47.14:889][  0]LogLinker: Warning: Can't find file for asset '/Game/Ailleurs/Blueprints/Boules/Bleu/Boule_Bleu_Gros' while loading ../../../../../../Documents/Unreal Projects/Ailleurs/Ailleurs(fonctionne)/Content/Ailleurs/Maps/Niveau_1.umap.
[2019.07.14-19.47.14:889][  0]LoadErrors: Error: /Game/Ailleurs/Maps/Niveau_1 : Can't find file for asset. /Game/Ailleurs/Blueprints/Boules/Bleu/Boule_Bleu_Gros
[2019.07.14-19.47.14:929][  0]LogLinker: Warning: Can't find file '/Game/Ailleurs/Blueprints/Boules/Bleu/Boule_Bleu_Gros'
[2019.07.14-19.47.14:930][  0]LogLinker: Warning: Can't find file for asset '/Game/Ailleurs/Blueprints/Boules/Bleu/Boule_Bleu_Gros' while loading NULL.
[2019.07.14-19.47.14:930][  0]LogLinker: Warning: Can't find file '/Game/Ailleurs/Blueprints/Boules/Bleu/Boule_Bleu_Gros'
[2019.07.14-19.47.14:930][  0]LogLinker: Warning: Can't find file for asset '/Game/Ailleurs/Blueprints/Boules/Bleu/Boule_Bleu_Gros' while loading NULL.
[2019.07.14-19.47.14:930][  0]LogLinker: Warning: Can't find file '/Game/Ailleurs/Blueprints/Boules/Bleu/Boule_Bleu_Gros'
[2019.07.14-19.47.14:930][  0]LogLinker: Warning: Can't find file for asset '/Game/Ailleurs/Blueprints/Boules/Bleu/Boule_Bleu_Gros' while loading NULL.
[2019.07.14-19.47.14:930][  0]LogLinker: Warning: Can't find file '/Game/Ailleurs/Blueprints/Boules/Bleu/Boule_Bleu_Gros'
[2019.07.14-19.47.14:930][  0]LogLinker: Warning: Can't find file for asset '/Game/Ailleurs/Blueprints/Boules/Bleu/Boule_Bleu_Gros' while loading NULL.
[2019.07.14-19.47.14:930][  0]LogLinker: Warning: Can't find file '/Game/Ailleurs/Blueprints/Boules/Bleu/Boule_Bleu_Gros'
[2019.07.14-19.47.14:931][  0]LogLinker: Warning: Can't find file for asset '/Game/Ailleurs/Blueprints/Boules/Bleu/Boule_Bleu_Gros' while loading NULL.
[2019.07.14-19.47.14:931][  0]LogLinker: Warning: Can't find file '/Game/Ailleurs/Blueprints/Boules/Bleu/Boule_Bleu_Gros'
[2019.07.14-19.47.14:931][  0]LogLinker: Warning: Can't find file for asset '/Game/Ailleurs/Blueprints/Boules/Bleu/Boule_Bleu_Gros' while loading NULL.
[2019.07.14-19.47.14:931][  0]LogLinker: Warning: Can't find file '/Game/Ailleurs/Blueprints/Boules/Bleu/Boule_Bleu_Gros'
[2019.07.14-19.47.14:931][  0]LogLinker: Warning: Can't find file for asset '/Game/Ailleurs/Blueprints/Boules/Bleu/Boule_Bleu_Gros' while loading NULL.
[2019.07.14-19.47.14:931][  0]LogLinker: Warning: Can't find file '/Game/Ailleurs/Blueprints/Boules/Bleu/Boule_Bleu_Gros'
[2019.07.14-19.47.14:931][  0]LogLinker: Warning: Can't find file for asset '/Game/Ailleurs/Blueprints/Boules/Bleu/Boule_Bleu_Gros' while loading NULL.
[2019.07.14-19.47.14:931][  0]LogLinker: Warning: Can't find file '/Game/Ailleurs/Blueprints/Boules/Bleu/Boule_Bleu_Gros'
[2019.07.14-19.47.14:931][  0]LogLinker: Warning: Can't find file for asset '/Game/Ailleurs/Blueprints/Boules/Bleu/Boule_Bleu_Gros' while loading NULL.
[2019.07.14-19.47.14:931][  0]LogLinker: Warning: Can't find file '/Game/Ailleurs/Blueprints/Boules/Bleu/Boule_Bleu_Gros'
[2019.07.14-19.47.14:931][  0]LogLinker: Warning: Can't find file for asset '/Game/Ailleurs/Blueprints/Boules/Bleu/Boule_Bleu_Gros' while loading NULL.
[2019.07.14-19.47.14:934][  0]LogLinker: Warning: Can't find file '/Game/Ailleurs/Blueprints/Boules/Bleu/Boule_Bleu_Gros'
[2019.07.14-19.47.14:934][  0]LogLinker: Warning: Can't find file for asset '/Game/Ailleurs/Blueprints/Boules/Bleu/Boule_Bleu_Gros' while loading NULL.
[2019.07.14-19.47.14:934][  0]LogLinker: Warning: Can't find file '/Game/Ailleurs/Blueprints/Boules/Bleu/Boule_Bleu_Gros'
[2019.07.14-19.47.14:934][  0]LoadErrors: Failed to load /Game/Ailleurs/Blueprints/Boules/Bleu/Boule_Bleu_Gros.Boule_Bleu_Gros_C Referenced by Default__Niveau_C
[2019.07.14-19.47.14:934][  0]LogLinker: Warning: Can't find file for asset '/Game/Ailleurs/Blueprints/Boules/Bleu/Boule_Bleu_Gros' while loading NULL.
[2019.07.14-19.47.14:934][  0]LoadErrors: Failed to load /Game/Ailleurs/Blueprints/Boules/Bleu/Boule_Bleu_Gros.Boule_Bleu_Gros_C Referenced by Default__Niveau_C
[2019.07.14-19.47.14:971][  0]LogLinker: Warning: Can't find file '/Game/Ailleurs/Blueprints/Boules/Bleu/Boule_Bleu_Gros'
[2019.07.14-19.47.14:971][  0]LoadErrors: Failed to load /Game/Ailleurs/Blueprints/Boules/Bleu/Boule_Bleu_Gros.Boule_Bleu_Gros_C Referenced by K2Node_Literal_91
[2019.07.14-19.47.14:971][  0]LogLinker: Warning: Can't find file for asset '/Game/Ailleurs/Blueprints/Boules/Bleu/Boule_Bleu_Gros' while loading NULL.
[2019.07.14-19.47.14:971][  0]LoadErrors: Failed to load /Game/Ailleurs/Blueprints/Boules/Bleu/Boule_Bleu_Gros.Boule_Bleu_Gros_C Referenced by K2Node_Literal_91
[2019.07.14-19.47.14:971][  0]LogLinker: Warning: Can't find file '/Game/Ailleurs/Blueprints/Boules/Bleu/Boule_Bleu_Gros'
[2019.07.14-19.47.14:971][  0]LoadErrors: Failed to load /Game/Ailleurs/Blueprints/Boules/Bleu/Boule_Bleu_Gros.Boule_Bleu_Gros_C Referenced by K2Node_Literal_90
[2019.07.14-19.47.14:971][  0]LogLinker: Warning: Can't find file for asset '/Game/Ailleurs/Blueprints/Boules/Bleu/Boule_Bleu_Gros' while loading NULL.
[2019.07.14-19.47.14:971][  0]LoadErrors: Failed to load /Game/Ailleurs/Blueprints/Boules/Bleu/Boule_Bleu_Gros.Boule_Bleu_Gros_C Referenced by K2Node_Literal_90
[2019.07.14-19.47.14:971][  0]LogLinker: Warning: Can't find file '/Game/Ailleurs/Blueprints/Boules/Bleu/Boule_Bleu_Gros'
[2019.07.14-19.47.14:971][  0]LoadErrors: Failed to load /Game/Ailleurs/Blueprints/Boules/Bleu/Boule_Bleu_Gros.Boule_Bleu_Gros_C Referenced by K2Node_VariableGet_69
[2019.07.14-19.47.14:972][  0]LogLinker: Warning: Can't find file for asset '/Game/Ailleurs/Blueprints/Boules/Bleu/Boule_Bleu_Gros' while loading NULL.
[2019.07.14-19.47.14:972][  0]LoadErrors: Failed to load /Game/Ailleurs/Blueprints/Boules/Bleu/Boule_Bleu_Gros.Boule_Bleu_Gros_C Referenced by K2Node_VariableGet_69
[2019.07.14-19.47.14:972][  0]LogLinker: Warning: Can't find file '/Game/Ailleurs/Blueprints/Boules/Bleu/Boule_Bleu_Gros'
[2019.07.14-19.47.14:972][  0]LoadErrors: Failed to load /Game/Ailleurs/Blueprints/Boules/Bleu/Boule_Bleu_Gros.Boule_Bleu_Gros_C Referenced by K2Node_VariableGet_69
[2019.07.14-19.47.14:972][  0]LogLinker: Warning: Can't find file for asset '/Game/Ailleurs/Blueprints/Boules/Bleu/Boule_Bleu_Gros' while loading NULL.
[2019.07.14-19.47.14:972][  0]LoadErrors: Failed to load /Game/Ailleurs/Blueprints/Boules/Bleu/Boule_Bleu_Gros.Boule_Bleu_Gros_C Referenced by K2Node_VariableGet_69
[2019.07.14-19.47.15:030][  0]LogBlueprint: Warning: [Compiler PersistentLevel.Niveau_1] Could not find a variable named "StaticMesh" in 'Niveau_1'.
Make sure 'Niveau_1' has been compiled for  Get StaticMesh
[2019.07.14-19.47.15:052][  0]LogBlueprint: Warning: [Compiler PersistentLevel.Niveau_1] Node  Unknown  is not referencing a valid level actor
[2019.07.14-19.47.15:052][  0]LogBlueprint: Warning: [Compiler PersistentLevel.Niveau_1] Node  Unknown  is not referencing a valid level actor
[2019.07.14-19.47.15:052][  0]LogBlueprint: Error: [Compiler PersistentLevel.Niveau_1] The property associated with  Static Mesh  could not be found in '/Game/Ailleurs/Maps/Niveau_1.Niveau_C'
[2019.07.14-19.47.15:060][  0]LogBlueprint: Warning: [Compiler PersistentLevel.Niveau_1] [0006,42] Compile of PersistentLevel.Niveau_1 failed. 1 Fatal Issue(s) 3 Warning(s) [in 84 ms] (/Game/Ailleurs/Maps/Niveau_1.Niveau_1:PersistentLevel.Niveau_1)
[2019.07.14-19.47.15:792][  0]LogLinker: Warning: The file '../../../../../../Documents/Unreal Projects/Ailleurs/Ailleurs(fonctionne)/Content/StarterContent/Materials/M_Basic_Wall.uasset' contains unrecognizable data, check that it is of the expected type.
[2019.07.14-19.47.15:793][  0]LogLinker: Warning: The file '../../../../../../Documents/Unreal Projects/Ailleurs/Ailleurs(fonctionne)/Content/StarterContent/Materials/M_Basic_Wall.uasset' contains unrecognizable data, check that it is of the expected type.
[2019.07.14-19.47.15:793][  0]LogLinker: Warning: The file '../../../../../../Documents/Unreal Projects/Ailleurs/Ailleurs(fonctionne)/Content/StarterContent/Materials/M_Basic_Wall.uasset' contains unrecognizable data, check that it is of the expected type.
[2019.07.14-19.47.15:794][  0]LogLinker: Warning: The file '../../../../../../Documents/Unreal Projects/Ailleurs/Ailleurs(fonctionne)/Content/StarterContent/Materials/M_Basic_Wall.uasset' contains unrecognizable data, check that it is of the expected type.
[2019.07.14-19.47.15:794][  0]LogLinker: Warning: The file '../../../../../../Documents/Unreal Projects/Ailleurs/Ailleurs(fonctionne)/Content/StarterContent/Materials/M_Basic_Wall.uasset' contains unrecognizable data, check that it is of the expected type.
[2019.07.14-19.47.15:795][  0]LogLinker: Warning: The file '../../../../../../Documents/Unreal Projects/Ailleurs/Ailleurs(fonctionne)/Content/StarterContent/Materials/M_Basic_Wall.uasset' contains unrecognizable data, check that it is of the expected type.
[2019.07.14-19.47.15:795][  0]LogLinker: Warning: The file '../../../../../../Documents/Unreal Projects/Ailleurs/Ailleurs(fonctionne)/Content/StarterContent/Materials/M_Basic_Wall.uasset' contains unrecognizable data, check that it is of the expected type.
[2019.07.14-19.47.15:796][  0]LogLinker: Warning: The file '../../../../../../Documents/Unreal Projects/Ailleurs/Ailleurs(fonctionne)/Content/StarterContent/Materials/M_Basic_Wall.uasset' contains unrecognizable data, check that it is of the expected type.
[2019.07.14-19.47.15:809][  0]LogLinker: Warning: The file '../../../../../../Documents/Unreal Projects/Ailleurs/Ailleurs(fonctionne)/Content/StarterContent/Materials/M_Basic_Wall.uasset' contains unrecognizable data, check that it is of the expected type.
[2019.07.14-19.47.15:810][  0]LogLinker: Warning: The file '../../../../../../Documents/Unreal Projects/Ailleurs/Ailleurs(fonctionne)/Content/StarterContent/Materials/M_Basic_Wall.uasset' contains unrecognizable data, check that it is of the expected type.
[2019.07.14-19.47.15:810][  0]LogLinker: Warning: The file '../../../../../../Documents/Unreal Projects/Ailleurs/Ailleurs(fonctionne)/Content/StarterContent/Materials/M_Basic_Wall.uasset' contains unrecognizable data, check that it is of the expected type.
[2019.07.14-19.47.15:810][  0]LogLinker: Warning: The file '../../../../../../Documents/Unreal Projects/Ailleurs/Ailleurs(fonctionne)/Content/StarterContent/Materials/M_Basic_Wall.uasset' contains unrecognizable data, check that it is of the expected type.
[2019.07.14-19.47.15:811][  0]LogLinker: Warning: The file '../../../../../../Documents/Unreal Projects/Ailleurs/Ailleurs(fonctionne)/Content/StarterContent/Materials/M_Basic_Wall.uasset' contains unrecognizable data, check that it is of the expected type.
[2019.07.14-19.47.15:811][  0]LogLinker: Warning: The file '../../../../../../Documents/Unreal Projects/Ailleurs/Ailleurs(fonctionne)/Content/StarterContent/Materials/M_Basic_Wall.uasset' contains unrecognizable data, check that it is of the expected type.
[2019.07.14-19.47.15:812][  0]LogLinker: Warning: The file '../../../../../../Documents/Unreal Projects/Ailleurs/Ailleurs(fonctionne)/Content/StarterContent/Materials/M_Basic_Wall.uasset' contains unrecognizable data, check that it is of the expected type.
[2019.07.14-19.47.15:812][  0]LogLinker: Warning: The file '../../../../../../Documents/Unreal Projects/Ailleurs/Ailleurs(fonctionne)/Content/StarterContent/Materials/M_Basic_Wall.uasset' contains unrecognizable data, check that it is of the expected type.
[2019.07.14-19.47.16:220][  0]LogAIModule: Creating AISystem for world Niveau_1
[2019.07.14-19.47.16:361][  0]LogEditorServer: Finished looking for orphan Actors (0.000 secs)
[2019.07.14-19.47.16:403][  0]Cmd: MAP CHECKDEP NOCLEARLOG
[2019.07.14-19.47.16:492][  0]MapCheck: Map check complete: 0 Error(s), 0 Warning(s), took 89,323ms to complete.
[2019.07.14-19.47.16:492][  0]LogFileHelpers: Loading map 'Niveau_1' took 1.965
[2019.07.14-19.47.16:590][  0]LogSlate: Updating window title bar state: overlay mode, drag disabled, window buttons hidden, title bar hidden
[2019.07.14-19.47.16:597][  0]LogSlate: Updating window title bar state: overlay mode, drag disabled, window buttons hidden, title bar hidden
[2019.07.14-19.47.16:606][  0]LogSlate: Updating window title bar state: overlay mode, drag disabled, window buttons hidden, title bar hidden
[2019.07.14-19.47.16:613][  0]LogSlate: Updating window title bar state: overlay mode, drag disabled, window buttons hidden, title bar hidden
[2019.07.14-19.47.16:765][  0]LogCollectionManager: Loaded 0 collections in 0.001933 seconds
[2019.07.14-19.47.16:805][  0]LogFileCache: Scanning file cache for directory 'C:/Documents/Unreal Projects/Ailleurs/Ailleurs(fonctionne)/Saved/Collections/' took 0.01s
[2019.07.14-19.47.16:805][  0]LogFileCache: Scanning file cache for directory 'C:/Documents/Unreal Projects/Ailleurs/Ailleurs(fonctionne)/Content/Developers/Ulysse/Collections/' took 0.01s
[2019.07.14-19.47.16:805][  0]LogFileCache: Scanning file cache for directory 'C:/Documents/Unreal Projects/Ailleurs/Ailleurs(fonctionne)/Content/Collections/' took 0.01s
[2019.07.14-19.47.16:805][  0]LogCollectionManager: Rebuilt the GUID cache for 0 collections in 0.000000 seconds
[2019.07.14-19.47.16:813][  0]LogContentBrowser: Native class hierarchy populated in 0.0074 seconds. Added 2582 classes and 610 folders.
[2019.07.14-19.47.16:819][  0]LogContentBrowser: Native class hierarchy updated for 'WidgetCarousel' in 0.0002 seconds. Added 0 classes and 0 folders.
[2019.07.14-19.47.16:880][  0]LogContentBrowser: Native class hierarchy updated for 'AddContentDialog' in 0.0002 seconds. Added 0 classes and 0 folders.
[2019.07.14-19.47.16:891][  0]LogSlate: Took 0.000223 seconds to synchronously load lazily loaded font '../../../Engine/Content/Slate/Fonts/Roboto-Regular.ttf' (155K)
[2019.07.14-19.47.16:892][  0]LogSlate: Took 0.000206 seconds to synchronously load lazily loaded font '../../../Engine/Content/Slate/Fonts/Roboto-Bold.ttf' (160K)
[2019.07.14-19.47.16:897][  0]LogSlate: Took 0.000195 seconds to synchronously load lazily loaded font '../../../Engine/Content/Editor/Slate/Fonts/FontAwesome.ttf' (139K)
[2019.07.14-19.47.16:945][  0]LogRenderer: Reallocating scene render targets to support 1236x924 Format 10 NumSamples 1 (Frame:1).
[2019.07.14-19.47.17:070][  0]LogContentBrowser: Native class hierarchy updated for 'HierarchicalLODOutliner' in 0.0002 seconds. Added 0 classes and 0 folders.
[2019.07.14-19.47.17:070][  0]LogLoad: (Engine Initialization) Total time: 8.43 seconds
[2019.07.14-19.47.17:070][  0]LogLoad: (Engine Initialization) Total Blueprint compile time: 0.00 seconds
[2019.07.14-19.47.17:080][  0]LogWindowsTextInputMethodSystem: Display: IME system now deactivated.
[2019.07.14-19.47.17:080][  0]LoadErrors: Warning: CreateExport: Failed to load Outer for resource 'Audio': Boule_Bleu_Gros_C /Game/Ailleurs/Maps/Niveau_1.Niveau_1:PersistentLevel.Boule_Bleu_Gros_2
[2019.07.14-19.47.17:080][  0]LoadErrors: Warning: CreateExport: Failed to load Outer for resource 'Aura_Lumière': Boule_Bleu_Gros_C /Game/Ailleurs/Maps/Niveau_1.Niveau_1:PersistentLevel.Boule_Bleu_Gros_2
[2019.07.14-19.47.17:080][  0]LoadErrors: Warning: CreateExport: Failed to load Outer for resource 'petites_lumieres': Boule_Bleu_Gros_C /Game/Ailleurs/Maps/Niveau_1.Niveau_1:PersistentLevel.Boule_Bleu_Gros_2
[2019.07.14-19.47.17:080][  0]LoadErrors: Warning: CreateExport: Failed to load Outer for resource 'traits': Boule_Bleu_Gros_C /Game/Ailleurs/Maps/Niveau_1.Niveau_1:PersistentLevel.Boule_Bleu_Gros_2
[2019.07.14-19.47.17:080][  0]LoadErrors: Warning: CreateExport: Failed to load Outer for resource 'PointLight': Boule_Bleu_Gros_C /Game/Ailleurs/Maps/Niveau_1.Niveau_1:PersistentLevel.Boule_Bleu_Gros_2
[2019.07.14-19.47.17:080][  0]LoadErrors: Warning: CreateExport: Failed to load Outer for resource 'StaticMesh': Boule_Bleu_Gros_C /Game/Ailleurs/Maps/Niveau_1.Niveau_1:PersistentLevel.Boule_Bleu_Gros_2
[2019.07.14-19.47.17:101][  0]LogContentStreaming: Texture pool size now 1000 MB
[2019.07.14-19.47.17:108][  0]LogSlate: FSceneViewport::OnFocusLost() reason 2
[2019.07.14-19.47.17:243][  2]LogAssetRegistry: Asset discovery search completed in 5.4454 seconds
[2019.07.14-19.47.17:245][  2]LogCollectionManager: Rebuilt the object cache for 0 collections in 0.000000 seconds (found 0 objects)
[2019.07.14-19.47.17:245][  2]LogCollectionManager: Fixed up redirectors for 0 collections in 0.000045 seconds (updated 0 objects)
[2019.07.14-19.47.18:184][ 95]LogSlate: Took 0.000234 seconds to synchronously load lazily loaded font '../../../Engine/Content/Slate/Fonts/Roboto-Light.ttf' (167K)
[2019.07.14-19.47.18:189][ 95]LogAssetEditorManager: Opening Asset editor for Blueprint /Game/Ailleurs/Blueprints/Boules/Boule_base.Boule_base
[2019.07.14-19.47.18:549][ 95]LogLinker: Warning: Can't find file '/Game/ExampleContent/BlueprintFluidSurface/Height0'
[2019.07.14-19.47.18:549][ 95]LogLinker: Warning: Can't find file '/Game/ExampleContent/BlueprintFluidSurface/Height0'
[2019.07.14-19.47.18:549][ 95]LogUObjectGlobals: Warning: Failed to find object 'Object /Game/ExampleContent/BlueprintFluidSurface/Height0.Height0'
[2019.07.14-19.47.18:549][ 95]LogLinker: Warning: Can't find file '/Game/ExampleContent/BlueprintFluidSurface/Height2'
[2019.07.14-19.47.18:549][ 95]LogLinker: Warning: Can't find file '/Game/ExampleContent/BlueprintFluidSurface/Height2'
[2019.07.14-19.47.18:549][ 95]LogUObjectGlobals: Warning: Failed to find object 'Object /Game/ExampleContent/BlueprintFluidSurface/Height2.Height2'
[2019.07.14-19.47.18:549][ 95]LogLinker: Warning: Can't find file '/Game/ExampleContent/BlueprintFluidSurface/Height1'
[2019.07.14-19.47.18:550][ 95]LogLinker: Warning: Can't find file '/Game/ExampleContent/BlueprintFluidSurface/Height1'
[2019.07.14-19.47.18:550][ 95]LogUObjectGlobals: Warning: Failed to find object 'Object /Game/ExampleContent/BlueprintFluidSurface/Height1.Height1'
[2019.07.14-19.47.19:098][ 95]LogContentBrowser: Native class hierarchy updated for 'BlueprintGraph' in 0.0005 seconds. Added 116 classes and 0 folders.
[2019.07.14-19.47.19:718][ 95]LogAssetEditorManager: Opening Asset editor for ParticleSystem /Game/Ailleurs/Blueprints/Boules/Aura_Lumière_base.Aura_Lumière_base
[2019.07.14-19.47.19:725][ 95]LogContentBrowser: Native class hierarchy updated for 'Cascade' in 0.0003 seconds. Added 2 classes and 2 folders.
[2019.07.14-19.47.19:822][ 95]LogAssetEditorManager: Opening Asset editor for Material /Game/Ailleurs/Textures/Aura_lumière_Master.Aura_lumière_Master
[2019.07.14-19.47.19:825][ 95]LogMaterial: Display: Missing cached shader map for material Aura_lumière_Master, compiling. 
[2019.07.14-19.47.20:053][ 95]LogMaterial: Display: Missing cached shader map for material Aura_lumière_Master, compiling. 
[2019.07.14-19.47.20:060][ 95]LogMaterial: Display: Missing cached shader map for material Aura_lumière_Master, compiling. 
[2019.07.14-19.47.20:071][ 95]LogShaderCompilers: Display: Shaders left to compile 10
[2019.07.14-19.47.20:071][ 95]LogShaderCompilers: Display: Shaders left to compile 9
[2019.07.14-19.47.20:071][ 95]LogShaderCompilers: Display: Shaders left to compile 8
[2019.07.14-19.47.20:096][ 95]LogMaterial: Display: Missing cached shader map for material FMatExpressionPreview MaterialExpressionTextureSampleParameter2D_3, compiling. 
[2019.07.14-19.47.20:100][ 95]LogMaterial: Display: Missing cached shader map for material FMatExpressionPreview MaterialExpressionCollectionParameter_0, compiling. 
[2019.07.14-19.47.20:135][ 95]LogAssetEditorManager: Opening Asset editor for MaterialParameterCollection /Game/Ailleurs/Autres/Boules_ParameterCollection1.Boules_ParameterCollection1
[2019.07.14-19.47.20:823][168]LogShaderCompilers: Display: Shaders left to compile 11
[2019.07.14-19.47.20:969][184]LogShaderCompilers: Display: Shaders left to compile 10
[2019.07.14-19.47.20:977][185]LogShaderCompilers: Display: Shaders left to compile 9
[2019.07.14-19.47.21:191][210]LogShaderCompilers: Display: Shaders left to compile 8
[2019.07.14-19.47.21:225][214]LogShaderCompilers: Display: Shaders left to compile 7
[2019.07.14-19.47.21:381][231]LogShaderCompilers: Display: Shaders left to compile 6
[2019.07.14-19.47.21:877][284]LogShaderCompilers: Display: Shaders left to compile 5
[2019.07.14-19.47.21:877][284]LogShaderCompilers: Display: Shaders left to compile 4
[2019.07.14-19.47.22:455][345]LogShaderCompilers: Display: Shaders left to compile 3
[2019.07.14-19.47.22:590][360]LogShaderCompilers: Display: Shaders left to compile 2
[2019.07.14-19.47.22:684][370]LogShaderCompilers: Display: Shaders left to compile 1
[2019.07.14-19.47.22:688][370]MaterialEditorStats: Base pass shader without light map: 44 instructions
[2019.07.14-19.47.22:688][370]MaterialEditorStats: Base pass vertex shader: 129 instructions
[2019.07.14-19.47.22:688][370]MaterialEditorStats: Texture samplers: 3/16
[2019.07.14-19.47.22:688][370]MaterialEditorStats: Texture Lookups (Est.): VS(0), PS(1)
[2019.07.14-19.47.22:688][370]MaterialEditorStats: User interpolators: 2/4 Scalars (1/4 Vectors) (TexCoords: 2, Custom: 0)
[2019.07.14-19.47.23:389][435]LogSlate: FSceneViewport::OnFocusLost() reason 2
[2019.07.14-19.47.38:794][274]LogSlate: FSceneViewport::OnFocusLost() reason 2
[2019.07.14-19.47.39:185][320]LogSlate: FSceneViewport::OnFocusLost() reason 2
[2019.07.14-19.47.39:660][376]LogSlate: FSceneViewport::OnFocusLost() reason 2
[2019.07.14-19.47.39:945][409]LogSlate: FSceneViewport::OnFocusLost() reason 2
[2019.07.14-19.47.40:412][464]LogSlate: FSceneViewport::OnFocusLost() reason 2
[2019.07.14-19.48.18:701][563]LogSlate: FSceneViewport::OnFocusLost() reason 0
[2019.07.14-19.48.18:940][574]LogCascade: Quitting Cascade. FXSystem=0x00000227568C6E80
[2019.07.14-19.48.19:119][574]LogSlate: Window 'Message Log' being destroyed
[2019.07.14-19.48.19:121][574]LogSlate: Window 'Content Browser' being destroyed
[2019.07.14-19.48.19:124][574]LogSlate: Window 'Ailleurs - Unreal Editor' being destroyed
[2019.07.14-19.48.19:125][574]LogWindowsTextInputMethodSystem: Display: IME system now deactivated.
[2019.07.14-19.48.19:311][575]Cmd: QUIT_EDITOR
[2019.07.14-19.48.19:332][575]LogExit: Preparing to exit.
[2019.07.14-19.48.20:523][575]LogExit: Editor shut down
[2019.07.14-19.48.20:523][575]LogExit: Transaction tracking system shut down
[2019.07.14-19.48.21:217][575]LogExit: Object subsystem successfully closed.
[2019.07.14-19.48.21:236][575]LogShaderCompilers: Display: Shaders left to compile 0
[2019.07.14-19.48.21:237][575]LogD3D11RHI: Shutdown
[2019.07.14-19.48.21:237][575]LogD3D11RHI: CleanupD3DDevice
[2019.07.14-19.48.21:239][575]LogD3D11RHI: ~FD3D11DynamicRHI
[2019.07.14-19.48.21:253][575]LogModuleManager: Shutting down and abandoning module DistCurveEditor (620)
[2019.07.14-19.48.21:253][575]LogModuleManager: Shutting down and abandoning module Cascade (618)
[2019.07.14-19.48.21:253][575]LogModuleManager: Shutting down and abandoning module BlueprintGraph (616)
[2019.07.14-19.48.21:253][575]LogModuleManager: Shutting down and abandoning module HierarchicalLODOutliner (614)
[2019.07.14-19.48.21:253][575]LogModuleManager: Shutting down and abandoning module AddContentDialog (612)
[2019.07.14-19.48.21:254][575]LogModuleManager: Shutting down and abandoning module WidgetCarousel (611)
[2019.07.14-19.48.21:254][575]LogModuleManager: Shutting down and abandoning module EditorWidgets (608)
[2019.07.14-19.48.21:254][575]LogModuleManager: Shutting down and abandoning module CollectionManager (606)
[2019.07.14-19.48.21:254][575]LogModuleManager: Shutting down and abandoning module SceneOutliner (604)
[2019.07.14-19.48.21:254][575]LogModuleManager: Shutting down and abandoning module StatsViewer (602)
[2019.07.14-19.48.21:254][575]LogModuleManager: Shutting down and abandoning module FoliageEdit (600)
[2019.07.14-19.48.21:254][575]LogModuleManager: Shutting down and abandoning module LandscapeEditor (598)
[2019.07.14-19.48.21:254][575]LogModuleManager: Shutting down and abandoning module MeshPaintMode (596)
[2019.07.14-19.48.21:254][575]LogModuleManager: Shutting down and abandoning module SceneDepthPickerMode (594)
[2019.07.14-19.48.21:254][575]LogModuleManager: Shutting down and abandoning module ActorPickerMode (592)
[2019.07.14-19.48.21:254][575]LogModuleManager: Shutting down and abandoning module GeometryMode (590)
[2019.07.14-19.48.21:254][575]LogModuleManager: Shutting down and abandoning module TextureAlignMode (588)
[2019.07.14-19.48.21:254][575]LogModuleManager: Shutting down and abandoning module BspMode (586)
[2019.07.14-19.48.21:254][575]LogModuleManager: Shutting down and abandoning module PIEPreviewDeviceProfileSelector (584)
[2019.07.14-19.48.21:254][575]LogModuleManager: Shutting down and abandoning module SequenceRecorderSections (582)
[2019.07.14-19.48.21:254][575]LogModuleManager: Shutting down and abandoning module AutomationWorker (580)
[2019.07.14-19.48.21:254][575]LogModuleManager: Shutting down and abandoning module AudioCaptureEditor (578)
[2019.07.14-19.48.21:254][575]LogModuleManager: Shutting down and abandoning module SequenceRecorder (577)
[2019.07.14-19.48.21:254][575]LogModuleManager: Shutting down and abandoning module MatineeToLevelSequence (574)
[2019.07.14-19.48.21:254][575]LogModuleManager: Shutting down and abandoning module LevelSequenceEditor (572)
[2019.07.14-19.48.21:254][575]LogModuleManager: Shutting down and abandoning module PlacementMode (571)
[2019.07.14-19.48.21:254][575]LogModuleManager: Shutting down and abandoning module MaterialEditor (570)
[2019.07.14-19.48.21:254][575]LogModuleManager: Shutting down and abandoning module WmfMediaFactory (566)
[2019.07.14-19.48.21:254][575]LogModuleManager: Shutting down and abandoning module WmfMediaEditor (564)
[2019.07.14-19.48.21:254][575]LogModuleManager: Shutting down and abandoning module MediaPlayerEditor (562)
[2019.07.14-19.48.21:254][575]LogModuleManager: Shutting down and abandoning module OpenExrWrapper (560)
[2019.07.14-19.48.21:254][575]LogModuleManager: Shutting down and abandoning module ImgMediaFactory (558)
[2019.07.14-19.48.21:254][575]LogModuleManager: Shutting down and abandoning module ImgMediaEditor (556)
[2019.07.14-19.48.21:254][575]LogModuleManager: Shutting down and abandoning module AvfMediaFactory (554)
[2019.07.14-19.48.21:254][575]LogModuleManager: Shutting down and abandoning module AvfMediaEditor (552)
[2019.07.14-19.48.21:254][575]LogModuleManager: Shutting down and abandoning module AndroidMediaFactory (550)
[2019.07.14-19.48.21:254][575]LogModuleManager: Shutting down and abandoning module AndroidMediaEditor (548)
[2019.07.14-19.48.21:254][575]LogModuleManager: Shutting down and abandoning module MagicLeapCameraPreviewFactory (546)
[2019.07.14-19.48.21:254][575]LogModuleManager: Shutting down and abandoning module MagicLeapMediaFactory (544)
[2019.07.14-19.48.21:254][575]LogModuleManager: Shutting down and abandoning module MagicLeapMediaEditor (542)
[2019.07.14-19.48.21:254][575]LogModuleManager: Shutting down and abandoning module CharacterAI (540)
[2019.07.14-19.48.21:254][575]LogModuleManager: Shutting down and abandoning module SmartSnapping (538)
[2019.07.14-19.48.21:254][575]LogModuleManager: Shutting down and abandoning module SessionServices (536)
[2019.07.14-19.48.21:254][575]LogModuleManager: Shutting down and abandoning module ViewportSnapping (534)
[2019.07.14-19.48.21:254][575]LogModuleManager: Shutting down and abandoning module ViewportInteraction (532)
[2019.07.14-19.48.21:254][575]LogModuleManager: Shutting down and abandoning module ClothPainter (530)
[2019.07.14-19.48.21:254][575]LogModuleManager: Shutting down and abandoning module SkeletalMeshEditor (529)
[2019.07.14-19.48.21:254][575]LogModuleManager: Shutting down and abandoning module LogVisualizer (526)
[2019.07.14-19.48.21:255][575]LogModuleManager: Shutting down and abandoning module IntroTutorials (524)
[2019.07.14-19.48.21:255][575]LogModuleManager: Shutting down and abandoning module GameProjectGeneration (523)
[2019.07.14-19.48.21:255][575]LogModuleManager: Shutting down and abandoning module LuminPlatformEditor (520)
[2019.07.14-19.48.21:255][575]LogModuleManager: Shutting down and abandoning module IOSPlatformEditor (518)
[2019.07.14-19.48.21:255][575]LogModuleManager: Shutting down and abandoning module HTML5PlatformEditor (516)
[2019.07.14-19.48.21:255][575]LogModuleManager: Shutting down and abandoning module AndroidPlatformEditor (514)
[2019.07.14-19.48.21:255][575]LogModuleManager: Shutting down and abandoning module AndroidDeviceDetection (513)
[2019.07.14-19.48.22:261][575]LogModuleManager: Shutting down and abandoning module WindowsPlatformEditor (510)
[2019.07.14-19.48.22:261][575]LogModuleManager: Shutting down and abandoning module LuminRuntimeSettings (508)
[2019.07.14-19.48.22:261][575]LogModuleManager: Shutting down and abandoning module IOSRuntimeSettings (506)
[2019.07.14-19.48.22:261][575]LogModuleManager: Shutting down and abandoning module AndroidRuntimeSettings (504)
[2019.07.14-19.48.22:261][575]LogModuleManager: Shutting down and abandoning module InputBindingEditor (502)
[2019.07.14-19.48.22:261][575]LogModuleManager: Shutting down and abandoning module MergeActors (500)
[2019.07.14-19.48.22:261][575]LogModuleManager: Shutting down and abandoning module LocalizationDashboard (498)
[2019.07.14-19.48.22:261][575]LogModuleManager: Shutting down and abandoning module LocalizationService (497)
[2019.07.14-19.48.22:261][575]LogModuleManager: Shutting down and abandoning module HardwareTargeting (494)
[2019.07.14-19.48.22:261][575]LogModuleManager: Shutting down and abandoning module DeviceProfileEditor (492)
[2019.07.14-19.48.22:261][575]LogModuleManager: Shutting down and abandoning module UndoHistory (490)
[2019.07.14-19.48.22:261][575]LogModuleManager: Shutting down and abandoning module XmlParser (488)
[2019.07.14-19.48.22:261][575]LogModuleManager: Shutting down and abandoning module Blutility (486)
[2019.07.14-19.48.22:261][575]LogModuleManager: Shutting down and abandoning module ProjectSettingsViewer (484)
[2019.07.14-19.48.22:261][575]LogModuleManager: Shutting down and abandoning module ProjectTargetPlatformEditor (483)
[2019.07.14-19.48.22:261][575]LogModuleManager: Shutting down and abandoning module EditorSettingsViewer (480)
[2019.07.14-19.48.22:261][575]LogModuleManager: Shutting down and abandoning module SettingsEditor (478)
[2019.07.14-19.48.22:262][575]LogModuleManager: Shutting down and abandoning module ProjectLauncher (476)
[2019.07.14-19.48.22:262][575]LogModuleManager: Shutting down and abandoning module SessionFrontend (474)
[2019.07.14-19.48.22:262][575]LogModuleManager: Shutting down and abandoning module ProfilerClient (472)
[2019.07.14-19.48.22:262][575]LogModuleManager: Shutting down and abandoning module DeviceManager (470)
[2019.07.14-19.48.22:262][575]LogModuleManager: Shutting down and abandoning module TargetDeviceServices (469)
[2019.07.14-19.48.22:317][575]LogModuleManager: Shutting down and abandoning module AutomationController (466)
[2019.07.14-19.48.22:317][575]LogModuleManager: Shutting down and abandoning module AutomationWindow (464)
[2019.07.14-19.48.22:317][575]LogModuleManager: Shutting down and abandoning module Layers (462)
[2019.07.14-19.48.22:317][575]LogModuleManager: Shutting down and abandoning module ComponentVisualizers (460)
[2019.07.14-19.48.22:317][575]LogModuleManager: Shutting down and abandoning module DetailCustomizations (458)
[2019.07.14-19.48.22:317][575]LogModuleManager: Shutting down and abandoning module PackagesDialog (456)
[2019.07.14-19.48.22:317][575]LogModuleManager: Shutting down and abandoning module Persona (454)
[2019.07.14-19.48.22:317][575]LogModuleManager: Shutting down and abandoning module AdvancedPreviewScene (453)
[2019.07.14-19.48.22:317][575]LogModuleManager: Shutting down and abandoning module AnimGraph (451)
[2019.07.14-19.48.22:317][575]LogModuleManager: Shutting down and abandoning module Kismet (448)
[2019.07.14-19.48.22:321][575]LogModuleManager: Shutting down and abandoning module GraphEditor (446)
[2019.07.14-19.48.22:321][575]LogModuleManager: Shutting down and abandoning module ClassViewer (444)
[2019.07.14-19.48.22:321][575]LogModuleManager: Shutting down and abandoning module Toolbox (442)
[2019.07.14-19.48.22:321][575]LogModuleManager: Shutting down and abandoning module ModuleUI (440)
[2019.07.14-19.48.22:321][575]LogModuleManager: Shutting down and abandoning module MovieSceneTools (438)
[2019.07.14-19.48.22:321][575]LogModuleManager: Shutting down and abandoning module OutputLog (436)
[2019.07.14-19.48.22:321][575]LogModuleManager: Shutting down and abandoning module GammaUI (434)
[2019.07.14-19.48.22:321][575]LogModuleManager: Shutting down and abandoning module Documentation (432)
[2019.07.14-19.48.22:321][575]LogModuleManager: Shutting down and abandoning module MovieSceneTracks (430)
[2019.07.14-19.48.22:321][575]LogModuleManager: Shutting down and abandoning module MovieScene (428)
[2019.07.14-19.48.22:321][575]LogModuleManager: Shutting down and abandoning module StreamingPauseRendering (426)
[2019.07.14-19.48.22:321][575]LogModuleManager: Shutting down and abandoning module LauncherPlatform (424)
[2019.07.14-19.48.22:321][575]LogModuleManager: Shutting down and abandoning module AnalyticsET (422)
[2019.07.14-19.48.22:322][575]LogModuleManager: Shutting down and abandoning module PortalServices (420)
[2019.07.14-19.48.22:322][575]LogModuleManager: Shutting down and abandoning module PortalRpc (418)
[2019.07.14-19.48.22:322][575]LogModuleManager: Shutting down and abandoning module MessagingRpc (416)
[2019.07.14-19.48.22:322][575]LogModuleManager: Shutting down and abandoning module AIModule (414)
[2019.07.14-19.48.22:322][575]LogModuleManager: Shutting down and abandoning module GameplayDebugger (413)
[2019.07.14-19.48.22:322][575]LogModuleManager: Shutting down and abandoning module AITestSuite (411)
[2019.07.14-19.48.22:322][575]LogModuleManager: Shutting down and abandoning module NavigationSystem (409)
[2019.07.14-19.48.22:322][575]LogModuleManager: Shutting down and abandoning module DesktopPlatform (406)
[2019.07.14-19.48.22:322][575]LogModuleManager: Shutting down and abandoning module ProfilerService (404)
[2019.07.14-19.48.22:479][575]LogModuleManager: Shutting down and abandoning module TaskGraph (402)
[2019.07.14-19.48.22:479][575]LogModuleManager: Shutting down and abandoning module SteamVRController (400)
[2019.07.14-19.48.22:479][575]LogModuleManager: Shutting down and abandoning module ProceduralMeshComponentEditor (398)
[2019.07.14-19.48.22:479][575]LogModuleManager: Shutting down and abandoning module ProceduralMeshComponent (396)
[2019.07.14-19.48.22:479][575]LogModuleManager: Shutting down and abandoning module OculusInput (394)
[2019.07.14-19.48.22:479][575]LogModuleManager: Shutting down and abandoning module MobilePatchingUtils (392)
[2019.07.14-19.48.22:479][575]LogModuleManager: Shutting down and abandoning module EditableMesh (390)
[2019.07.14-19.48.22:479][575]LogModuleManager: Shutting down and abandoning module CustomMeshComponent (388)
[2019.07.14-19.48.22:479][575]LogModuleManager: Shutting down and abandoning module CableComponent (386)
[2019.07.14-19.48.22:479][575]LogModuleManager: Shutting down and abandoning module AudioCapture (384)
[2019.07.14-19.48.22:479][575]LogModuleManager: Shutting down and abandoning module ArchVisCharacter (382)
[2019.07.14-19.48.22:479][575]LogModuleManager: Shutting down and abandoning module AndroidPermission (380)
[2019.07.14-19.48.22:479][575]LogModuleManager: Shutting down and abandoning module NUTUnrealEngine4 (378)
[2019.07.14-19.48.22:479][575]LogModuleManager: Shutting down and abandoning module NetcodeUnitTest (376)
[2019.07.14-19.48.22:479][575]LogModuleManager: Shutting down and abandoning module MediaCompositingEditor (374)
[2019.07.14-19.48.22:479][575]LogModuleManager: Shutting down and abandoning module MediaCompositing (372)
[2019.07.14-19.48.22:479][575]LogModuleManager: Shutting down and abandoning module LinearTimecode (370)
[2019.07.14-19.48.22:479][575]LogModuleManager: Shutting down and abandoning module ImgMedia (368)
[2019.07.14-19.48.22:482][575]LogModuleManager: Shutting down and abandoning module HTML5Networking (366)
[2019.07.14-19.48.22:482][575]LogModuleManager: Shutting down and abandoning module GeometryCacheTracks (364)
[2019.07.14-19.48.22:482][575]LogModuleManager: Shutting down and abandoning module GeometryCacheSequencer (362)
[2019.07.14-19.48.22:482][575]LogModuleManager: Shutting down and abandoning module BackChannel (360)
[2019.07.14-19.48.22:482][575]LogModuleManager: Shutting down and abandoning module AppleVision (358)
[2019.07.14-19.48.22:482][575]LogModuleManager: Shutting down and abandoning module AppleImageUtils (356)
[2019.07.14-19.48.22:482][575]LogModuleManager: Shutting down and abandoning module AlembicImporter (354)
[2019.07.14-19.48.22:482][575]LogModuleManager: Shutting down and abandoning module AlembicLibrary (353)
[2019.07.14-19.48.22:482][575]LogModuleManager: Shutting down and abandoning module GeometryCache (352)
[2019.07.14-19.48.22:482][575]LogModuleManager: Shutting down and abandoning module GeometryCacheEd (351)
[2019.07.14-19.48.22:482][575]LogModuleManager: Shutting down and abandoning module DatasmithContentEditor (346)
[2019.07.14-19.48.22:482][575]LogModuleManager: Shutting down and abandoning module DatasmithContent (344)
[2019.07.14-19.48.22:482][575]LogModuleManager: Shutting down and abandoning module SpeedTreeImporter (342)
[2019.07.14-19.48.22:482][575]LogModuleManager: Shutting down and abandoning module PluginBrowser (340)
[2019.07.14-19.48.22:482][575]LogModuleManager: Shutting down and abandoning module MobileLauncherProfileWizard (338)
[2019.07.14-19.48.22:482][575]LogModuleManager: Shutting down and abandoning module PolygonModeling (336)
[2019.07.14-19.48.22:482][575]LogModuleManager: Shutting down and abandoning module MeshEditor (334)
[2019.07.14-19.48.22:482][575]LogModuleManager: Shutting down and abandoning module CryptoKeysOpenSSL (332)
[2019.07.14-19.48.22:482][575]LogModuleManager: Shutting down and abandoning module CryptoKeys (330)
[2019.07.14-19.48.22:482][575]LogModuleManager: Shutting down and abandoning module VisualStudioSourceCodeAccess (328)
[2019.07.14-19.48.22:482][575]LogModuleManager: Shutting down and abandoning module VisualStudioCodeSourceCodeAccess (326)
[2019.07.14-19.48.22:482][575]LogModuleManager: Shutting down and abandoning module UObjectPlugin (324)
[2019.07.14-19.48.22:482][575]LogModuleManager: Shutting down and abandoning module SubversionSourceControl (322)
[2019.07.14-19.48.22:482][575]LogModuleManager: Shutting down and abandoning module PerforceSourceControl (320)
[2019.07.14-19.48.22:482][575]LogModuleManager: Shutting down and abandoning module GitSourceControl (318)
[2019.07.14-19.48.22:483][575]LogModuleManager: Shutting down and abandoning module SourceControl (317)
[2019.07.14-19.48.22:483][575]LogModuleManager: Shutting down and abandoning module CLionSourceCodeAccess (314)
[2019.07.14-19.48.22:483][575]LogModuleManager: Shutting down and abandoning module LightPropagationVolumeEditor (312)
[2019.07.14-19.48.22:483][575]LogModuleManager: Shutting down and abandoning module PaperTiledImporter (310)
[2019.07.14-19.48.22:483][575]LogModuleManager: Shutting down and abandoning module PaperSpriteSheetImporter (308)
[2019.07.14-19.48.22:483][575]LogModuleManager: Shutting down and abandoning module Paper2DEditor (306)
[2019.07.14-19.48.22:483][575]LogModuleManager: Shutting down and abandoning module MeshPaint (305)
[2019.07.14-19.48.22:483][575]LogModuleManager: Shutting down and abandoning module RuntimePhysXCooking (302)
[2019.07.14-19.48.22:483][575]LogModuleManager: Shutting down and abandoning module PhysXVehiclesEditor (300)
[2019.07.14-19.48.22:483][575]LogModuleManager: Shutting down and abandoning module PhysXVehicles (298)
[2019.07.14-19.48.22:483][575]LogModuleManager: Shutting down and abandoning module OculusEditor (296)
[2019.07.14-19.48.22:483][575]LogModuleManager: Shutting down and abandoning module LocationServicesBPLibrary (294)
[2019.07.14-19.48.22:483][575]LogModuleManager: Shutting down and abandoning module ImmediatePhysicsEditor (292)
[2019.07.14-19.48.22:483][575]LogModuleManager: Shutting down and abandoning module ImmediatePhysics (290)
[2019.07.14-19.48.22:483][575]LogModuleManager: Shutting down and abandoning module ApexDestructionEditor (288)
[2019.07.14-19.48.22:483][575]LogModuleManager: Shutting down and abandoning module ApexDestruction (286)
[2019.07.14-19.48.22:483][575]LogModuleManager: Shutting down and abandoning module ActorSequence (284)
[2019.07.14-19.48.22:483][575]LogModuleManager: Shutting down and abandoning module UdpMessaging (282)
[2019.07.14-19.48.22:584][575]LogModuleManager: Shutting down and abandoning module TcpMessaging (280)
[2019.07.14-19.48.22:685][575]LogModuleManager: Shutting down and abandoning module MagicLeapAudio (278)
[2019.07.14-19.48.22:685][575]LogModuleManager: Shutting down and abandoning module GameplayTagsEditor (276)
[2019.07.14-19.48.22:685][575]LogModuleManager: Shutting down and abandoning module FacialAnimationEditor (274)
[2019.07.14-19.48.22:685][575]LogModuleManager: Shutting down and abandoning module FacialAnimation (272)
[2019.07.14-19.48.22:685][575]LogModuleManager: Shutting down and abandoning module DataValidation (270)
[2019.07.14-19.48.22:685][575]LogModuleManager: Shutting down and abandoning module AssetManagerEditor (268)
[2019.07.14-19.48.22:685][575]LogModuleManager: Shutting down and abandoning module LevelEditor (267)
[2019.07.14-19.48.22:685][575]LogModuleManager: Shutting down and abandoning module PixelInspectorModule (266)
[2019.07.14-19.48.22:685][575]LogModuleManager: Shutting down and abandoning module CommonMenuExtensions (264)
[2019.07.14-19.48.22:685][575]LogModuleManager: Shutting down and abandoning module MainFrame (262)
[2019.07.14-19.48.22:685][575]LogModuleManager: Shutting down and abandoning module HotReload (261)
[2019.07.14-19.48.22:686][575]LogModuleManager: Shutting down and abandoning module ContentBrowser (257)
[2019.07.14-19.48.22:686][575]LogModuleManager: Shutting down and abandoning module TreeMap (255)
[2019.07.14-19.48.22:686][575]LogModuleManager: Shutting down and abandoning module LightPropagationVolumeRuntime (252)
[2019.07.14-19.48.22:687][575]LogModuleManager: Shutting down and abandoning module AISupportModule (250)
[2019.07.14-19.48.22:687][575]LogModuleManager: Shutting down and abandoning module Paper2D (248)
[2019.07.14-19.48.22:687][575]LogModuleManager: Shutting down and abandoning module WindowsMoviePlayer (246)
[2019.07.14-19.48.22:687][575]LogModuleManager: Shutting down and abandoning module WmfMedia (244)
[2019.07.14-19.48.22:687][575]LogModuleManager: Shutting down and abandoning module Media (243)
[2019.07.14-19.48.22:693][575]LogModuleManager: Shutting down and abandoning module PacketHandler (240)
[2019.07.14-19.48.22:693][575]LogModuleManager: Shutting down and abandoning module ClothingSystemEditor (238)
[2019.07.14-19.48.22:693][575]LogModuleManager: Shutting down and abandoning module ClothingSystemRuntime (236)
[2019.07.14-19.48.22:693][575]LogModuleManager: Shutting down and abandoning module MediaAssets (234)
[2019.07.14-19.48.22:693][575]LogModuleManager: Shutting down and abandoning module Overlay (232)
[2019.07.14-19.48.22:693][575]LogModuleManager: Shutting down and abandoning module OverlayEditor (231)
[2019.07.14-19.48.22:693][575]LogModuleManager: Shutting down and abandoning module VREditor (228)
[2019.07.14-19.48.22:693][575]LogModuleManager: Shutting down and abandoning module StringTableEditor (226)
[2019.07.14-19.48.22:693][575]LogModuleManager: Shutting down and abandoning module GameplayTasksEditor (224)
[2019.07.14-19.48.22:693][575]LogModuleManager: Shutting down and abandoning module BehaviorTreeEditor (222)
[2019.07.14-19.48.22:693][575]LogModuleManager: Shutting down and abandoning module FunctionalTesting (220)
[2019.07.14-19.48.22:693][575]LogModuleManager: Shutting down and abandoning module CollisionAnalyzer (218)
[2019.07.14-19.48.22:693][575]LogModuleManager: Shutting down and abandoning module WorkspaceMenuStructure (217)
[2019.07.14-19.48.22:693][575]LogModuleManager: Shutting down and abandoning module UMG (214)
[2019.07.14-19.48.22:693][575]LogModuleManager: Shutting down and abandoning module UMGEditor (213)
[2019.07.14-19.48.22:693][575]LogModuleManager: Shutting down and abandoning module Sequencer (212)
[2019.07.14-19.48.22:693][575]LogModuleManager: Shutting down and abandoning module MessageLog (209)
[2019.07.14-19.48.22:693][575]LogModuleManager: Shutting down and abandoning module SlateReflector (204)
[2019.07.14-19.48.22:693][575]LogModuleManager: Shutting down and abandoning module Slate (202)
[2019.07.14-19.48.22:693][575]LogModuleManager: Shutting down and abandoning module EditorStyle (200)
[2019.07.14-19.48.22:694][575]LogModuleManager: Shutting down and abandoning module MRMesh (198)
[2019.07.14-19.48.22:694][575]LogModuleManager: Shutting down and abandoning module SourceCodeAccess (196)
[2019.07.14-19.48.22:694][575]LogModuleManager: Shutting down and abandoning module HeadMountedDisplay (194)
[2019.07.14-19.48.22:694][575]LogModuleManager: Shutting down and abandoning module XAudio2 (192)
[2019.07.14-19.48.22:694][575]LogModuleManager: Shutting down and abandoning module Networking (190)
[2019.07.14-19.48.22:694][575]LogModuleManager: Shutting down and abandoning module Core (188)
[2019.07.14-19.48.22:694][575]LogModuleManager: Shutting down and abandoning module LevelSequence (186)
[2019.07.14-19.48.22:694][575]LogModuleManager: Shutting down and abandoning module KismetCompiler (184)
[2019.07.14-19.48.22:694][575]LogModuleManager: Shutting down and abandoning module MeshUtilities (182)
[2019.07.14-19.48.22:694][575]LogModuleManager: Shutting down and abandoning module MeshMergeUtilities (181)
[2019.07.14-19.48.22:694][575]LogModuleManager: Shutting down and abandoning module MeshReductionInterface (180)
[2019.07.14-19.48.22:694][575]LogModuleManager: Shutting down and abandoning module SimplygonSwarm (179)
[2019.07.14-19.48.22:694][575]LogModuleManager: Shutting down and abandoning module ProxyLODMeshReduction (177)
[2019.07.14-19.48.22:695][575]LogModuleManager: Shutting down and abandoning module SimplygonMeshReduction (175)
[2019.07.14-19.48.22:695][575]LogModuleManager: Shutting down and abandoning module QuadricMeshReduction (173)
[2019.07.14-19.48.22:695][575]LogModuleManager: Shutting down and abandoning module MaterialBaking (169)
[2019.07.14-19.48.22:695][575]LogModuleManager: Shutting down and abandoning module DirectoryWatcher (165)
[2019.07.14-19.48.22:695][575]LogModuleManager: Shutting down and abandoning module DerivedDataCache (162)
[2019.07.14-19.48.22:831][575]LogDerivedDataCache: Shutdown
[2019.07.14-19.48.22:831][575]LogModuleManager: Shutting down and abandoning module XGEController (160)
[2019.07.14-19.48.22:831][575]LogXGEController: Cleaning working directory: C:/Users/Ulysse/AppData/Local/Temp/UnrealXGEWorkingDir/
[2019.07.14-19.48.22:832][575]LogModuleManager: Shutting down and abandoning module TargetPlatform (158)
[2019.07.14-19.48.22:832][575]LogModuleManager: Shutting down and abandoning module VulkanShaderFormat (157)
[2019.07.14-19.48.22:832][575]LogModuleManager: Shutting down and abandoning module ShaderFormatVectorVM (155)
[2019.07.14-19.48.22:832][575]LogModuleManager: Shutting down and abandoning module ShaderFormatOpenGL (153)
[2019.07.14-19.48.22:832][575]LogModuleManager: Shutting down and abandoning module ShaderFormatD3D (151)
[2019.07.14-19.48.22:832][575]LogModuleManager: Shutting down and abandoning module MetalShaderFormat (149)
[2019.07.14-19.48.22:832][575]LogModuleManager: Shutting down and abandoning module TextureFormatUncompressed (147)
[2019.07.14-19.48.22:832][575]LogModuleManager: Shutting down and abandoning module TextureFormatPVR (145)
[2019.07.14-19.48.22:832][575]LogModuleManager: Shutting down and abandoning module TextureFormatDXT (143)
[2019.07.14-19.48.22:832][575]LogModuleManager: Shutting down and abandoning module TextureFormatIntelISPCTexComp (141)
[2019.07.14-19.48.22:832][575]LogModuleManager: Shutting down and abandoning module TextureFormatASTC (139)
[2019.07.14-19.48.22:832][575]LogModuleManager: Shutting down and abandoning module ImageWrapper (138)
[2019.07.14-19.48.22:832][575]LogModuleManager: Shutting down and abandoning module TextureFormatAndroid (135)
[2019.07.14-19.48.22:832][575]LogModuleManager: Shutting down and abandoning module AudioFormatOpus (133)
[2019.07.14-19.48.22:832][575]LogModuleManager: Shutting down and abandoning module AudioFormatOgg (131)
[2019.07.14-19.48.22:832][575]LogModuleManager: Shutting down and abandoning module AudioFormatADPCM (129)
[2019.07.14-19.48.22:832][575]LogModuleManager: Shutting down and abandoning module LuminTargetPlatform (127)
[2019.07.14-19.48.22:832][575]LogModuleManager: Shutting down and abandoning module LinuxTargetPlatform (125)
[2019.07.14-19.48.22:832][575]LogModuleManager: Shutting down and abandoning module LinuxServerTargetPlatform (123)
[2019.07.14-19.48.22:832][575]LogModuleManager: Shutting down and abandoning module LinuxNoEditorTargetPlatform (121)
[2019.07.14-19.48.22:832][575]LogModuleManager: Shutting down and abandoning module LinuxClientTargetPlatform (119)
[2019.07.14-19.48.22:832][575]LogModuleManager: Shutting down and abandoning module TVOSTargetPlatform (117)
[2019.07.14-19.48.22:833][575]LogModuleManager: Shutting down and abandoning module Messaging (115)
[2019.07.14-19.48.22:833][575]LogModuleManager: Shutting down and abandoning module IOSTargetPlatform (113)
[2019.07.14-19.48.22:833][575]LogModuleManager: Shutting down and abandoning module HTML5TargetPlatform (111)
[2019.07.14-19.48.22:833][575]LogModuleManager: Shutting down and abandoning module AndroidTargetPlatform (109)
[2019.07.14-19.48.22:839][575]LogModuleManager: Shutting down and abandoning module WindowsTargetPlatform (107)
[2019.07.14-19.48.22:839][575]LogModuleManager: Shutting down and abandoning module WindowsServerTargetPlatform (105)
[2019.07.14-19.48.22:839][575]LogModuleManager: Shutting down and abandoning module WindowsNoEditorTargetPlatform (103)
[2019.07.14-19.48.22:839][575]LogModuleManager: Shutting down and abandoning module WindowsClientTargetPlatform (101)
[2019.07.14-19.48.22:839][575]LogModuleManager: Shutting down and abandoning module MacTargetPlatform (99)
[2019.07.14-19.48.22:839][575]LogModuleManager: Shutting down and abandoning module MacServerTargetPlatform (97)
[2019.07.14-19.48.22:839][575]LogModuleManager: Shutting down and abandoning module MacNoEditorTargetPlatform (95)
[2019.07.14-19.48.22:839][575]LogModuleManager: Shutting down and abandoning module MacClientTargetPlatform (93)
[2019.07.14-19.48.22:839][575]LogModuleManager: Shutting down and abandoning module AllDesktopTargetPlatform (91)
[2019.07.14-19.48.22:839][575]LogModuleManager: Shutting down and abandoning module InputCore (88)
[2019.07.14-19.48.22:839][575]LogModuleManager: Shutting down and abandoning module Settings (86)
[2019.07.14-19.48.22:839][575]LogModuleManager: Shutting down and abandoning module PhysXCooking (84)
[2019.07.14-19.48.22:839][575]LogModuleManager: Shutting down and abandoning module SteamVR (82)
[2019.07.14-19.48.22:839][575]LogModuleManager: Shutting down and abandoning module OculusHMD (80)
[2019.07.14-19.48.22:839][575]LogModuleManager: Shutting down and abandoning module ExampleDeviceProfileSelector (78)
[2019.07.14-19.48.22:839][575]LogModuleManager: Shutting down and abandoning module LauncherChunkInstaller (76)
[2019.07.14-19.48.22:839][575]LogModuleManager: Shutting down and abandoning module OnlineBlueprintSupport (74)
[2019.07.14-19.48.22:839][575]LogModuleManager: Shutting down and abandoning module OnlineSubsystem (70)
[2019.07.14-19.48.22:840][575]LogModuleManager: Shutting down and abandoning module XMPP (65)
[2019.07.14-19.48.22:840][575]LogModuleManager: Shutting down and abandoning module WebSockets (64)
[2019.07.14-19.48.22:846][575]LogModuleManager: Shutting down and abandoning module HTTP (61)
[2019.07.14-19.48.22:846][575]LogHttp: Display: Http module shutting down, but needs to wait on 1 outstanding Http requests:
[2019.07.14-19.48.22:846][575]LogHttp: Display: 	verb=[POST] url=[https://datarouter.ol.epicgames.com/datarouter/api/v1/public/data?SessionID=%7B49EE2072-4268-4F26-7BD8-829C4485FD2F%7D&AppID=UEEditor.Rocket.Release&AppVersion=4.20.3-4369336%2B%2B%2BUE4%2BRelease-4.20&UserID=788e8bc04561634be13d0da676a14723%7C5358780c314f4ce5ae19675c568076ba%7C487affe1-da57-456d-9a20-bc251ea89a94&AppEnvironment=datacollector-binary&UploadType=eteventstream] status=Processing
[2019.07.14-19.48.22:854][575]LogModuleManager: Shutting down and abandoning module SSL (60)
[2019.07.14-19.48.22:855][575]LogModuleManager: Shutting down and abandoning module MagicLeapEmulator (56)
[2019.07.14-19.48.22:855][575]LogModuleManager: Shutting down and abandoning module MagicLeapPrivileges (54)
[2019.07.14-19.48.22:855][575]LogModuleManager: Shutting down and abandoning module MagicLeapIdentity (52)
[2019.07.14-19.48.22:855][575]LogModuleManager: Shutting down and abandoning module MagicLeapHelperVulkan (50)
[2019.07.14-19.48.22:855][575]LogModuleManager: Shutting down and abandoning module MagicLeapHelperOpenGL (48)
[2019.07.14-19.48.22:855][575]LogModuleManager: Shutting down and abandoning module MagicLeapSecureStorage (46)
[2019.07.14-19.48.22:855][575]LogModuleManager: Shutting down and abandoning module MagicLeapGestures (44)
[2019.07.14-19.48.22:855][575]LogModuleManager: Shutting down and abandoning module MagicLeapEyeTracker (42)
[2019.07.14-19.48.22:855][575]LogModuleManager: Shutting down and abandoning module MagicLeapController (40)
[2019.07.14-19.48.22:855][575]LogSlate: Slate User Destroyed.  User Index 0, Is Virtual User: 0
[2019.07.14-19.48.22:855][575]LogModuleManager: Shutting down and abandoning module MagicLeap (38)
[2019.07.14-19.48.22:855][575]LogModuleManager: Shutting down and abandoning module AnimationModifiers (36)
[2019.07.14-19.48.22:856][575]LogModuleManager: Shutting down and abandoning module PropertyEditor (35)
[2019.07.14-19.48.22:856][575]LogModuleManager: Shutting down and abandoning module AudioEditor (32)
[2019.07.14-19.48.22:856][575]LogModuleManager: Shutting down and abandoning module TextureCompressor (30)
[2019.07.14-19.48.22:856][575]LogModuleManager: Shutting down and abandoning module ShaderCore (28)
[2019.07.14-19.48.22:856][575]LogModuleManager: Shutting down and abandoning module Landscape (26)
[2019.07.14-19.48.22:856][575]LogModuleManager: Shutting down and abandoning module SlateRHIRenderer (24)
[2019.07.14-19.48.22:856][575]LogModuleManager: Shutting down and abandoning module OpenGLDrv (22)
[2019.07.14-19.48.22:856][575]LogModuleManager: Shutting down and abandoning module D3D11RHI (20)
[2019.07.14-19.48.22:856][575]LogModuleManager: Shutting down and abandoning module AnimGraphRuntime (18)
[2019.07.14-19.48.22:856][575]LogModuleManager: Shutting down and abandoning module Renderer (16)
[2019.07.14-19.48.22:856][575]LogModuleManager: Shutting down and abandoning module Engine (14)
[2019.07.14-19.48.22:856][575]LogModuleManager: Shutting down and abandoning module CoreUObject (12)
[2019.07.14-19.48.22:856][575]LogModuleManager: Shutting down and abandoning module NetworkFile (10)
[2019.07.14-19.48.22:856][575]LogModuleManager: Shutting down and abandoning module CookedIterativeFile (8)
[2019.07.14-19.48.22:856][575]LogModuleManager: Shutting down and abandoning module StreamingFile (6)
[2019.07.14-19.48.22:856][575]LogModuleManager: Shutting down and abandoning module SandboxFile (4)
[2019.07.14-19.48.22:856][575]LogModuleManager: Shutting down and abandoning module PakFile (2)
[2019.07.14-19.48.22:858][575]LogExit: Exiting.
[2019.07.14-19.48.22:870][575]Log file closed, 07/14/19 21:48:22
