Log file open, 07/14/19 22:02:59
LogWindows: Failed to load 'aqProf.dll' (GetLastError=126)
LogWindows: File 'aqProf.dll' does not exist
LogWindows: Failed to load 'VtuneApi.dll' (GetLastError=126)
LogWindows: File 'VtuneApi.dll' does not exist
LogWindows: Failed to load 'VtuneApi32e.dll' (GetLastError=126)
LogWindows: File 'VtuneApi32e.dll' does not exist
LogInit: Display: Running engine for game: Ailleurs
LogPlatformFile: Not using cached read wrapper
LogTaskGraph: Started task graph with 5 named threads and 14 total threads with 3 sets of task threads.
LogStats: Stats thread started at 0.169664
LogD3D11RHI: Loaded GFSDK_Aftermath_Lib.x64.dll
LogICUInternationalization: Display: ICU TimeZone Detection - Raw Offset: +1:00, Platform Override: ''
LogPluginManager: Mounting plugin Paper2D
LogPluginManager: Mounting plugin AISupport
LogPluginManager: Mounting plugin LightPropagationVolume
LogPluginManager: Mounting plugin CLionSourceCodeAccess
LogPluginManager: Mounting plugin CodeLiteSourceCodeAccess
LogPluginManager: Mounting plugin GitSourceControl
LogPluginManager: Mounting plugin KDevelopSourceCodeAccess
LogPluginManager: Mounting plugin NullSourceCodeAccess
LogPluginManager: Mounting plugin PerforceSourceControl
LogPluginManager: Mounting plugin SubversionSourceControl
LogPluginManager: Mounting plugin UObjectPlugin
LogPluginManager: Mounting plugin VisualStudioCodeSourceCodeAccess
LogPluginManager: Mounting plugin VisualStudioSourceCodeAccess
LogPluginManager: Mounting plugin XCodeSourceCodeAccess
LogPluginManager: Mounting plugin AssetManagerEditor
LogPluginManager: Mounting plugin CryptoKeys
LogPluginManager: Mounting plugin DataValidation
LogPluginManager: Mounting plugin FacialAnimation
LogPluginManager: Mounting plugin GameplayTagsEditor
LogPluginManager: Mounting plugin MacGraphicsSwitching
LogPluginManager: Mounting plugin MeshEditor
LogPluginManager: Mounting plugin MobileLauncherProfileWizard
LogPluginManager: Mounting plugin PluginBrowser
LogPluginManager: Mounting plugin SpeedTreeImporter
LogPluginManager: Mounting plugin DatasmithContent
LogPluginManager: Mounting plugin AlembicImporter
LogPluginManager: Mounting plugin AppleImageUtils
LogPluginManager: Mounting plugin AppleVision
LogPluginManager: Mounting plugin BackChannel
LogPluginManager: Mounting plugin CharacterAI
LogPluginManager: Mounting plugin GeometryCache
LogPluginManager: Mounting plugin HTML5Networking
LogPluginManager: Mounting plugin ProxyLODPlugin
LogPluginManager: Mounting plugin MagicLeap
LogPluginManager: Mounting plugin MagicLeapEmulator
LogPluginManager: Mounting plugin MagicLeapMedia
LogPluginManager: Mounting plugin AndroidMedia
LogPluginManager: Mounting plugin AvfMedia
LogPluginManager: Mounting plugin ImgMedia
LogPluginManager: Mounting plugin LinearTimecode
LogPluginManager: Mounting plugin MediaCompositing
LogPluginManager: Mounting plugin MediaPlayerEditor
LogPluginManager: Mounting plugin WmfMedia
LogPluginManager: Mounting plugin TcpMessaging
LogPluginManager: Mounting plugin UdpMessaging
LogPluginManager: Mounting plugin ActorSequence
LogPluginManager: Mounting plugin LevelSequenceEditor
LogPluginManager: Mounting plugin MatineeToLevelSequence
LogPluginManager: Mounting plugin NetcodeUnitTest
LogPluginManager: Mounting plugin NUTUnrealEngine4
LogPluginManager: Mounting plugin OnlineSubsystemGooglePlay
LogPluginManager: Mounting plugin OnlineSubsystemIOS
LogPluginManager: Mounting plugin OnlineSubsystem
LogPluginManager: Mounting plugin OnlineSubsystemNull
LogPluginManager: Mounting plugin OnlineSubsystemUtils
LogPluginManager: Mounting plugin LauncherChunkInstaller
LogPluginManager: Mounting plugin AndroidDeviceProfileSelector
LogPluginManager: Mounting plugin AndroidMoviePlayer
LogPluginManager: Mounting plugin AndroidPermission
LogPluginManager: Mounting plugin ApexDestruction
LogPluginManager: Mounting plugin AppleMoviePlayer
LogPluginManager: Mounting plugin ArchVisCharacter
LogPluginManager: Mounting plugin AudioCapture
LogPluginManager: Mounting plugin CableComponent
LogPluginManager: Mounting plugin CustomMeshComponent
LogPluginManager: Mounting plugin EditableMesh
LogPluginManager: Mounting plugin ExampleDeviceProfileSelector
LogPluginManager: Mounting plugin GoogleCloudMessaging
LogPluginManager: Mounting plugin ImmediatePhysics
LogPluginManager: Mounting plugin IOSDeviceProfileSelector
LogPluginManager: Mounting plugin LinuxDeviceProfileSelector
LogPluginManager: Mounting plugin LocationServicesBPLibrary
LogPluginManager: Mounting plugin MobilePatchingUtils
LogPluginManager: Mounting plugin OculusVR
LogPluginManager: Plugin shader directory ../../../Engine/Plugins/Runtime/Oculus/OculusVR/Shaders found
LogPluginManager: Mapping shader source directory ../../../Engine/Plugins/Runtime/Oculus/OculusVR/Shaders to virtual directory /Plugin/OculusVR
LogPluginManager: Mounting plugin PhysXVehicles
LogPluginManager: Mounting plugin ProceduralMeshComponent
LogPluginManager: Mounting plugin RuntimePhysXCooking
LogPluginManager: Mounting plugin SteamVR
LogPluginManager: Mounting plugin WindowsMoviePlayer
LogStreaming: Display: Took  0.080s to configure plugins.
LogInit: Using libcurl 7.55.1-DEV
LogInit:  - built for x86_64-pc-win32
LogInit:  - supports SSL with OpenSSL/1.0.2h
LogInit:  - supports HTTP deflate (compression) using libz 1.2.8
LogInit:  - other features:
LogInit:      CURL_VERSION_SSL
LogInit:      CURL_VERSION_LIBZ
LogInit:      CURL_VERSION_IPV6
LogInit:      CURL_VERSION_ASYNCHDNS
LogInit:      CURL_VERSION_LARGEFILE
LogInit:      CURL_VERSION_IDN
LogInit:  CurlRequestOptions (configurable via config and command line):
LogInit:  - bVerifyPeer = false  - Libcurl will NOT verify peer certificate
LogInit:  - bUseHttpProxy = false  - Libcurl will NOT use HTTP proxy
LogInit:  - bDontReuseConnections = false  - Libcurl will reuse connections
LogInit:  - CertBundlePath = nullptr  - Libcurl will use whatever was configured at build time.
LogInit:  - MaxHostConnections = 16  - Libcurl will limit the number of connections to a host
LogInit:  - LocalHostAddr = Default
LogInit:  - BufferSize = 65536
LogInit: WinSock: version 1.1 (2.2), MaxSocks=32767, MaxUdp=65467
LogInit: Build: ++UE4+Release-4.20-CL-4369336
LogInit: Engine Version: 4.20.3-4369336+++UE4+Release-4.20
LogInit: Compatible Engine Version: 4.20.0-4212847+++UE4+Release-4.20
LogInit: Net CL: 4212847
LogInit: OS: Windows 10 (), CPU: Intel(R) Core(TM) i5-4670K CPU @ 3.40GHz, GPU: NVIDIA GeForce GTX 680
LogInit: Compiled (64-bit): Sep 17 2018 12:26:19
LogInit: Compiled with Visual C++: 19.13.26129.00
LogInit: Build Configuration: Development
LogInit: Branch Name: ++UE4+Release-4.20
LogInit: Command Line:  
LogInit: Base Directory: C:/Program Files/Epic Games/UE_4.20/Engine/Binaries/Win64/
LogInit: Installed Engine Build: 1
LogDevObjectVersion: Number of dev versions registered: 20
LogDevObjectVersion:   Dev-Blueprints (B0D832E4-1F89-4F0D-ACCF-7EB736FD4AA2): 10
LogDevObjectVersion:   Dev-Build (E1C64328-A22C-4D53-A36C-8E866417BD8C): 0
LogDevObjectVersion:   Dev-Core (375EC13C-06E4-48FB-B500-84F0262A717E): 2
LogDevObjectVersion:   Dev-Editor (E4B068ED-F494-42E9-A231-DA0B2E46BB41): 24
LogDevObjectVersion:   Dev-Framework (CFFC743F-43B0-4480-9391-14DF171D2073): 34
LogDevObjectVersion:   Dev-Mobile (B02B49B5-BB20-44E9-A304-32B752E40360): 2
LogDevObjectVersion:   Dev-Networking (A4E4105C-59A1-49B5-A7C5-40C4547EDFEE): 0
LogDevObjectVersion:   Dev-Online (39C831C9-5AE6-47DC-9A44-9C173E1C8E7C): 0
LogDevObjectVersion:   Dev-Physics (78F01B33-EBEA-4F98-B9B4-84EACCB95AA2): 0
LogDevObjectVersion:   Dev-Platform (6631380F-2D4D-43E0-8009-CF276956A95A): 0
LogDevObjectVersion:   Dev-Rendering (12F88B9F-8875-4AFC-A67C-D90C383ABD29): 26
LogDevObjectVersion:   Dev-Sequencer (7B5AE74C-D270-4C10-A958-57980B212A5A): 9
LogDevObjectVersion:   Dev-VR (D7296918-1DD6-4BDD-9DE2-64A83CC13884): 2
LogDevObjectVersion:   Dev-LoadTimes (C2A15278-BFE7-4AFE-6C17-90FF531DF755): 1
LogDevObjectVersion:   Private-Geometry (6EACA3D4-40EC-4CC1-B786-8BED09428FC5): 3
LogDevObjectVersion:   Dev-AnimPhys (29E575DD-E0A3-4627-9D10-D276232CDCEA): 17
LogDevObjectVersion:   Dev-ReflectionCapture (6B266CEC-1EC7-4B8F-A30B-E4D90942FC07): 1
LogDevObjectVersion:   Dev-Automation (0DF73D61-A23F-47EA-B727-89E90C41499A): 1
LogDevObjectVersion:   FortniteMain (601D1886-AC64-4F84-AA16-D3DE0DEAC7D6): 12
LogDevObjectVersion:   Dev-Enterprise (9DFFBCD6-494F-0158-E221-12823C92A888): 1
LogStreaming: Display: Took  0.000s to delete old logs.
LogInit: Presizing for max 8388607 objects, including 0 objects not considered by GC, pre-allocating 0 bytes for permanent pool.
LogInit: Object subsystem initialized
[2019.07.14-20.02.59:667][  0]LogInit: Selected Device Profile: [Windows]
[2019.07.14-20.02.59:667][  0]LogInit: Applying CVar settings loaded from the selected device profile: [Windows]
[2019.07.14-20.02.59:674][  0]LogHAL: Display: Platform has ~ 16 GB [17121099776 / 17179869184 / 16], which maps to Larger [LargestMinGB=32, LargerMinGB=12, DefaultMinGB=8, SmallerMinGB=6, SmallestMinGB=0)
[2019.07.14-20.02.59:674][  0]LogInit: Setting Device Profile CVar: [[r.Vulkan.UseRealUBs:1]]
[2019.07.14-20.02.59:674][  0]LogInit: Going up to parent DeviceProfile []
[2019.07.14-20.02.59:674][  0]LogInit: Computer: DESKTOP-VM0RQ20
[2019.07.14-20.02.59:674][  0]LogInit: User: Ulysse
[2019.07.14-20.02.59:674][  0]LogInit: CPU Page size=4096, Cores=4
[2019.07.14-20.02.59:674][  0]LogInit: High frequency timer resolution =3.320313 MHz
[2019.07.14-20.02.59:674][  0]LogMemory: Memory total: Physical=15.9GB (16GB approx)
[2019.07.14-20.02.59:674][  0]LogMemory: Platform Memory Stats for Windows
[2019.07.14-20.02.59:674][  0]LogMemory: Process Physical Memory: 100.77 MB used, 100.77 MB peak
[2019.07.14-20.02.59:674][  0]LogMemory: Process Virtual Memory: 84.27 MB used, 84.27 MB peak
[2019.07.14-20.02.59:674][  0]LogMemory: Physical Memory: 7211.36 MB used,  9116.60 MB free, 16327.95 MB total
[2019.07.14-20.02.59:674][  0]LogMemory: Virtual Memory: 4606.41 MB used,  9116.60 MB free, 134217728.00 MB total
[2019.07.14-20.02.59:688][  0]LogInit: Using OS detected language (fr-FR).
[2019.07.14-20.02.59:688][  0]LogInit: Using OS detected locale (fr-FR).
[2019.07.14-20.02.59:689][  0]LogTextLocalizationManager: No specific localization for 'fr-FR' exists, so the 'fr' localization will be used.
[2019.07.14-20.02.59:690][  0]LogStreaming: Display: Took  0.003s to InitEngineTextLocalization.
[2019.07.14-20.02.59:690][  0]LogInit: Setting process to per monitor DPI aware
[2019.07.14-20.02.59:721][  0]LogSlate: New Slate User Created.  User Index 0, Is Virtual User: 0
[2019.07.14-20.02.59:721][  0]LogSlate: Slate User Registered.  User Index 0, Is Virtual User: 0
[2019.07.14-20.02.59:893][  0]LogHMD: Failed to initialize OpenVR with code 110
[2019.07.14-20.02.59:893][  0]LogD3D11RHI: D3D11 adapters:
[2019.07.14-20.02.59:931][  0]LogD3D11RHI:    0. 'NVIDIA GeForce GTX 680' (Feature Level 11_0)
[2019.07.14-20.02.59:931][  0]LogD3D11RHI:       2017/0/8163 MB DedicatedVideo/DedicatedSystem/SharedSystem, Outputs:2, VendorId:0x10de
[2019.07.14-20.02.59:932][  0]LogD3D11RHI:    1. 'Microsoft Basic Render Driver' (Feature Level 11_0)
[2019.07.14-20.02.59:932][  0]LogD3D11RHI:       0/0/8163 MB DedicatedVideo/DedicatedSystem/SharedSystem, Outputs:0, VendorId:0x1414
[2019.07.14-20.02.59:932][  0]LogD3D11RHI: Chosen D3D11 Adapter: 0
[2019.07.14-20.02.59:937][  0]LogD3D11RHI: Creating new Direct3DDevice
[2019.07.14-20.02.59:937][  0]LogD3D11RHI:     GPU DeviceId: 0x1180 (for the marketing name, search the web for "GPU Device Id")
[2019.07.14-20.02.59:937][  0]LogWindows: EnumDisplayDevices:
[2019.07.14-20.02.59:937][  0]LogWindows:    0. 'NVIDIA GeForce GTX 680' (P:1 D:1)
[2019.07.14-20.02.59:937][  0]LogWindows:    1. 'NVIDIA GeForce GTX 680' (P:0 D:1)
[2019.07.14-20.02.59:937][  0]LogWindows:    2. 'NVIDIA GeForce GTX 680' (P:0 D:0)
[2019.07.14-20.02.59:938][  0]LogWindows:    3. 'NVIDIA GeForce GTX 680' (P:0 D:0)
[2019.07.14-20.02.59:938][  0]LogWindows: DebugString: FoundDriverCount:4 
[2019.07.14-20.02.59:938][  0]LogD3D11RHI:     Adapter Name: NVIDIA GeForce GTX 680
[2019.07.14-20.02.59:938][  0]LogD3D11RHI:   Driver Version: 388.13 (internal:23.21.13.8813, unified:388.13)
[2019.07.14-20.02.59:938][  0]LogD3D11RHI:      Driver Date: 10-27-2017
[2019.07.14-20.02.59:938][  0]LogRHI: Texture pool is 1412 MB (70% of 2017 MB)
[2019.07.14-20.02.59:960][  0]LogD3D11RHI: Async texture creation enabled
[2019.07.14-20.02.59:979][  0]LogD3D11RHI: GPU Timing Frequency: 1000.000000 (Debug: 2 2)
[2019.07.14-20.02.59:981][  0]LogShaderCompilers: Guid format shader working directory is -26 characters bigger than the processId version (../../../../../../Documents/Unreal Projects/Ailleurs/Ailleurs(fonctionne)/Intermediate/Shaders/WorkingDirectory/8368/).
[2019.07.14-20.02.59:981][  0]LogShaderCompilers: Cleaned the shader compiler working directory 'C:/Users/Ulysse/AppData/Local/Temp/UnrealShaderWorkingDir/0083F22E445FC3E8BBAD809630F67D9A/'.
[2019.07.14-20.03.00:194][  0]LogTemp: Display: Loaded TP AllDesktopTargetPlatform
[2019.07.14-20.03.00:205][  0]LogTemp: Display: Loaded TP MacClientTargetPlatform
[2019.07.14-20.03.00:216][  0]LogTemp: Display: Loaded TP MacNoEditorTargetPlatform
[2019.07.14-20.03.00:228][  0]LogTemp: Display: Loaded TP MacServerTargetPlatform
[2019.07.14-20.03.00:239][  0]LogTemp: Display: Loaded TP MacTargetPlatform
[2019.07.14-20.03.00:250][  0]LogTemp: Display: Loaded TP WindowsClientTargetPlatform
[2019.07.14-20.03.00:262][  0]LogTemp: Display: Loaded TP WindowsNoEditorTargetPlatform
[2019.07.14-20.03.00:273][  0]LogTemp: Display: Loaded TP WindowsServerTargetPlatform
[2019.07.14-20.03.00:279][  0]LogTemp: Display: Loaded TP WindowsTargetPlatform
[2019.07.14-20.03.00:345][  0]LogTemp: Display: Loaded TP AndroidTargetPlatform
[2019.07.14-20.03.00:345][  0]LogTemp: Display: Loaded TP AndroidTargetPlatform
[2019.07.14-20.03.00:345][  0]LogTemp: Display: Loaded TP AndroidTargetPlatform
[2019.07.14-20.03.00:345][  0]LogTemp: Display: Loaded TP AndroidTargetPlatform
[2019.07.14-20.03.00:345][  0]LogTemp: Display: Loaded TP AndroidTargetPlatform
[2019.07.14-20.03.00:345][  0]LogTemp: Display: Loaded TP AndroidTargetPlatform
[2019.07.14-20.03.00:345][  0]LogTemp: Display: Loaded TP AndroidTargetPlatform
[2019.07.14-20.03.00:345][  0]LogTemp: Display: Loaded TP AndroidTargetPlatform
[2019.07.14-20.03.00:345][  0]LogTemp: Display: Loaded TP AndroidTargetPlatform
[2019.07.14-20.03.00:345][  0]LogTemp: Display: Loaded TP AndroidTargetPlatform
[2019.07.14-20.03.00:345][  0]LogTemp: Display: Loaded TP AndroidTargetPlatform
[2019.07.14-20.03.00:345][  0]LogTemp: Display: Loaded TP AndroidTargetPlatform
[2019.07.14-20.03.00:345][  0]LogTemp: Display: Loaded TP AndroidTargetPlatform
[2019.07.14-20.03.00:345][  0]LogTemp: Display: Loaded TP AndroidTargetPlatform
[2019.07.14-20.03.00:345][  0]LogTemp: Display: Loaded TP AndroidTargetPlatform
[2019.07.14-20.03.00:345][  0]LogTemp: Display: Loaded TP AndroidTargetPlatform
[2019.07.14-20.03.00:345][  0]LogTemp: Display: Loaded TP AndroidTargetPlatform
[2019.07.14-20.03.00:345][  0]LogTemp: Display: Loaded TP AndroidTargetPlatform
[2019.07.14-20.03.00:346][  0]LogTemp: Display: Loaded TP HTML5TargetPlatform
[2019.07.14-20.03.00:401][  0]LogTemp: Display: Loaded TP IOSTargetPlatform
[2019.07.14-20.03.00:401][  0]LogTemp: Display: Loaded TP IOSTargetPlatform
[2019.07.14-20.03.00:420][  0]LogTemp: Display: Loaded TP TVOSTargetPlatform
[2019.07.14-20.03.00:420][  0]LogTemp: Display: Loaded TP TVOSTargetPlatform
[2019.07.14-20.03.00:430][  0]LogTemp: Display: Loaded TP LinuxClientTargetPlatform
[2019.07.14-20.03.00:440][  0]LogTemp: Display: Loaded TP LinuxNoEditorTargetPlatform
[2019.07.14-20.03.00:450][  0]LogTemp: Display: Loaded TP LinuxServerTargetPlatform
[2019.07.14-20.03.00:460][  0]LogTemp: Display: Loaded TP LinuxTargetPlatform
[2019.07.14-20.03.00:467][  0]LogTemp: Display: Loaded TP LuminTargetPlatform
[2019.07.14-20.03.00:468][  0]LogTargetPlatformManager: Display: Building Assets For Windows
[2019.07.14-20.03.00:516][  0]LogXGEController: Cleaning working directory: C:/Users/Ulysse/AppData/Local/Temp/UnrealXGEWorkingDir/
[2019.07.14-20.03.00:516][  0]LogXGEController: Cannot use XGE Controller as Incredibuild is not installed on this machine.
[2019.07.14-20.03.00:516][  0]LogShaderCompilers: Cannot use XGE Shader Compiler as Incredibuild is not installed on this machine.
[2019.07.14-20.03.00:516][  0]LogShaderCompilers: Display: Using Local Shader Compiler.
[2019.07.14-20.03.01:079][  0]LogDerivedDataCache: Display: Max Cache Size: 512 MB
[2019.07.14-20.03.01:122][  0]LogDerivedDataCache: Loaded boot cache 0.04s 71MB C:/Users/Ulysse/AppData/Local/UnrealEngine/4.20/DerivedDataCache/Boot.ddc.
[2019.07.14-20.03.01:123][  0]LogDerivedDataCache: Display: Loaded Boot cache: C:/Users/Ulysse/AppData/Local/UnrealEngine/4.20/DerivedDataCache/Boot.ddc
[2019.07.14-20.03.01:123][  0]LogDerivedDataCache: FDerivedDataBackendGraph:  Pak pak cache file ../../../../../../Documents/Unreal Projects/Ailleurs/Ailleurs(fonctionne)/DerivedDataCache/DDC.ddp not found, will not use a pak cache.
[2019.07.14-20.03.01:123][  0]LogDerivedDataCache: Unable to find inner node Pak for hierarchical cache Hierarchy.
[2019.07.14-20.03.01:123][  0]LogDerivedDataCache: FDerivedDataBackendGraph:  CompressedPak pak cache file ../../../../../../Documents/Unreal Projects/Ailleurs/Ailleurs(fonctionne)/DerivedDataCache/Compressed.ddp not found, will not use a pak cache.
[2019.07.14-20.03.01:123][  0]LogDerivedDataCache: Unable to find inner node CompressedPak for hierarchical cache Hierarchy.
[2019.07.14-20.03.01:133][  0]LogDerivedDataCache: Display: Pak cache opened for reading ../../../Engine/DerivedDataCache/Compressed.ddp.
[2019.07.14-20.03.01:145][  0]LogDerivedDataCache: Using Local data cache path C:/Users/Ulysse/AppData/Local/UnrealEngine/Common/DerivedDataCache: Writable
[2019.07.14-20.03.01:145][  0]LogDerivedDataCache: Shared data cache path not found in *engine.ini, will not use an Shared cache.
[2019.07.14-20.03.01:145][  0]LogDerivedDataCache: Unable to find inner node Shared for hierarchical cache Hierarchy.
[2019.07.14-20.03.01:160][  0]LogMaterial: Verifying Global Shaders for PCD3D_SM5
[2019.07.14-20.03.01:161][  0]LogSlate: Using FreeType 2.6.0
[2019.07.14-20.03.01:162][  0]LogSlate: SlateFontServices - WITH_FREETYPE: 1, WITH_HARFBUZZ: 1
[2019.07.14-20.03.01:229][  0]LogAssetRegistry: FAssetRegistry took 0.0253 seconds to start up
[2019.07.14-20.03.01:482][  0]LogInit: Selected Device Profile: [Windows]
[2019.07.14-20.03.01:586][  0]LogSimplygon: Simplygon DLL not present - disabling.
[2019.07.14-20.03.01:589][  0]LogMeshReduction: Using SimplygonSwarm for distributed automatic mesh merging
[2019.07.14-20.03.01:589][  0]LogMeshReduction: Using ProxyLODMeshReduction for automatic mesh merging
[2019.07.14-20.03.01:589][  0]LogMeshReduction: Using QuadricMeshReduction for automatic static mesh reduction
[2019.07.14-20.03.01:589][  0]LogMeshReduction: No automatic skeletal mesh reduction module available
[2019.07.14-20.03.01:604][  0]LogNetVersion: Ailleurs 1.0.0, NetCL: 4212847, EngineNetVer: 5, GameNetVer: 0 (Checksum: 2809596402)
[2019.07.14-20.03.01:971][  0]LogPackageLocalizationCache: Processed 11 localized package path(s) for 2 prioritized culture(s) in 0.070871 seconds
[2019.07.14-20.03.01:977][  0]LogUObjectArray: 38425 objects as part of root set at end of initial load.
[2019.07.14-20.03.01:977][  0]LogUObjectAllocator: 6690872 out of 0 bytes used by permanent object pool.
[2019.07.14-20.03.01:977][  0]LogUObjectArray: CloseDisregardForGC: 0/0 objects in disregard for GC pool
[2019.07.14-20.03.02:701][  0]LogTcpMessaging: Initializing TcpMessaging bridge
[2019.07.14-20.03.02:713][  0]LogUdpMessaging: Initializing bridge on interface 0.0.0.0:0 to multicast group 230.0.0.1:6666.
[2019.07.14-20.03.02:845][  0]SourceControl: Source control is disabled
[2019.07.14-20.03.02:845][  0]SourceControl: Source control is disabled
[2019.07.14-20.03.02:846][  0]SourceControl: Source control is disabled
[2019.07.14-20.03.02:847][  0]SourceControl: Source control is disabled
[2019.07.14-20.03.02:995][  0]LogAndroidPermission: UAndroidPermissionCallbackProxy::GetInstance
[2019.07.14-20.03.03:045][  0]LogOcInput: OculusInput pre-init called
[2019.07.14-20.03.03:096][  0]LogEngine: Initializing Engine...
[2019.07.14-20.03.03:097][  0]LogHMD: Failed to initialize OpenVR with code 110
[2019.07.14-20.03.03:098][  0]LogStats: UGameplayTagsManager::ConstructGameplayTagTree: ImportINI prefixes -  0.000 s
[2019.07.14-20.03.03:098][  0]LogStats: UGameplayTagsManager::ConstructGameplayTagTree: Construct from data asset -  0.000 s
[2019.07.14-20.03.03:098][  0]LogStats: UGameplayTagsManager::ConstructGameplayTagTree: ImportINI -  0.000 s
[2019.07.14-20.03.03:098][  0]LogStats: UGameplayTagsManager::ConstructGameplayTagTree: GameplayTagTreeChangedEvent.Broadcast -  0.000 s
[2019.07.14-20.03.03:266][  0]LogInit: Initializing FReadOnlyCVARCache
[2019.07.14-20.03.03:279][  0]LogAIModule: Creating AISystem for world Untitled
[2019.07.14-20.03.03:296][  0]LogInit: XAudio2 using 'Haut-parleurs (Périphérique High Definition Audio)' : 2 channels at 48 kHz using 16 bits per sample (channel mask 0x3)
[2019.07.14-20.03.03:310][  0]LogInit: FAudioDevice initialized.
[2019.07.14-20.03.03:310][  0]LogNetVersion: Set ProjectVersion to 1.0.0.0. Version Checksum will be recalculated on next use.
[2019.07.14-20.03.03:374][  0]LogDerivedDataCache: Saved boot cache 0.06s 71MB C:/Users/Ulysse/AppData/Local/UnrealEngine/4.20/DerivedDataCache/Boot.ddc.
[2019.07.14-20.03.03:374][  0]LogInit: Texture streaming: Enabled
[2019.07.14-20.03.03:389][  0]LogEngineSessionManager: EngineSessionManager initialized
[2019.07.14-20.03.03:399][  0]LogInit: Transaction tracking system initialized
[2019.07.14-20.03.03:418][  0]BlueprintLog: New page: Editor Load
[2019.07.14-20.03.03:489][  0]LocalizationService: Localization service is disabled
[2019.07.14-20.03.03:712][  0]LogCook: Display: Max memory allowance for cook 16384mb min free memory 0mb
[2019.07.14-20.03.03:712][  0]LogCook: Display: Mobile HDR setting 1
[2019.07.14-20.03.03:712][  0]LogGameplayTags: Display: UGameplayTagsManager::DoneAddingNativeTags. DelegateIsBound: 0
[2019.07.14-20.03.03:712][  0]LogStats: UGameplayTagsManager::ConstructGameplayTagTree: ImportINI prefixes -  0.000 s
[2019.07.14-20.03.03:712][  0]LogStats: UGameplayTagsManager::ConstructGameplayTagTree: Construct from data asset -  0.000 s
[2019.07.14-20.03.03:712][  0]LogStats: UGameplayTagsManager::ConstructGameplayTagTree: ImportINI -  0.000 s
[2019.07.14-20.03.03:712][  0]LogStats: UGameplayTagsManager::ConstructGameplayTagTree: GameplayTagTreeChangedEvent.Broadcast -  0.000 s
[2019.07.14-20.03.03:808][  0]LogFileCache: Scanning file cache for directory 'C:/Documents/Unreal Projects/Ailleurs/Ailleurs(fonctionne)/Content/' took 0.04s
[2019.07.14-20.03.03:808][  0]SourceControl: Source control is disabled
[2019.07.14-20.03.03:808][  0]Cmd: MAP LOAD FILE="../../../../../../Documents/Unreal Projects/Ailleurs/Ailleurs(fonctionne)/Content/Ailleurs/Maps/Niveau_1.umap" TEMPLATE=0 SHOWPROGRESS=1 FEATURELEVEL=3
[2019.07.14-20.03.03:808][  0]LightingResults: New page: Lighting Build
[2019.07.14-20.03.03:810][  0]MapCheck: New page: Map Check
[2019.07.14-20.03.03:810][  0]LightingResults: New page: Lighting Build
[2019.07.14-20.03.03:849][  0]LogLinker: Warning: Can't find file '/Game/Ailleurs/Blueprints/Boules/Bleu/Boule_Bleu_Gros'
[2019.07.14-20.03.03:849][  0]LogLinker: Warning: Can't find file for asset '/Game/Ailleurs/Blueprints/Boules/Bleu/Boule_Bleu_Gros' while loading ../../../../../../Documents/Unreal Projects/Ailleurs/Ailleurs(fonctionne)/Content/Ailleurs/Maps/Niveau_1.umap.
[2019.07.14-20.03.03:849][  0]LoadErrors: Error: /Game/Ailleurs/Maps/Niveau_1 : Can't find file for asset. /Game/Ailleurs/Blueprints/Boules/Bleu/Boule_Bleu_Gros
[2019.07.14-20.03.03:906][  0]LogLinker: Warning: Can't find file '/Game/Ailleurs/Blueprints/Boules/Bleu/Boule_Bleu_Gros'
[2019.07.14-20.03.03:906][  0]LogLinker: Warning: Can't find file for asset '/Game/Ailleurs/Blueprints/Boules/Bleu/Boule_Bleu_Gros' while loading ../../../../../../Documents/Unreal Projects/Ailleurs/Ailleurs(fonctionne)/Content/Ailleurs/Maps/Niveau_1.umap.
[2019.07.14-20.03.03:906][  0]LoadErrors: Error: /Game/Ailleurs/Maps/Niveau_1 : Can't find file for asset. /Game/Ailleurs/Blueprints/Boules/Bleu/Boule_Bleu_Gros
[2019.07.14-20.03.03:972][  0]LogLinker: Warning: The file '../../../../../../Documents/Unreal Projects/Ailleurs/Ailleurs(fonctionne)/Content/StarterContent/Materials/M_Basic_Wall.uasset' contains unrecognizable data, check that it is of the expected type.
[2019.07.14-20.03.03:973][  0]LogLinker: Warning: The file '../../../../../../Documents/Unreal Projects/Ailleurs/Ailleurs(fonctionne)/Content/StarterContent/Materials/M_Basic_Wall.uasset' contains unrecognizable data, check that it is of the expected type.
[2019.07.14-20.03.03:974][  0]LogLinker: Warning: The file '../../../../../../Documents/Unreal Projects/Ailleurs/Ailleurs(fonctionne)/Content/StarterContent/Materials/M_Basic_Wall.uasset' contains unrecognizable data, check that it is of the expected type.
[2019.07.14-20.03.03:974][  0]LogLinker: Warning: The file '../../../../../../Documents/Unreal Projects/Ailleurs/Ailleurs(fonctionne)/Content/StarterContent/Materials/M_Basic_Wall.uasset' contains unrecognizable data, check that it is of the expected type.
[2019.07.14-20.03.03:975][  0]LogLinker: Warning: The file '../../../../../../Documents/Unreal Projects/Ailleurs/Ailleurs(fonctionne)/Content/StarterContent/Materials/M_Basic_Wall.uasset' contains unrecognizable data, check that it is of the expected type.
[2019.07.14-20.03.03:975][  0]LogLinker: Warning: The file '../../../../../../Documents/Unreal Projects/Ailleurs/Ailleurs(fonctionne)/Content/StarterContent/Materials/M_Basic_Wall.uasset' contains unrecognizable data, check that it is of the expected type.
[2019.07.14-20.03.03:975][  0]LogLinker: Warning: The file '../../../../../../Documents/Unreal Projects/Ailleurs/Ailleurs(fonctionne)/Content/StarterContent/Materials/M_Basic_Wall.uasset' contains unrecognizable data, check that it is of the expected type.
[2019.07.14-20.03.03:976][  0]LogLinker: Warning: The file '../../../../../../Documents/Unreal Projects/Ailleurs/Ailleurs(fonctionne)/Content/StarterContent/Materials/M_Basic_Wall.uasset' contains unrecognizable data, check that it is of the expected type.
[2019.07.14-20.03.03:998][  0]LogLinker: Warning: Can't find file '/Game/Ailleurs/Blueprints/Boules/Bleu/Boule_Bleu_Gros'
[2019.07.14-20.03.03:999][  0]LogLinker: Warning: Can't find file for asset '/Game/Ailleurs/Blueprints/Boules/Bleu/Boule_Bleu_Gros' while loading ../../../../../../Documents/Unreal Projects/Ailleurs/Ailleurs(fonctionne)/Content/Ailleurs/Maps/Niveau_1.umap.
[2019.07.14-20.03.03:999][  0]LoadErrors: Error: /Game/Ailleurs/Maps/Niveau_1 : Can't find file for asset. /Game/Ailleurs/Blueprints/Boules/Bleu/Boule_Bleu_Gros
[2019.07.14-20.03.04:017][  0]LogLinker: Warning: Can't find file '/Game/Ailleurs/Blueprints/Boules/Bleu/Boule_Bleu_Gros'
[2019.07.14-20.03.04:017][  0]LogLinker: Warning: Can't find file for asset '/Game/Ailleurs/Blueprints/Boules/Bleu/Boule_Bleu_Gros' while loading ../../../../../../Documents/Unreal Projects/Ailleurs/Ailleurs(fonctionne)/Content/Ailleurs/Maps/Niveau_1.umap.
[2019.07.14-20.03.04:017][  0]LoadErrors: Error: /Game/Ailleurs/Maps/Niveau_1 : Can't find file for asset. /Game/Ailleurs/Blueprints/Boules/Bleu/Boule_Bleu_Gros
[2019.07.14-20.03.04:083][  0]LogLinker: Warning: The file '../../../../../../Documents/Unreal Projects/Ailleurs/Ailleurs(fonctionne)/Content/StarterContent/Materials/M_Basic_Wall.uasset' contains unrecognizable data, check that it is of the expected type.
[2019.07.14-20.03.04:084][  0]LogLinker: Warning: The file '../../../../../../Documents/Unreal Projects/Ailleurs/Ailleurs(fonctionne)/Content/StarterContent/Materials/M_Basic_Wall.uasset' contains unrecognizable data, check that it is of the expected type.
[2019.07.14-20.03.04:084][  0]LogLinker: Warning: The file '../../../../../../Documents/Unreal Projects/Ailleurs/Ailleurs(fonctionne)/Content/StarterContent/Materials/M_Basic_Wall.uasset' contains unrecognizable data, check that it is of the expected type.
[2019.07.14-20.03.04:084][  0]LogLinker: Warning: The file '../../../../../../Documents/Unreal Projects/Ailleurs/Ailleurs(fonctionne)/Content/StarterContent/Materials/M_Basic_Wall.uasset' contains unrecognizable data, check that it is of the expected type.
[2019.07.14-20.03.04:087][  0]LogLinker: Warning: The file '../../../../../../Documents/Unreal Projects/Ailleurs/Ailleurs(fonctionne)/Content/StarterContent/Materials/M_Basic_Wall.uasset' contains unrecognizable data, check that it is of the expected type.
[2019.07.14-20.03.04:087][  0]LogLinker: Warning: The file '../../../../../../Documents/Unreal Projects/Ailleurs/Ailleurs(fonctionne)/Content/StarterContent/Materials/M_Basic_Wall.uasset' contains unrecognizable data, check that it is of the expected type.
[2019.07.14-20.03.04:087][  0]LogLinker: Warning: The file '../../../../../../Documents/Unreal Projects/Ailleurs/Ailleurs(fonctionne)/Content/StarterContent/Materials/M_Basic_Wall.uasset' contains unrecognizable data, check that it is of the expected type.
[2019.07.14-20.03.04:087][  0]LogLinker: Warning: The file '../../../../../../Documents/Unreal Projects/Ailleurs/Ailleurs(fonctionne)/Content/StarterContent/Materials/M_Basic_Wall.uasset' contains unrecognizable data, check that it is of the expected type.
[2019.07.14-20.03.04:144][  0]LogLinker: Warning: Can't find file '/Game/Ailleurs/Blueprints/Boules/Bleu/Boule_Bleu_Gros'
[2019.07.14-20.03.04:144][  0]LogLinker: Warning: Can't find file for asset '/Game/Ailleurs/Blueprints/Boules/Bleu/Boule_Bleu_Gros' while loading ../../../../../../Documents/Unreal Projects/Ailleurs/Ailleurs(fonctionne)/Content/Ailleurs/Maps/Niveau_1.umap.
[2019.07.14-20.03.04:145][  0]LoadErrors: Error: /Game/Ailleurs/Maps/Niveau_1 : Can't find file for asset. /Game/Ailleurs/Blueprints/Boules/Bleu/Boule_Bleu_Gros
[2019.07.14-20.03.04:145][  0]LogLinker: Warning: Can't find file '/Game/Ailleurs/Blueprints/Boules/Bleu/Boule_Bleu_Gros'
[2019.07.14-20.03.04:145][  0]LogLinker: Warning: Can't find file for asset '/Game/Ailleurs/Blueprints/Boules/Bleu/Boule_Bleu_Gros' while loading ../../../../../../Documents/Unreal Projects/Ailleurs/Ailleurs(fonctionne)/Content/Ailleurs/Maps/Niveau_1.umap.
[2019.07.14-20.03.04:145][  0]LoadErrors: Error: /Game/Ailleurs/Maps/Niveau_1 : Can't find file for asset. /Game/Ailleurs/Blueprints/Boules/Bleu/Boule_Bleu_Gros
[2019.07.14-20.03.04:145][  0]LogLinker: Warning: Can't find file '/Game/Ailleurs/Blueprints/Boules/Bleu/Boule_Bleu_Gros'
[2019.07.14-20.03.04:145][  0]LogLinker: Warning: Can't find file for asset '/Game/Ailleurs/Blueprints/Boules/Bleu/Boule_Bleu_Gros' while loading ../../../../../../Documents/Unreal Projects/Ailleurs/Ailleurs(fonctionne)/Content/Ailleurs/Maps/Niveau_1.umap.
[2019.07.14-20.03.04:145][  0]LoadErrors: Error: /Game/Ailleurs/Maps/Niveau_1 : Can't find file for asset. /Game/Ailleurs/Blueprints/Boules/Bleu/Boule_Bleu_Gros
[2019.07.14-20.03.04:145][  0]LogLinker: Warning: Can't find file '/Game/Ailleurs/Blueprints/Boules/Bleu/Boule_Bleu_Gros'
[2019.07.14-20.03.04:145][  0]LogLinker: Warning: Can't find file for asset '/Game/Ailleurs/Blueprints/Boules/Bleu/Boule_Bleu_Gros' while loading ../../../../../../Documents/Unreal Projects/Ailleurs/Ailleurs(fonctionne)/Content/Ailleurs/Maps/Niveau_1.umap.
[2019.07.14-20.03.04:145][  0]LoadErrors: Error: /Game/Ailleurs/Maps/Niveau_1 : Can't find file for asset. /Game/Ailleurs/Blueprints/Boules/Bleu/Boule_Bleu_Gros
[2019.07.14-20.03.04:158][  0]LogLinker: Warning: Can't find file '/Game/Ailleurs/Blueprints/Boules/Bleu/Boule_Bleu_Gros'
[2019.07.14-20.03.04:158][  0]LogLinker: Warning: Can't find file for asset '/Game/Ailleurs/Blueprints/Boules/Bleu/Boule_Bleu_Gros' while loading ../../../../../../Documents/Unreal Projects/Ailleurs/Ailleurs(fonctionne)/Content/Ailleurs/Maps/Niveau_1.umap.
[2019.07.14-20.03.04:158][  0]LoadErrors: Error: /Game/Ailleurs/Maps/Niveau_1 : Can't find file for asset. /Game/Ailleurs/Blueprints/Boules/Bleu/Boule_Bleu_Gros
[2019.07.14-20.03.04:200][  0]LogLinker: Warning: Can't find file '/Game/Ailleurs/Blueprints/Boules/Bleu/Boule_Bleu_Gros'
[2019.07.14-20.03.04:200][  0]LogLinker: Warning: Can't find file for asset '/Game/Ailleurs/Blueprints/Boules/Bleu/Boule_Bleu_Gros' while loading NULL.
[2019.07.14-20.03.04:201][  0]LogLinker: Warning: Can't find file '/Game/Ailleurs/Blueprints/Boules/Bleu/Boule_Bleu_Gros'
[2019.07.14-20.03.04:201][  0]LogLinker: Warning: Can't find file for asset '/Game/Ailleurs/Blueprints/Boules/Bleu/Boule_Bleu_Gros' while loading NULL.
[2019.07.14-20.03.04:201][  0]LogLinker: Warning: Can't find file '/Game/Ailleurs/Blueprints/Boules/Bleu/Boule_Bleu_Gros'
[2019.07.14-20.03.04:201][  0]LogLinker: Warning: Can't find file for asset '/Game/Ailleurs/Blueprints/Boules/Bleu/Boule_Bleu_Gros' while loading NULL.
[2019.07.14-20.03.04:201][  0]LogLinker: Warning: Can't find file '/Game/Ailleurs/Blueprints/Boules/Bleu/Boule_Bleu_Gros'
[2019.07.14-20.03.04:201][  0]LogLinker: Warning: Can't find file for asset '/Game/Ailleurs/Blueprints/Boules/Bleu/Boule_Bleu_Gros' while loading NULL.
[2019.07.14-20.03.04:201][  0]LogLinker: Warning: Can't find file '/Game/Ailleurs/Blueprints/Boules/Bleu/Boule_Bleu_Gros'
[2019.07.14-20.03.04:201][  0]LogLinker: Warning: Can't find file for asset '/Game/Ailleurs/Blueprints/Boules/Bleu/Boule_Bleu_Gros' while loading NULL.
[2019.07.14-20.03.04:201][  0]LogLinker: Warning: Can't find file '/Game/Ailleurs/Blueprints/Boules/Bleu/Boule_Bleu_Gros'
[2019.07.14-20.03.04:202][  0]LogLinker: Warning: Can't find file for asset '/Game/Ailleurs/Blueprints/Boules/Bleu/Boule_Bleu_Gros' while loading NULL.
[2019.07.14-20.03.04:202][  0]LogLinker: Warning: Can't find file '/Game/Ailleurs/Blueprints/Boules/Bleu/Boule_Bleu_Gros'
[2019.07.14-20.03.04:202][  0]LogLinker: Warning: Can't find file for asset '/Game/Ailleurs/Blueprints/Boules/Bleu/Boule_Bleu_Gros' while loading NULL.
[2019.07.14-20.03.04:202][  0]LogLinker: Warning: Can't find file '/Game/Ailleurs/Blueprints/Boules/Bleu/Boule_Bleu_Gros'
[2019.07.14-20.03.04:202][  0]LogLinker: Warning: Can't find file for asset '/Game/Ailleurs/Blueprints/Boules/Bleu/Boule_Bleu_Gros' while loading NULL.
[2019.07.14-20.03.04:202][  0]LogLinker: Warning: Can't find file '/Game/Ailleurs/Blueprints/Boules/Bleu/Boule_Bleu_Gros'
[2019.07.14-20.03.04:202][  0]LogLinker: Warning: Can't find file for asset '/Game/Ailleurs/Blueprints/Boules/Bleu/Boule_Bleu_Gros' while loading NULL.
[2019.07.14-20.03.04:202][  0]LogLinker: Warning: Can't find file '/Game/Ailleurs/Blueprints/Boules/Bleu/Boule_Bleu_Gros'
[2019.07.14-20.03.04:202][  0]LogLinker: Warning: Can't find file for asset '/Game/Ailleurs/Blueprints/Boules/Bleu/Boule_Bleu_Gros' while loading NULL.
[2019.07.14-20.03.04:204][  0]LogLinker: Warning: Can't find file '/Game/Ailleurs/Blueprints/Boules/Bleu/Boule_Bleu_Gros'
[2019.07.14-20.03.04:204][  0]LogLinker: Warning: Can't find file for asset '/Game/Ailleurs/Blueprints/Boules/Bleu/Boule_Bleu_Gros' while loading NULL.
[2019.07.14-20.03.04:204][  0]LogLinker: Warning: Can't find file '/Game/Ailleurs/Blueprints/Boules/Bleu/Boule_Bleu_Gros'
[2019.07.14-20.03.04:204][  0]LoadErrors: Failed to load /Game/Ailleurs/Blueprints/Boules/Bleu/Boule_Bleu_Gros.Boule_Bleu_Gros_C Referenced by Default__Niveau_C
[2019.07.14-20.03.04:204][  0]LogLinker: Warning: Can't find file for asset '/Game/Ailleurs/Blueprints/Boules/Bleu/Boule_Bleu_Gros' while loading NULL.
[2019.07.14-20.03.04:205][  0]LoadErrors: Failed to load /Game/Ailleurs/Blueprints/Boules/Bleu/Boule_Bleu_Gros.Boule_Bleu_Gros_C Referenced by Default__Niveau_C
[2019.07.14-20.03.04:238][  0]LogLinker: Warning: Can't find file '/Game/Ailleurs/Blueprints/Boules/Bleu/Boule_Bleu_Gros'
[2019.07.14-20.03.04:238][  0]LoadErrors: Failed to load /Game/Ailleurs/Blueprints/Boules/Bleu/Boule_Bleu_Gros.Boule_Bleu_Gros_C Referenced by K2Node_Literal_91
[2019.07.14-20.03.04:239][  0]LogLinker: Warning: Can't find file for asset '/Game/Ailleurs/Blueprints/Boules/Bleu/Boule_Bleu_Gros' while loading NULL.
[2019.07.14-20.03.04:239][  0]LoadErrors: Failed to load /Game/Ailleurs/Blueprints/Boules/Bleu/Boule_Bleu_Gros.Boule_Bleu_Gros_C Referenced by K2Node_Literal_91
[2019.07.14-20.03.04:239][  0]LogLinker: Warning: Can't find file '/Game/Ailleurs/Blueprints/Boules/Bleu/Boule_Bleu_Gros'
[2019.07.14-20.03.04:239][  0]LoadErrors: Failed to load /Game/Ailleurs/Blueprints/Boules/Bleu/Boule_Bleu_Gros.Boule_Bleu_Gros_C Referenced by K2Node_Literal_90
[2019.07.14-20.03.04:239][  0]LogLinker: Warning: Can't find file for asset '/Game/Ailleurs/Blueprints/Boules/Bleu/Boule_Bleu_Gros' while loading NULL.
[2019.07.14-20.03.04:239][  0]LoadErrors: Failed to load /Game/Ailleurs/Blueprints/Boules/Bleu/Boule_Bleu_Gros.Boule_Bleu_Gros_C Referenced by K2Node_Literal_90
[2019.07.14-20.03.04:239][  0]LogLinker: Warning: Can't find file '/Game/Ailleurs/Blueprints/Boules/Bleu/Boule_Bleu_Gros'
[2019.07.14-20.03.04:239][  0]LoadErrors: Failed to load /Game/Ailleurs/Blueprints/Boules/Bleu/Boule_Bleu_Gros.Boule_Bleu_Gros_C Referenced by K2Node_VariableGet_69
[2019.07.14-20.03.04:239][  0]LogLinker: Warning: Can't find file for asset '/Game/Ailleurs/Blueprints/Boules/Bleu/Boule_Bleu_Gros' while loading NULL.
[2019.07.14-20.03.04:239][  0]LoadErrors: Failed to load /Game/Ailleurs/Blueprints/Boules/Bleu/Boule_Bleu_Gros.Boule_Bleu_Gros_C Referenced by K2Node_VariableGet_69
[2019.07.14-20.03.04:239][  0]LogLinker: Warning: Can't find file '/Game/Ailleurs/Blueprints/Boules/Bleu/Boule_Bleu_Gros'
[2019.07.14-20.03.04:239][  0]LoadErrors: Failed to load /Game/Ailleurs/Blueprints/Boules/Bleu/Boule_Bleu_Gros.Boule_Bleu_Gros_C Referenced by K2Node_VariableGet_69
[2019.07.14-20.03.04:240][  0]LogLinker: Warning: Can't find file for asset '/Game/Ailleurs/Blueprints/Boules/Bleu/Boule_Bleu_Gros' while loading NULL.
[2019.07.14-20.03.04:240][  0]LoadErrors: Failed to load /Game/Ailleurs/Blueprints/Boules/Bleu/Boule_Bleu_Gros.Boule_Bleu_Gros_C Referenced by K2Node_VariableGet_69
[2019.07.14-20.03.04:296][  0]LogBlueprint: Warning: [Compiler PersistentLevel.Niveau_1] Could not find a variable named "StaticMesh" in 'Niveau_1'.
Make sure 'Niveau_1' has been compiled for  Get StaticMesh
[2019.07.14-20.03.04:316][  0]LogBlueprint: Warning: [Compiler PersistentLevel.Niveau_1] Node  Unknown  is not referencing a valid level actor
[2019.07.14-20.03.04:316][  0]LogBlueprint: Warning: [Compiler PersistentLevel.Niveau_1] Node  Unknown  is not referencing a valid level actor
[2019.07.14-20.03.04:316][  0]LogBlueprint: Error: [Compiler PersistentLevel.Niveau_1] The property associated with  Static Mesh  could not be found in '/Game/Ailleurs/Maps/Niveau_1.Niveau_C'
[2019.07.14-20.03.04:323][  0]LogBlueprint: Warning: [Compiler PersistentLevel.Niveau_1] [0006,16] Compile of PersistentLevel.Niveau_1 failed. 1 Fatal Issue(s) 3 Warning(s) [in 79 ms] (/Game/Ailleurs/Maps/Niveau_1.Niveau_1:PersistentLevel.Niveau_1)
[2019.07.14-20.03.05:056][  0]LogLinker: Warning: The file '../../../../../../Documents/Unreal Projects/Ailleurs/Ailleurs(fonctionne)/Content/StarterContent/Materials/M_Basic_Wall.uasset' contains unrecognizable data, check that it is of the expected type.
[2019.07.14-20.03.05:057][  0]LogLinker: Warning: The file '../../../../../../Documents/Unreal Projects/Ailleurs/Ailleurs(fonctionne)/Content/StarterContent/Materials/M_Basic_Wall.uasset' contains unrecognizable data, check that it is of the expected type.
[2019.07.14-20.03.05:057][  0]LogLinker: Warning: The file '../../../../../../Documents/Unreal Projects/Ailleurs/Ailleurs(fonctionne)/Content/StarterContent/Materials/M_Basic_Wall.uasset' contains unrecognizable data, check that it is of the expected type.
[2019.07.14-20.03.05:058][  0]LogLinker: Warning: The file '../../../../../../Documents/Unreal Projects/Ailleurs/Ailleurs(fonctionne)/Content/StarterContent/Materials/M_Basic_Wall.uasset' contains unrecognizable data, check that it is of the expected type.
[2019.07.14-20.03.05:058][  0]LogLinker: Warning: The file '../../../../../../Documents/Unreal Projects/Ailleurs/Ailleurs(fonctionne)/Content/StarterContent/Materials/M_Basic_Wall.uasset' contains unrecognizable data, check that it is of the expected type.
[2019.07.14-20.03.05:059][  0]LogLinker: Warning: The file '../../../../../../Documents/Unreal Projects/Ailleurs/Ailleurs(fonctionne)/Content/StarterContent/Materials/M_Basic_Wall.uasset' contains unrecognizable data, check that it is of the expected type.
[2019.07.14-20.03.05:059][  0]LogLinker: Warning: The file '../../../../../../Documents/Unreal Projects/Ailleurs/Ailleurs(fonctionne)/Content/StarterContent/Materials/M_Basic_Wall.uasset' contains unrecognizable data, check that it is of the expected type.
[2019.07.14-20.03.05:059][  0]LogLinker: Warning: The file '../../../../../../Documents/Unreal Projects/Ailleurs/Ailleurs(fonctionne)/Content/StarterContent/Materials/M_Basic_Wall.uasset' contains unrecognizable data, check that it is of the expected type.
[2019.07.14-20.03.05:066][  0]LogLinker: Warning: The file '../../../../../../Documents/Unreal Projects/Ailleurs/Ailleurs(fonctionne)/Content/StarterContent/Materials/M_Basic_Wall.uasset' contains unrecognizable data, check that it is of the expected type.
[2019.07.14-20.03.05:066][  0]LogLinker: Warning: The file '../../../../../../Documents/Unreal Projects/Ailleurs/Ailleurs(fonctionne)/Content/StarterContent/Materials/M_Basic_Wall.uasset' contains unrecognizable data, check that it is of the expected type.
[2019.07.14-20.03.05:066][  0]LogLinker: Warning: The file '../../../../../../Documents/Unreal Projects/Ailleurs/Ailleurs(fonctionne)/Content/StarterContent/Materials/M_Basic_Wall.uasset' contains unrecognizable data, check that it is of the expected type.
[2019.07.14-20.03.05:067][  0]LogLinker: Warning: The file '../../../../../../Documents/Unreal Projects/Ailleurs/Ailleurs(fonctionne)/Content/StarterContent/Materials/M_Basic_Wall.uasset' contains unrecognizable data, check that it is of the expected type.
[2019.07.14-20.03.05:067][  0]LogLinker: Warning: The file '../../../../../../Documents/Unreal Projects/Ailleurs/Ailleurs(fonctionne)/Content/StarterContent/Materials/M_Basic_Wall.uasset' contains unrecognizable data, check that it is of the expected type.
[2019.07.14-20.03.05:068][  0]LogLinker: Warning: The file '../../../../../../Documents/Unreal Projects/Ailleurs/Ailleurs(fonctionne)/Content/StarterContent/Materials/M_Basic_Wall.uasset' contains unrecognizable data, check that it is of the expected type.
[2019.07.14-20.03.05:068][  0]LogLinker: Warning: The file '../../../../../../Documents/Unreal Projects/Ailleurs/Ailleurs(fonctionne)/Content/StarterContent/Materials/M_Basic_Wall.uasset' contains unrecognizable data, check that it is of the expected type.
[2019.07.14-20.03.05:068][  0]LogLinker: Warning: The file '../../../../../../Documents/Unreal Projects/Ailleurs/Ailleurs(fonctionne)/Content/StarterContent/Materials/M_Basic_Wall.uasset' contains unrecognizable data, check that it is of the expected type.
[2019.07.14-20.03.05:457][  0]LogAIModule: Creating AISystem for world Niveau_1
[2019.07.14-20.03.05:601][  0]LogEditorServer: Finished looking for orphan Actors (0.000 secs)
[2019.07.14-20.03.05:643][  0]Cmd: MAP CHECKDEP NOCLEARLOG
[2019.07.14-20.03.05:736][  0]MapCheck: Map check complete: 0 Error(s), 0 Warning(s), took 92,695ms to complete.
[2019.07.14-20.03.05:736][  0]LogFileHelpers: Loading map 'Niveau_1' took 1.928
[2019.07.14-20.03.05:829][  0]LogSlate: Updating window title bar state: overlay mode, drag disabled, window buttons hidden, title bar hidden
[2019.07.14-20.03.05:836][  0]LogSlate: Updating window title bar state: overlay mode, drag disabled, window buttons hidden, title bar hidden
[2019.07.14-20.03.05:843][  0]LogSlate: Updating window title bar state: overlay mode, drag disabled, window buttons hidden, title bar hidden
[2019.07.14-20.03.05:850][  0]LogSlate: Updating window title bar state: overlay mode, drag disabled, window buttons hidden, title bar hidden
[2019.07.14-20.03.06:001][  0]LogCollectionManager: Loaded 0 collections in 0.001697 seconds
[2019.07.14-20.03.06:043][  0]LogFileCache: Scanning file cache for directory 'C:/Documents/Unreal Projects/Ailleurs/Ailleurs(fonctionne)/Saved/Collections/' took 0.01s
[2019.07.14-20.03.06:043][  0]LogFileCache: Scanning file cache for directory 'C:/Documents/Unreal Projects/Ailleurs/Ailleurs(fonctionne)/Content/Developers/Ulysse/Collections/' took 0.01s
[2019.07.14-20.03.06:043][  0]LogFileCache: Scanning file cache for directory 'C:/Documents/Unreal Projects/Ailleurs/Ailleurs(fonctionne)/Content/Collections/' took 0.01s
[2019.07.14-20.03.06:043][  0]LogCollectionManager: Rebuilt the GUID cache for 0 collections in 0.000000 seconds
[2019.07.14-20.03.06:050][  0]LogContentBrowser: Native class hierarchy populated in 0.0073 seconds. Added 2582 classes and 610 folders.
[2019.07.14-20.03.06:056][  0]LogContentBrowser: Native class hierarchy updated for 'WidgetCarousel' in 0.0002 seconds. Added 0 classes and 0 folders.
[2019.07.14-20.03.06:103][  0]LogContentBrowser: Native class hierarchy updated for 'AddContentDialog' in 0.0002 seconds. Added 0 classes and 0 folders.
[2019.07.14-20.03.06:113][  0]LogSlate: Took 0.000171 seconds to synchronously load lazily loaded font '../../../Engine/Content/Slate/Fonts/Roboto-Regular.ttf' (155K)
[2019.07.14-20.03.06:115][  0]LogSlate: Took 0.000151 seconds to synchronously load lazily loaded font '../../../Engine/Content/Slate/Fonts/Roboto-Bold.ttf' (160K)
[2019.07.14-20.03.06:119][  0]LogSlate: Took 0.000240 seconds to synchronously load lazily loaded font '../../../Engine/Content/Editor/Slate/Fonts/FontAwesome.ttf' (139K)
[2019.07.14-20.03.06:168][  0]LogRenderer: Reallocating scene render targets to support 1236x924 Format 10 NumSamples 1 (Frame:1).
[2019.07.14-20.03.06:301][  0]LogContentBrowser: Native class hierarchy updated for 'HierarchicalLODOutliner' in 0.0002 seconds. Added 0 classes and 0 folders.
[2019.07.14-20.03.06:301][  0]LogLoad: (Engine Initialization) Total time: 8.14 seconds
[2019.07.14-20.03.06:301][  0]LogLoad: (Engine Initialization) Total Blueprint compile time: 0.00 seconds
[2019.07.14-20.03.06:311][  0]LogWindowsTextInputMethodSystem: Display: IME system now deactivated.
[2019.07.14-20.03.06:311][  0]LoadErrors: Warning: CreateExport: Failed to load Outer for resource 'Audio': Boule_Bleu_Gros_C /Game/Ailleurs/Maps/Niveau_1.Niveau_1:PersistentLevel.Boule_Bleu_Gros_2
[2019.07.14-20.03.06:311][  0]LoadErrors: Warning: CreateExport: Failed to load Outer for resource 'Aura_Lumière': Boule_Bleu_Gros_C /Game/Ailleurs/Maps/Niveau_1.Niveau_1:PersistentLevel.Boule_Bleu_Gros_2
[2019.07.14-20.03.06:311][  0]LoadErrors: Warning: CreateExport: Failed to load Outer for resource 'petites_lumieres': Boule_Bleu_Gros_C /Game/Ailleurs/Maps/Niveau_1.Niveau_1:PersistentLevel.Boule_Bleu_Gros_2
[2019.07.14-20.03.06:311][  0]LoadErrors: Warning: CreateExport: Failed to load Outer for resource 'traits': Boule_Bleu_Gros_C /Game/Ailleurs/Maps/Niveau_1.Niveau_1:PersistentLevel.Boule_Bleu_Gros_2
[2019.07.14-20.03.06:311][  0]LoadErrors: Warning: CreateExport: Failed to load Outer for resource 'PointLight': Boule_Bleu_Gros_C /Game/Ailleurs/Maps/Niveau_1.Niveau_1:PersistentLevel.Boule_Bleu_Gros_2
[2019.07.14-20.03.06:311][  0]LoadErrors: Warning: CreateExport: Failed to load Outer for resource 'StaticMesh': Boule_Bleu_Gros_C /Game/Ailleurs/Maps/Niveau_1.Niveau_1:PersistentLevel.Boule_Bleu_Gros_2
[2019.07.14-20.03.06:331][  0]LogContentStreaming: Texture pool size now 1000 MB
[2019.07.14-20.03.06:338][  0]LogSlate: FSceneViewport::OnFocusLost() reason 2
[2019.07.14-20.03.06:389][  1]LogAssetRegistry: Asset discovery search completed in 5.1824 seconds
[2019.07.14-20.03.06:391][  1]LogCollectionManager: Rebuilt the object cache for 0 collections in 0.000000 seconds (found 0 objects)
[2019.07.14-20.03.06:391][  1]LogCollectionManager: Fixed up redirectors for 0 collections in 0.000042 seconds (updated 0 objects)
[2019.07.14-20.03.07:403][101]LogSlate: Took 0.000214 seconds to synchronously load lazily loaded font '../../../Engine/Content/Slate/Fonts/Roboto-Light.ttf' (167K)
[2019.07.14-20.03.07:408][101]LogAssetEditorManager: Opening Asset editor for Blueprint /Game/Ailleurs/Blueprints/Boules/Boule_base.Boule_base
[2019.07.14-20.03.07:767][101]LogLinker: Warning: Can't find file '/Game/ExampleContent/BlueprintFluidSurface/Height0'
[2019.07.14-20.03.07:767][101]LogLinker: Warning: Can't find file '/Game/ExampleContent/BlueprintFluidSurface/Height0'
[2019.07.14-20.03.07:767][101]LogUObjectGlobals: Warning: Failed to find object 'Object /Game/ExampleContent/BlueprintFluidSurface/Height0.Height0'
[2019.07.14-20.03.07:767][101]LogLinker: Warning: Can't find file '/Game/ExampleContent/BlueprintFluidSurface/Height2'
[2019.07.14-20.03.07:767][101]LogLinker: Warning: Can't find file '/Game/ExampleContent/BlueprintFluidSurface/Height2'
[2019.07.14-20.03.07:767][101]LogUObjectGlobals: Warning: Failed to find object 'Object /Game/ExampleContent/BlueprintFluidSurface/Height2.Height2'
[2019.07.14-20.03.07:767][101]LogLinker: Warning: Can't find file '/Game/ExampleContent/BlueprintFluidSurface/Height1'
[2019.07.14-20.03.07:767][101]LogLinker: Warning: Can't find file '/Game/ExampleContent/BlueprintFluidSurface/Height1'
[2019.07.14-20.03.07:767][101]LogUObjectGlobals: Warning: Failed to find object 'Object /Game/ExampleContent/BlueprintFluidSurface/Height1.Height1'
[2019.07.14-20.03.08:323][101]LogContentBrowser: Native class hierarchy updated for 'BlueprintGraph' in 0.0005 seconds. Added 116 classes and 0 folders.
[2019.07.14-20.03.08:956][101]LogAssetEditorManager: Opening Asset editor for ParticleSystem /Game/Ailleurs/Blueprints/Boules/Aura_Lumière_base.Aura_Lumière_base
[2019.07.14-20.03.08:962][101]LogContentBrowser: Native class hierarchy updated for 'Cascade' in 0.0003 seconds. Added 2 classes and 2 folders.
[2019.07.14-20.03.09:063][101]LogAssetEditorManager: Opening Asset editor for Material /Game/Ailleurs/Textures/Aura_lumière_Master.Aura_lumière_Master
[2019.07.14-20.03.09:066][101]LogMaterial: Display: Missing cached shader map for material Aura_lumière_Master, compiling. 
[2019.07.14-20.03.09:289][101]LogMaterial: Display: Missing cached shader map for material Aura_lumière_Master, compiling. 
[2019.07.14-20.03.09:296][101]LogMaterial: Display: Missing cached shader map for material Aura_lumière_Master, compiling. 
[2019.07.14-20.03.09:315][101]LogShaderCompilers: Display: Shaders left to compile 10
[2019.07.14-20.03.09:315][101]LogShaderCompilers: Display: Shaders left to compile 9
[2019.07.14-20.03.09:315][101]LogShaderCompilers: Display: Shaders left to compile 8
[2019.07.14-20.03.09:328][101]LogMaterial: Display: Missing cached shader map for material FMatExpressionPreview MaterialExpressionTextureSampleParameter2D_3, compiling. 
[2019.07.14-20.03.09:332][101]LogMaterial: Display: Missing cached shader map for material FMatExpressionPreview MaterialExpressionCollectionParameter_0, compiling. 
[2019.07.14-20.03.09:367][101]LogAssetEditorManager: Opening Asset editor for MaterialParameterCollection /Game/Ailleurs/Autres/Boules_ParameterCollection1.Boules_ParameterCollection1
[2019.07.14-20.03.10:067][176]LogShaderCompilers: Display: Shaders left to compile 11
[2019.07.14-20.03.10:186][190]LogShaderCompilers: Display: Shaders left to compile 10
[2019.07.14-20.03.10:369][210]LogShaderCompilers: Display: Shaders left to compile 9
[2019.07.14-20.03.10:460][220]LogShaderCompilers: Display: Shaders left to compile 8
[2019.07.14-20.03.10:520][227]LogShaderCompilers: Display: Shaders left to compile 7
[2019.07.14-20.03.10:701][246]LogShaderCompilers: Display: Shaders left to compile 6
[2019.07.14-20.03.10:983][274]LogSlate: FSceneViewport::OnFocusLost() reason 0
[2019.07.14-20.03.11:064][283]LogTemp: Repeating last play command: New Editor Window (PIE)
[2019.07.14-20.03.11:091][283]LogBlueprintUserMessages: Early PlayInEditor Detection: Level '/Game/Ailleurs/Maps/Niveau_1.Niveau_1:PersistentLevel' has LevelScriptBlueprint '/Game/Ailleurs/Maps/Niveau_1.Niveau_1:PersistentLevel.Niveau_1' with GeneratedClass '/Game/Ailleurs/Maps/Niveau_1.Niveau_C' with ClassGeneratedBy '/Game/Ailleurs/Maps/Niveau_1.Niveau_1:PersistentLevel.Niveau_1'
[2019.07.14-20.03.11:091][283]BlueprintLog: New page: Pre-Play auto-recompile
[2019.07.14-20.03.11:226][283]LogShaderCompilers: Display: Shaders left to compile 5
[2019.07.14-20.03.11:226][283]LogShaderCompilers: Display: Shaders left to compile 4
[2019.07.14-20.03.11:226][283]LogPlayLevel: [PlayLevel] Compiling Niveau_1 before play...
[2019.07.14-20.03.11:383][283]LogBlueprint: Warning: [Compiler PersistentLevel.Niveau_1] Could not find a variable named "StaticMesh" in 'Niveau_1'.
Make sure 'Niveau_1' has been compiled for  Get StaticMesh
[2019.07.14-20.03.11:408][283]LogBlueprint: Warning: [Compiler PersistentLevel.Niveau_1] Node  Unknown  is not referencing a valid level actor
[2019.07.14-20.03.11:408][283]LogBlueprint: Warning: [Compiler PersistentLevel.Niveau_1] Node  Unknown  is not referencing a valid level actor
[2019.07.14-20.03.11:408][283]LogBlueprint: Error: [Compiler PersistentLevel.Niveau_1] The property associated with  Static Mesh  could not be found in '/Game/Ailleurs/Maps/Niveau_1.Niveau_C'
[2019.07.14-20.03.11:415][283]LogBlueprint: Warning: [Compiler PersistentLevel.Niveau_1] [0013,25] Compile of PersistentLevel.Niveau_1 failed. 1 Fatal Issue(s) 3 Warning(s) [in 192 ms] (/Game/Ailleurs/Maps/Niveau_1.Niveau_1:PersistentLevel.Niveau_1)
[2019.07.14-20.03.11:599][283]LogShaderCompilers: Display: Shaders left to compile 3
[2019.07.14-20.03.11:599][283]LogShaderCompilers: Display: Shaders left to compile 2
[2019.07.14-20.03.11:605][283]LogPlayLevel: PlayLevel: Blueprint regeneration took 513 ms (1 blueprints)
[2019.07.14-20.03.11:605][283]BlueprintLog: Blueprint Niveau_1 failed to compile
[2019.07.14-20.03.11:703][283]LogShaderCompilers: Display: Shaders left to compile 1
[2019.07.14-20.03.13:942][283]LogSlate: Window 'Message' being destroyed
[2019.07.14-20.03.13:957][283]PIE: New page: PIE session: Niveau_1 (15 juil. 2019 00:03:13)
[2019.07.14-20.03.13:957][283]LogPlayLevel: Creating play world package: /Game/Ailleurs/Maps/UEDPIE_0_Niveau_1
[2019.07.14-20.03.14:207][283]LogPlayLevel: PIE: StaticDuplicateObject took: (0.249096s)
[2019.07.14-20.03.14:208][283]LogAIModule: Creating AISystem for world Niveau_1
[2019.07.14-20.03.14:208][283]LogPlayLevel: PIE: World Init took: (0.000716s)
[2019.07.14-20.03.14:209][283]LogPlayLevel: PIE: Created PIE world by copying editor world from /Game/Ailleurs/Maps/Niveau_1.Niveau_1 to /Game/Ailleurs/Maps/UEDPIE_0_Niveau_1.Niveau_1 (0.250713s)
[2019.07.14-20.03.14:242][283]LogInit: XAudio2 using 'Haut-parleurs (Périphérique High Definition Audio)' : 2 channels at 48 kHz using 16 bits per sample (channel mask 0x3)
[2019.07.14-20.03.14:250][283]LogInit: FAudioDevice initialized.
[2019.07.14-20.03.14:259][283]LogSlate: Updating window title bar state: overlay mode, drag disabled, window buttons hidden, title bar hidden
[2019.07.14-20.03.14:312][283]LogLoad: Game class is 'GameMode_classic_C'
[2019.07.14-20.03.14:402][283]LogWorld: Bringing World /Game/Ailleurs/Maps/UEDPIE_0_Niveau_1.Niveau_1 up for play (max tick rate 0) at 2019.07.14-22.03.14
[2019.07.14-20.03.14:407][283]LogWorld: Bringing up level for play took: 0.094183
[2019.07.14-20.03.14:419][283]LogSpawn: Warning: SpawnActor failed because no class was specified
[2019.07.14-20.03.14:424][283]LogContentBrowser: Native class hierarchy updated for 'MovieSceneCapture' in 0.0003 seconds. Added 10 classes and 0 folders.
[2019.07.14-20.03.14:431][283]PIE: Play in editor start time for /Game/Ailleurs/Maps/UEDPIE_0_Niveau_1 3,432
[2019.07.14-20.03.14:432][283]LogBlueprintUserMessages: Late PlayInEditor Detection: Level '/Game/Ailleurs/Maps/Niveau_1.Niveau_1:PersistentLevel' has LevelScriptBlueprint '/Game/Ailleurs/Maps/Niveau_1.Niveau_1:PersistentLevel.Niveau_1' with GeneratedClass '/Game/Ailleurs/Maps/Niveau_1.Niveau_C' with ClassGeneratedBy '/Game/Ailleurs/Maps/Niveau_1.Niveau_1:PersistentLevel.Niveau_1'
[2019.07.14-20.03.14:470][283]LogRenderer: Reallocating scene render targets to support 1932x1116 Format 10 NumSamples 1 (Frame:1).
[2019.07.14-20.03.14:563][284]MaterialEditorStats: Base pass shader without light map: 44 instructions
[2019.07.14-20.03.14:563][284]MaterialEditorStats: Base pass vertex shader: 129 instructions
[2019.07.14-20.03.14:563][284]MaterialEditorStats: Texture samplers: 3/16
[2019.07.14-20.03.14:563][284]MaterialEditorStats: Texture Lookups (Est.): VS(0), PS(1)
[2019.07.14-20.03.14:563][284]MaterialEditorStats: User interpolators: 2/4 Scalars (1/4 Vectors) (TexCoords: 2, Custom: 0)
[2019.07.14-20.03.33:896][800]LogBlueprintUserMessages: Early EndPlayMap Detection: Level '/Game/Ailleurs/Maps/Niveau_1.Niveau_1:PersistentLevel' has LevelScriptBlueprint '/Game/Ailleurs/Maps/Niveau_1.Niveau_1:PersistentLevel.Niveau_1' with GeneratedClass '/Game/Ailleurs/Maps/Niveau_1.Niveau_C' with ClassGeneratedBy '/Game/Ailleurs/Maps/Niveau_1.Niveau_1:PersistentLevel.Niveau_1'
[2019.07.14-20.03.33:896][800]LogSlate: Updating window title bar state: overlay mode, drag disabled, window buttons hidden, title bar hidden
[2019.07.14-20.03.33:915][800]LogSlate: Window 'Ailleurs Game Preview Standalone (64-bit/PCD3D_SM5)' being destroyed
[2019.07.14-20.03.33:972][800]LogPlayLevel: Display: Shutting down PIE online subsystems
[2019.07.14-20.03.33:973][800]LogBlueprintUserMessages: Late EndPlayMap Detection: Level '/Game/Ailleurs/Maps/Niveau_1.Niveau_1:PersistentLevel' has LevelScriptBlueprint '/Game/Ailleurs/Maps/Niveau_1.Niveau_1:PersistentLevel.Niveau_1' with GeneratedClass '/Game/Ailleurs/Maps/Niveau_1.Niveau_C' with ClassGeneratedBy '/Game/Ailleurs/Maps/Niveau_1.Niveau_1:PersistentLevel.Niveau_1'
[2019.07.14-20.03.34:058][801]LogPlayLevel: Display: Destroying online subsystem :Context_4
[2019.07.14-20.03.45:439][984]LogAIModule: Creating AISystem for world Création_Boules
[2019.07.14-20.03.45:447][984]LogAssetEditorManager: Opening Asset editor for World /Game/Ailleurs/Maps/Création_Boules.Création_Boules
[2019.07.14-20.03.47:673][984]LogSlate: Window 'Save Content' being destroyed
[2019.07.14-20.03.47:676][984]Cmd: MAP LOAD FILE="../../../../../../Documents/Unreal Projects/Ailleurs/Ailleurs(fonctionne)/Content/Ailleurs/Maps/Création_Boules.umap" TEMPLATE=0 SHOWPROGRESS=1 FEATURELEVEL=3
[2019.07.14-20.03.47:677][984]LightingResults: New page: Lighting Build
[2019.07.14-20.03.47:678][984]LoadErrors: New page: Loading map: Création_Boules.umap
[2019.07.14-20.03.47:701][984]MapCheck: New page: Map Check
[2019.07.14-20.03.47:701][984]LightingResults: New page: Lighting Build
[2019.07.14-20.03.47:820][984]LogEditorServer: Finished looking for orphan Actors (0.000 secs)
[2019.07.14-20.03.47:869][984]Cmd: MAP CHECKDEP NOCLEARLOG
[2019.07.14-20.03.47:985][984]MapCheck: Map check complete: 0 Error(s), 0 Warning(s), took 116,334ms to complete.
[2019.07.14-20.03.47:987][984]LogFileHelpers: Loading map 'Création_Boules' took 0.311
[2019.07.14-20.03.49:245][114]LogTemp: Repeating last play command: New Editor Window (PIE)
[2019.07.14-20.03.49:266][114]LogBlueprintUserMessages: Early PlayInEditor Detection: Level '/Game/Ailleurs/Maps/Création_Boules.Création_Boules:PersistentLevel' has LevelScriptBlueprint '/Game/Ailleurs/Maps/Création_Boules.Création_Boules:PersistentLevel.Création_Boules' with GeneratedClass '/Game/Ailleurs/Maps/Création_Boules.Création_Boules_C' with ClassGeneratedBy '/Game/Ailleurs/Maps/Création_Boules.Création_Boules:PersistentLevel.Création_Boules'
[2019.07.14-20.03.49:266][114]LogPlayLevel: PlayLevel: No blueprints needed recompiling
[2019.07.14-20.03.49:266][114]PIE: New page: PIE session: Création_Boules (15 juil. 2019 00:03:49)
[2019.07.14-20.03.49:266][114]LogPlayLevel: Creating play world package: /Game/Ailleurs/Maps/UEDPIE_0_Création_Boules
[2019.07.14-20.03.49:273][114]LogPlayLevel: PIE: StaticDuplicateObject took: (0.006351s)
[2019.07.14-20.03.49:273][114]LogAIModule: Creating AISystem for world Création_Boules
[2019.07.14-20.03.49:273][114]LogPlayLevel: PIE: World Init took: (0.000576s)
[2019.07.14-20.03.49:273][114]LogPlayLevel: PIE: Created PIE world by copying editor world from /Game/Ailleurs/Maps/Création_Boules.Création_Boules to /Game/Ailleurs/Maps/UEDPIE_0_Création_Boules.Création_Boules (0.007032s)
[2019.07.14-20.03.49:306][114]LogInit: XAudio2 using 'Haut-parleurs (Périphérique High Definition Audio)' : 2 channels at 48 kHz using 16 bits per sample (channel mask 0x3)
[2019.07.14-20.03.49:314][114]LogInit: FAudioDevice initialized.
[2019.07.14-20.03.49:321][114]LogSlate: Updating window title bar state: overlay mode, drag disabled, window buttons hidden, title bar hidden
[2019.07.14-20.03.49:357][114]LogLoad: Game class is 'GameMode_classic_C'
[2019.07.14-20.03.49:359][114]LogWorld: Bringing World /Game/Ailleurs/Maps/UEDPIE_0_Création_Boules.Création_Boules up for play (max tick rate 0) at 2019.07.14-22.03.49
[2019.07.14-20.03.49:360][114]LogWorld: Bringing up level for play took: 0.001829
[2019.07.14-20.03.49:371][114]LogSpawn: Warning: SpawnActor failed because no class was specified
[2019.07.14-20.03.49:375][114]PIE: Play in editor start time for /Game/Ailleurs/Maps/UEDPIE_0_Création_Boules 0,376
[2019.07.14-20.03.49:375][114]LogBlueprintUserMessages: Late PlayInEditor Detection: Level '/Game/Ailleurs/Maps/Création_Boules.Création_Boules:PersistentLevel' has LevelScriptBlueprint '/Game/Ailleurs/Maps/Création_Boules.Création_Boules:PersistentLevel.Création_Boules' with GeneratedClass '/Game/Ailleurs/Maps/Création_Boules.Création_Boules_C' with ClassGeneratedBy '/Game/Ailleurs/Maps/Création_Boules.Création_Boules:PersistentLevel.Création_Boules'
[2019.07.14-20.03.58:043][849]LogBlueprintUserMessages: Early EndPlayMap Detection: Level '/Game/Ailleurs/Maps/Création_Boules.Création_Boules:PersistentLevel' has LevelScriptBlueprint '/Game/Ailleurs/Maps/Création_Boules.Création_Boules:PersistentLevel.Création_Boules' with GeneratedClass '/Game/Ailleurs/Maps/Création_Boules.Création_Boules_C' with ClassGeneratedBy '/Game/Ailleurs/Maps/Création_Boules.Création_Boules:PersistentLevel.Création_Boules'
[2019.07.14-20.03.58:043][849]LogSlate: Updating window title bar state: overlay mode, drag disabled, window buttons hidden, title bar hidden
[2019.07.14-20.03.58:059][849]LogSlate: Window 'Ailleurs Game Preview Standalone (64-bit/PCD3D_SM5)' being destroyed
[2019.07.14-20.03.58:093][849]LogPlayLevel: Display: Shutting down PIE online subsystems
[2019.07.14-20.03.58:093][849]LogBlueprintUserMessages: Late EndPlayMap Detection: Level '/Game/Ailleurs/Maps/Création_Boules.Création_Boules:PersistentLevel' has LevelScriptBlueprint '/Game/Ailleurs/Maps/Création_Boules.Création_Boules:PersistentLevel.Création_Boules' with GeneratedClass '/Game/Ailleurs/Maps/Création_Boules.Création_Boules_C' with ClassGeneratedBy '/Game/Ailleurs/Maps/Création_Boules.Création_Boules:PersistentLevel.Création_Boules'
[2019.07.14-20.03.58:147][852]LogPlayLevel: Display: Destroying online subsystem :Context_5
[2019.07.14-20.03.59:605][  4]LogCascade: Quitting Cascade. FXSystem=0x000002A17C902E80
[2019.07.14-20.03.59:777][  4]LogSlate: Window 'Message Log' being destroyed
[2019.07.14-20.03.59:778][  4]LogSlate: Window 'Content Browser' being destroyed
[2019.07.14-20.03.59:782][  4]LogSlate: Window 'Ailleurs - Unreal Editor' being destroyed
[2019.07.14-20.03.59:783][  4]LogWindowsTextInputMethodSystem: Display: IME system now deactivated.
[2019.07.14-20.03.59:971][  5]Cmd: QUIT_EDITOR
[2019.07.14-20.04.00:758][  5]LogExit: Preparing to exit.
[2019.07.14-20.04.01:793][  5]LogExit: Editor shut down
[2019.07.14-20.04.01:794][  5]LogExit: Transaction tracking system shut down
[2019.07.14-20.04.02:051][  5]LogExit: Object subsystem successfully closed.
[2019.07.14-20.04.02:064][  5]LogShaderCompilers: Display: Shaders left to compile 0
[2019.07.14-20.04.02:064][  5]LogD3D11RHI: Shutdown
[2019.07.14-20.04.02:064][  5]LogD3D11RHI: CleanupD3DDevice
[2019.07.14-20.04.02:066][  5]LogD3D11RHI: ~FD3D11DynamicRHI
[2019.07.14-20.04.02:079][  5]LogModuleManager: Shutting down and abandoning module MovieSceneCapture (624)
[2019.07.14-20.04.02:079][  5]LogModuleManager: Shutting down and abandoning module Voice (622)
[2019.07.14-20.04.02:079][  5]LogModuleManager: Shutting down and abandoning module DistCurveEditor (620)
[2019.07.14-20.04.02:080][  5]LogModuleManager: Shutting down and abandoning module Cascade (618)
[2019.07.14-20.04.02:080][  5]LogModuleManager: Shutting down and abandoning module BlueprintGraph (616)
[2019.07.14-20.04.02:080][  5]LogModuleManager: Shutting down and abandoning module HierarchicalLODOutliner (614)
[2019.07.14-20.04.02:080][  5]LogModuleManager: Shutting down and abandoning module AddContentDialog (612)
[2019.07.14-20.04.02:080][  5]LogModuleManager: Shutting down and abandoning module WidgetCarousel (611)
[2019.07.14-20.04.02:080][  5]LogModuleManager: Shutting down and abandoning module EditorWidgets (608)
[2019.07.14-20.04.02:080][  5]LogModuleManager: Shutting down and abandoning module CollectionManager (606)
[2019.07.14-20.04.02:080][  5]LogModuleManager: Shutting down and abandoning module SceneOutliner (604)
[2019.07.14-20.04.02:080][  5]LogModuleManager: Shutting down and abandoning module StatsViewer (602)
[2019.07.14-20.04.02:080][  5]LogModuleManager: Shutting down and abandoning module FoliageEdit (600)
[2019.07.14-20.04.02:080][  5]LogModuleManager: Shutting down and abandoning module LandscapeEditor (598)
[2019.07.14-20.04.02:080][  5]LogModuleManager: Shutting down and abandoning module MeshPaintMode (596)
[2019.07.14-20.04.02:080][  5]LogModuleManager: Shutting down and abandoning module SceneDepthPickerMode (594)
[2019.07.14-20.04.02:080][  5]LogModuleManager: Shutting down and abandoning module ActorPickerMode (592)
[2019.07.14-20.04.02:080][  5]LogModuleManager: Shutting down and abandoning module GeometryMode (590)
[2019.07.14-20.04.02:080][  5]LogModuleManager: Shutting down and abandoning module TextureAlignMode (588)
[2019.07.14-20.04.02:080][  5]LogModuleManager: Shutting down and abandoning module BspMode (586)
[2019.07.14-20.04.02:080][  5]LogModuleManager: Shutting down and abandoning module PIEPreviewDeviceProfileSelector (584)
[2019.07.14-20.04.02:080][  5]LogModuleManager: Shutting down and abandoning module SequenceRecorderSections (582)
[2019.07.14-20.04.02:080][  5]LogModuleManager: Shutting down and abandoning module AutomationWorker (580)
[2019.07.14-20.04.02:080][  5]LogModuleManager: Shutting down and abandoning module AudioCaptureEditor (578)
[2019.07.14-20.04.02:080][  5]LogModuleManager: Shutting down and abandoning module SequenceRecorder (577)
[2019.07.14-20.04.02:080][  5]LogModuleManager: Shutting down and abandoning module MatineeToLevelSequence (574)
[2019.07.14-20.04.02:080][  5]LogModuleManager: Shutting down and abandoning module LevelSequenceEditor (572)
[2019.07.14-20.04.02:080][  5]LogModuleManager: Shutting down and abandoning module PlacementMode (571)
[2019.07.14-20.04.02:080][  5]LogModuleManager: Shutting down and abandoning module MaterialEditor (570)
[2019.07.14-20.04.02:080][  5]LogModuleManager: Shutting down and abandoning module WmfMediaFactory (566)
[2019.07.14-20.04.02:080][  5]LogModuleManager: Shutting down and abandoning module WmfMediaEditor (564)
[2019.07.14-20.04.02:080][  5]LogModuleManager: Shutting down and abandoning module MediaPlayerEditor (562)
[2019.07.14-20.04.02:080][  5]LogModuleManager: Shutting down and abandoning module OpenExrWrapper (560)
[2019.07.14-20.04.02:080][  5]LogModuleManager: Shutting down and abandoning module ImgMediaFactory (558)
[2019.07.14-20.04.02:080][  5]LogModuleManager: Shutting down and abandoning module ImgMediaEditor (556)
[2019.07.14-20.04.02:081][  5]LogModuleManager: Shutting down and abandoning module AvfMediaFactory (554)
[2019.07.14-20.04.02:081][  5]LogModuleManager: Shutting down and abandoning module AvfMediaEditor (552)
[2019.07.14-20.04.02:081][  5]LogModuleManager: Shutting down and abandoning module AndroidMediaFactory (550)
[2019.07.14-20.04.02:081][  5]LogModuleManager: Shutting down and abandoning module AndroidMediaEditor (548)
[2019.07.14-20.04.02:081][  5]LogModuleManager: Shutting down and abandoning module MagicLeapCameraPreviewFactory (546)
[2019.07.14-20.04.02:081][  5]LogModuleManager: Shutting down and abandoning module MagicLeapMediaFactory (544)
[2019.07.14-20.04.02:081][  5]LogModuleManager: Shutting down and abandoning module MagicLeapMediaEditor (542)
[2019.07.14-20.04.02:081][  5]LogModuleManager: Shutting down and abandoning module CharacterAI (540)
[2019.07.14-20.04.02:081][  5]LogModuleManager: Shutting down and abandoning module SmartSnapping (538)
[2019.07.14-20.04.02:081][  5]LogModuleManager: Shutting down and abandoning module SessionServices (536)
[2019.07.14-20.04.02:081][  5]LogModuleManager: Shutting down and abandoning module ViewportSnapping (534)
[2019.07.14-20.04.02:081][  5]LogModuleManager: Shutting down and abandoning module ViewportInteraction (532)
[2019.07.14-20.04.02:081][  5]LogModuleManager: Shutting down and abandoning module ClothPainter (530)
[2019.07.14-20.04.02:081][  5]LogModuleManager: Shutting down and abandoning module SkeletalMeshEditor (529)
[2019.07.14-20.04.02:081][  5]LogModuleManager: Shutting down and abandoning module LogVisualizer (526)
[2019.07.14-20.04.02:081][  5]LogModuleManager: Shutting down and abandoning module IntroTutorials (524)
[2019.07.14-20.04.02:081][  5]LogModuleManager: Shutting down and abandoning module GameProjectGeneration (523)
[2019.07.14-20.04.02:081][  5]LogModuleManager: Shutting down and abandoning module LuminPlatformEditor (520)
[2019.07.14-20.04.02:081][  5]LogModuleManager: Shutting down and abandoning module IOSPlatformEditor (518)
[2019.07.14-20.04.02:081][  5]LogModuleManager: Shutting down and abandoning module HTML5PlatformEditor (516)
[2019.07.14-20.04.02:081][  5]LogModuleManager: Shutting down and abandoning module AndroidPlatformEditor (514)
[2019.07.14-20.04.02:081][  5]LogModuleManager: Shutting down and abandoning module AndroidDeviceDetection (513)
[2019.07.14-20.04.02:560][  5]LogModuleManager: Shutting down and abandoning module WindowsPlatformEditor (510)
[2019.07.14-20.04.02:560][  5]LogModuleManager: Shutting down and abandoning module LuminRuntimeSettings (508)
[2019.07.14-20.04.02:560][  5]LogModuleManager: Shutting down and abandoning module IOSRuntimeSettings (506)
[2019.07.14-20.04.02:560][  5]LogModuleManager: Shutting down and abandoning module AndroidRuntimeSettings (504)
[2019.07.14-20.04.02:560][  5]LogModuleManager: Shutting down and abandoning module InputBindingEditor (502)
[2019.07.14-20.04.02:560][  5]LogModuleManager: Shutting down and abandoning module MergeActors (500)
[2019.07.14-20.04.02:560][  5]LogModuleManager: Shutting down and abandoning module LocalizationDashboard (498)
[2019.07.14-20.04.02:560][  5]LogModuleManager: Shutting down and abandoning module LocalizationService (497)
[2019.07.14-20.04.02:560][  5]LogModuleManager: Shutting down and abandoning module HardwareTargeting (494)
[2019.07.14-20.04.02:560][  5]LogModuleManager: Shutting down and abandoning module DeviceProfileEditor (492)
[2019.07.14-20.04.02:560][  5]LogModuleManager: Shutting down and abandoning module UndoHistory (490)
[2019.07.14-20.04.02:560][  5]LogModuleManager: Shutting down and abandoning module XmlParser (488)
[2019.07.14-20.04.02:560][  5]LogModuleManager: Shutting down and abandoning module Blutility (486)
[2019.07.14-20.04.02:560][  5]LogModuleManager: Shutting down and abandoning module ProjectSettingsViewer (484)
[2019.07.14-20.04.02:560][  5]LogModuleManager: Shutting down and abandoning module ProjectTargetPlatformEditor (483)
[2019.07.14-20.04.02:560][  5]LogModuleManager: Shutting down and abandoning module EditorSettingsViewer (480)
[2019.07.14-20.04.02:560][  5]LogModuleManager: Shutting down and abandoning module SettingsEditor (478)
[2019.07.14-20.04.02:560][  5]LogModuleManager: Shutting down and abandoning module ProjectLauncher (476)
[2019.07.14-20.04.02:560][  5]LogModuleManager: Shutting down and abandoning module SessionFrontend (474)
[2019.07.14-20.04.02:560][  5]LogModuleManager: Shutting down and abandoning module ProfilerClient (472)
[2019.07.14-20.04.02:560][  5]LogModuleManager: Shutting down and abandoning module DeviceManager (470)
[2019.07.14-20.04.02:560][  5]LogModuleManager: Shutting down and abandoning module TargetDeviceServices (469)
[2019.07.14-20.04.02:614][  5]LogModuleManager: Shutting down and abandoning module AutomationController (466)
[2019.07.14-20.04.02:614][  5]LogModuleManager: Shutting down and abandoning module AutomationWindow (464)
[2019.07.14-20.04.02:614][  5]LogModuleManager: Shutting down and abandoning module Layers (462)
[2019.07.14-20.04.02:614][  5]LogModuleManager: Shutting down and abandoning module ComponentVisualizers (460)
[2019.07.14-20.04.02:614][  5]LogModuleManager: Shutting down and abandoning module DetailCustomizations (458)
[2019.07.14-20.04.02:614][  5]LogModuleManager: Shutting down and abandoning module PackagesDialog (456)
[2019.07.14-20.04.02:614][  5]LogModuleManager: Shutting down and abandoning module Persona (454)
[2019.07.14-20.04.02:614][  5]LogModuleManager: Shutting down and abandoning module AdvancedPreviewScene (453)
[2019.07.14-20.04.02:614][  5]LogModuleManager: Shutting down and abandoning module AnimGraph (451)
[2019.07.14-20.04.02:614][  5]LogModuleManager: Shutting down and abandoning module Kismet (448)
[2019.07.14-20.04.02:618][  5]LogModuleManager: Shutting down and abandoning module GraphEditor (446)
[2019.07.14-20.04.02:618][  5]LogModuleManager: Shutting down and abandoning module ClassViewer (444)
[2019.07.14-20.04.02:618][  5]LogModuleManager: Shutting down and abandoning module Toolbox (442)
[2019.07.14-20.04.02:618][  5]LogModuleManager: Shutting down and abandoning module ModuleUI (440)
[2019.07.14-20.04.02:618][  5]LogModuleManager: Shutting down and abandoning module MovieSceneTools (438)
[2019.07.14-20.04.02:618][  5]LogModuleManager: Shutting down and abandoning module OutputLog (436)
[2019.07.14-20.04.02:618][  5]LogModuleManager: Shutting down and abandoning module GammaUI (434)
[2019.07.14-20.04.02:618][  5]LogModuleManager: Shutting down and abandoning module Documentation (432)
[2019.07.14-20.04.02:618][  5]LogModuleManager: Shutting down and abandoning module MovieSceneTracks (430)
[2019.07.14-20.04.02:618][  5]LogModuleManager: Shutting down and abandoning module MovieScene (428)
[2019.07.14-20.04.02:618][  5]LogModuleManager: Shutting down and abandoning module StreamingPauseRendering (426)
[2019.07.14-20.04.02:618][  5]LogModuleManager: Shutting down and abandoning module LauncherPlatform (424)
[2019.07.14-20.04.02:618][  5]LogModuleManager: Shutting down and abandoning module AnalyticsET (422)
[2019.07.14-20.04.02:618][  5]LogModuleManager: Shutting down and abandoning module PortalServices (420)
[2019.07.14-20.04.02:619][  5]LogModuleManager: Shutting down and abandoning module PortalRpc (418)
[2019.07.14-20.04.02:619][  5]LogModuleManager: Shutting down and abandoning module MessagingRpc (416)
[2019.07.14-20.04.02:619][  5]LogModuleManager: Shutting down and abandoning module AIModule (414)
[2019.07.14-20.04.02:619][  5]LogModuleManager: Shutting down and abandoning module GameplayDebugger (413)
[2019.07.14-20.04.02:619][  5]LogModuleManager: Shutting down and abandoning module AITestSuite (411)
[2019.07.14-20.04.02:619][  5]LogModuleManager: Shutting down and abandoning module NavigationSystem (409)
[2019.07.14-20.04.02:619][  5]LogModuleManager: Shutting down and abandoning module DesktopPlatform (406)
[2019.07.14-20.04.02:619][  5]LogModuleManager: Shutting down and abandoning module ProfilerService (404)
[2019.07.14-20.04.02:744][  5]LogModuleManager: Shutting down and abandoning module TaskGraph (402)
[2019.07.14-20.04.02:744][  5]LogModuleManager: Shutting down and abandoning module SteamVRController (400)
[2019.07.14-20.04.02:744][  5]LogModuleManager: Shutting down and abandoning module ProceduralMeshComponentEditor (398)
[2019.07.14-20.04.02:744][  5]LogModuleManager: Shutting down and abandoning module ProceduralMeshComponent (396)
[2019.07.14-20.04.02:744][  5]LogModuleManager: Shutting down and abandoning module OculusInput (394)
[2019.07.14-20.04.02:744][  5]LogModuleManager: Shutting down and abandoning module MobilePatchingUtils (392)
[2019.07.14-20.04.02:744][  5]LogModuleManager: Shutting down and abandoning module EditableMesh (390)
[2019.07.14-20.04.02:744][  5]LogModuleManager: Shutting down and abandoning module CustomMeshComponent (388)
[2019.07.14-20.04.02:744][  5]LogModuleManager: Shutting down and abandoning module CableComponent (386)
[2019.07.14-20.04.02:744][  5]LogModuleManager: Shutting down and abandoning module AudioCapture (384)
[2019.07.14-20.04.02:744][  5]LogModuleManager: Shutting down and abandoning module ArchVisCharacter (382)
[2019.07.14-20.04.02:744][  5]LogModuleManager: Shutting down and abandoning module AndroidPermission (380)
[2019.07.14-20.04.02:744][  5]LogModuleManager: Shutting down and abandoning module NUTUnrealEngine4 (378)
[2019.07.14-20.04.02:744][  5]LogModuleManager: Shutting down and abandoning module NetcodeUnitTest (376)
[2019.07.14-20.04.02:744][  5]LogModuleManager: Shutting down and abandoning module MediaCompositingEditor (374)
[2019.07.14-20.04.02:744][  5]LogModuleManager: Shutting down and abandoning module MediaCompositing (372)
[2019.07.14-20.04.02:744][  5]LogModuleManager: Shutting down and abandoning module LinearTimecode (370)
[2019.07.14-20.04.02:744][  5]LogModuleManager: Shutting down and abandoning module ImgMedia (368)
[2019.07.14-20.04.02:747][  5]LogModuleManager: Shutting down and abandoning module HTML5Networking (366)
[2019.07.14-20.04.02:747][  5]LogModuleManager: Shutting down and abandoning module GeometryCacheTracks (364)
[2019.07.14-20.04.02:747][  5]LogModuleManager: Shutting down and abandoning module GeometryCacheSequencer (362)
[2019.07.14-20.04.02:747][  5]LogModuleManager: Shutting down and abandoning module BackChannel (360)
[2019.07.14-20.04.02:747][  5]LogModuleManager: Shutting down and abandoning module AppleVision (358)
[2019.07.14-20.04.02:747][  5]LogModuleManager: Shutting down and abandoning module AppleImageUtils (356)
[2019.07.14-20.04.02:747][  5]LogModuleManager: Shutting down and abandoning module AlembicImporter (354)
[2019.07.14-20.04.02:747][  5]LogModuleManager: Shutting down and abandoning module AlembicLibrary (353)
[2019.07.14-20.04.02:747][  5]LogModuleManager: Shutting down and abandoning module GeometryCache (352)
[2019.07.14-20.04.02:747][  5]LogModuleManager: Shutting down and abandoning module GeometryCacheEd (351)
[2019.07.14-20.04.02:747][  5]LogModuleManager: Shutting down and abandoning module DatasmithContentEditor (346)
[2019.07.14-20.04.02:747][  5]LogModuleManager: Shutting down and abandoning module DatasmithContent (344)
[2019.07.14-20.04.02:747][  5]LogModuleManager: Shutting down and abandoning module SpeedTreeImporter (342)
[2019.07.14-20.04.02:747][  5]LogModuleManager: Shutting down and abandoning module PluginBrowser (340)
[2019.07.14-20.04.02:747][  5]LogModuleManager: Shutting down and abandoning module MobileLauncherProfileWizard (338)
[2019.07.14-20.04.02:747][  5]LogModuleManager: Shutting down and abandoning module PolygonModeling (336)
[2019.07.14-20.04.02:747][  5]LogModuleManager: Shutting down and abandoning module MeshEditor (334)
[2019.07.14-20.04.02:747][  5]LogModuleManager: Shutting down and abandoning module CryptoKeysOpenSSL (332)
[2019.07.14-20.04.02:748][  5]LogModuleManager: Shutting down and abandoning module CryptoKeys (330)
[2019.07.14-20.04.02:748][  5]LogModuleManager: Shutting down and abandoning module VisualStudioSourceCodeAccess (328)
[2019.07.14-20.04.02:748][  5]LogModuleManager: Shutting down and abandoning module VisualStudioCodeSourceCodeAccess (326)
[2019.07.14-20.04.02:748][  5]LogModuleManager: Shutting down and abandoning module UObjectPlugin (324)
[2019.07.14-20.04.02:748][  5]LogModuleManager: Shutting down and abandoning module SubversionSourceControl (322)
[2019.07.14-20.04.02:748][  5]LogModuleManager: Shutting down and abandoning module PerforceSourceControl (320)
[2019.07.14-20.04.02:748][  5]LogModuleManager: Shutting down and abandoning module GitSourceControl (318)
[2019.07.14-20.04.02:748][  5]LogModuleManager: Shutting down and abandoning module SourceControl (317)
[2019.07.14-20.04.02:748][  5]LogModuleManager: Shutting down and abandoning module CLionSourceCodeAccess (314)
[2019.07.14-20.04.02:748][  5]LogModuleManager: Shutting down and abandoning module LightPropagationVolumeEditor (312)
[2019.07.14-20.04.02:748][  5]LogModuleManager: Shutting down and abandoning module PaperTiledImporter (310)
[2019.07.14-20.04.02:748][  5]LogModuleManager: Shutting down and abandoning module PaperSpriteSheetImporter (308)
[2019.07.14-20.04.02:748][  5]LogModuleManager: Shutting down and abandoning module Paper2DEditor (306)
[2019.07.14-20.04.02:748][  5]LogModuleManager: Shutting down and abandoning module MeshPaint (305)
[2019.07.14-20.04.02:748][  5]LogModuleManager: Shutting down and abandoning module RuntimePhysXCooking (302)
[2019.07.14-20.04.02:748][  5]LogModuleManager: Shutting down and abandoning module PhysXVehiclesEditor (300)
[2019.07.14-20.04.02:748][  5]LogModuleManager: Shutting down and abandoning module PhysXVehicles (298)
[2019.07.14-20.04.02:748][  5]LogModuleManager: Shutting down and abandoning module OculusEditor (296)
[2019.07.14-20.04.02:748][  5]LogModuleManager: Shutting down and abandoning module LocationServicesBPLibrary (294)
[2019.07.14-20.04.02:748][  5]LogModuleManager: Shutting down and abandoning module ImmediatePhysicsEditor (292)
[2019.07.14-20.04.02:748][  5]LogModuleManager: Shutting down and abandoning module ImmediatePhysics (290)
[2019.07.14-20.04.02:748][  5]LogModuleManager: Shutting down and abandoning module ApexDestructionEditor (288)
[2019.07.14-20.04.02:748][  5]LogModuleManager: Shutting down and abandoning module ApexDestruction (286)
[2019.07.14-20.04.02:748][  5]LogModuleManager: Shutting down and abandoning module ActorSequence (284)
[2019.07.14-20.04.02:748][  5]LogModuleManager: Shutting down and abandoning module UdpMessaging (282)
[2019.07.14-20.04.02:849][  5]LogModuleManager: Shutting down and abandoning module TcpMessaging (280)
[2019.07.14-20.04.02:954][  5]LogModuleManager: Shutting down and abandoning module MagicLeapAudio (278)
[2019.07.14-20.04.02:954][  5]LogModuleManager: Shutting down and abandoning module GameplayTagsEditor (276)
[2019.07.14-20.04.02:954][  5]LogModuleManager: Shutting down and abandoning module FacialAnimationEditor (274)
[2019.07.14-20.04.02:954][  5]LogModuleManager: Shutting down and abandoning module FacialAnimation (272)
[2019.07.14-20.04.02:954][  5]LogModuleManager: Shutting down and abandoning module DataValidation (270)
[2019.07.14-20.04.02:954][  5]LogModuleManager: Shutting down and abandoning module AssetManagerEditor (268)
[2019.07.14-20.04.02:954][  5]LogModuleManager: Shutting down and abandoning module LevelEditor (267)
[2019.07.14-20.04.02:955][  5]LogModuleManager: Shutting down and abandoning module PixelInspectorModule (266)
[2019.07.14-20.04.02:955][  5]LogModuleManager: Shutting down and abandoning module CommonMenuExtensions (264)
[2019.07.14-20.04.02:955][  5]LogModuleManager: Shutting down and abandoning module MainFrame (262)
[2019.07.14-20.04.02:955][  5]LogModuleManager: Shutting down and abandoning module HotReload (261)
[2019.07.14-20.04.02:956][  5]LogModuleManager: Shutting down and abandoning module ContentBrowser (257)
[2019.07.14-20.04.02:957][  5]LogModuleManager: Shutting down and abandoning module TreeMap (255)
[2019.07.14-20.04.02:957][  5]LogModuleManager: Shutting down and abandoning module LightPropagationVolumeRuntime (252)
[2019.07.14-20.04.02:957][  5]LogModuleManager: Shutting down and abandoning module AISupportModule (250)
[2019.07.14-20.04.02:957][  5]LogModuleManager: Shutting down and abandoning module Paper2D (248)
[2019.07.14-20.04.02:957][  5]LogModuleManager: Shutting down and abandoning module WindowsMoviePlayer (246)
[2019.07.14-20.04.02:957][  5]LogModuleManager: Shutting down and abandoning module WmfMedia (244)
[2019.07.14-20.04.02:958][  5]LogModuleManager: Shutting down and abandoning module Media (243)
[2019.07.14-20.04.02:964][  5]LogModuleManager: Shutting down and abandoning module PacketHandler (240)
[2019.07.14-20.04.02:964][  5]LogModuleManager: Shutting down and abandoning module ClothingSystemEditor (238)
[2019.07.14-20.04.02:964][  5]LogModuleManager: Shutting down and abandoning module ClothingSystemRuntime (236)
[2019.07.14-20.04.02:964][  5]LogModuleManager: Shutting down and abandoning module MediaAssets (234)
[2019.07.14-20.04.02:964][  5]LogModuleManager: Shutting down and abandoning module Overlay (232)
[2019.07.14-20.04.02:964][  5]LogModuleManager: Shutting down and abandoning module OverlayEditor (231)
[2019.07.14-20.04.02:964][  5]LogModuleManager: Shutting down and abandoning module VREditor (228)
[2019.07.14-20.04.02:964][  5]LogModuleManager: Shutting down and abandoning module StringTableEditor (226)
[2019.07.14-20.04.02:964][  5]LogModuleManager: Shutting down and abandoning module GameplayTasksEditor (224)
[2019.07.14-20.04.02:964][  5]LogModuleManager: Shutting down and abandoning module BehaviorTreeEditor (222)
[2019.07.14-20.04.02:964][  5]LogModuleManager: Shutting down and abandoning module FunctionalTesting (220)
[2019.07.14-20.04.02:964][  5]LogModuleManager: Shutting down and abandoning module CollisionAnalyzer (218)
[2019.07.14-20.04.02:964][  5]LogModuleManager: Shutting down and abandoning module WorkspaceMenuStructure (217)
[2019.07.14-20.04.02:964][  5]LogModuleManager: Shutting down and abandoning module UMG (214)
[2019.07.14-20.04.02:964][  5]LogModuleManager: Shutting down and abandoning module UMGEditor (213)
[2019.07.14-20.04.02:964][  5]LogModuleManager: Shutting down and abandoning module Sequencer (212)
[2019.07.14-20.04.02:965][  5]LogModuleManager: Shutting down and abandoning module MessageLog (209)
[2019.07.14-20.04.02:965][  5]LogModuleManager: Shutting down and abandoning module SlateReflector (204)
[2019.07.14-20.04.02:965][  5]LogModuleManager: Shutting down and abandoning module Slate (202)
[2019.07.14-20.04.02:965][  5]LogModuleManager: Shutting down and abandoning module EditorStyle (200)
[2019.07.14-20.04.02:966][  5]LogModuleManager: Shutting down and abandoning module MRMesh (198)
[2019.07.14-20.04.02:966][  5]LogModuleManager: Shutting down and abandoning module SourceCodeAccess (196)
[2019.07.14-20.04.02:966][  5]LogModuleManager: Shutting down and abandoning module HeadMountedDisplay (194)
[2019.07.14-20.04.02:966][  5]LogModuleManager: Shutting down and abandoning module XAudio2 (192)
[2019.07.14-20.04.02:966][  5]LogModuleManager: Shutting down and abandoning module Networking (190)
[2019.07.14-20.04.02:966][  5]LogModuleManager: Shutting down and abandoning module Core (188)
[2019.07.14-20.04.02:966][  5]LogModuleManager: Shutting down and abandoning module LevelSequence (186)
[2019.07.14-20.04.02:966][  5]LogModuleManager: Shutting down and abandoning module KismetCompiler (184)
[2019.07.14-20.04.02:966][  5]LogModuleManager: Shutting down and abandoning module MeshUtilities (182)
[2019.07.14-20.04.02:966][  5]LogModuleManager: Shutting down and abandoning module MeshMergeUtilities (181)
[2019.07.14-20.04.02:966][  5]LogModuleManager: Shutting down and abandoning module MeshReductionInterface (180)
[2019.07.14-20.04.02:966][  5]LogModuleManager: Shutting down and abandoning module SimplygonSwarm (179)
[2019.07.14-20.04.02:966][  5]LogModuleManager: Shutting down and abandoning module ProxyLODMeshReduction (177)
[2019.07.14-20.04.02:966][  5]LogModuleManager: Shutting down and abandoning module SimplygonMeshReduction (175)
[2019.07.14-20.04.02:966][  5]LogModuleManager: Shutting down and abandoning module QuadricMeshReduction (173)
[2019.07.14-20.04.02:966][  5]LogModuleManager: Shutting down and abandoning module MaterialBaking (169)
[2019.07.14-20.04.02:966][  5]LogModuleManager: Shutting down and abandoning module DirectoryWatcher (165)
[2019.07.14-20.04.02:966][  5]LogModuleManager: Shutting down and abandoning module DerivedDataCache (162)
[2019.07.14-20.04.03:230][  5]LogDerivedDataCache: Shutdown
[2019.07.14-20.04.03:230][  5]LogModuleManager: Shutting down and abandoning module XGEController (160)
[2019.07.14-20.04.03:230][  5]LogXGEController: Cleaning working directory: C:/Users/Ulysse/AppData/Local/Temp/UnrealXGEWorkingDir/
[2019.07.14-20.04.03:231][  5]LogModuleManager: Shutting down and abandoning module TargetPlatform (158)
[2019.07.14-20.04.03:231][  5]LogModuleManager: Shutting down and abandoning module VulkanShaderFormat (157)
[2019.07.14-20.04.03:231][  5]LogModuleManager: Shutting down and abandoning module ShaderFormatVectorVM (155)
[2019.07.14-20.04.03:231][  5]LogModuleManager: Shutting down and abandoning module ShaderFormatOpenGL (153)
[2019.07.14-20.04.03:231][  5]LogModuleManager: Shutting down and abandoning module ShaderFormatD3D (151)
[2019.07.14-20.04.03:231][  5]LogModuleManager: Shutting down and abandoning module MetalShaderFormat (149)
[2019.07.14-20.04.03:231][  5]LogModuleManager: Shutting down and abandoning module TextureFormatUncompressed (147)
[2019.07.14-20.04.03:231][  5]LogModuleManager: Shutting down and abandoning module TextureFormatPVR (145)
[2019.07.14-20.04.03:231][  5]LogModuleManager: Shutting down and abandoning module TextureFormatDXT (143)
[2019.07.14-20.04.03:231][  5]LogModuleManager: Shutting down and abandoning module TextureFormatIntelISPCTexComp (141)
[2019.07.14-20.04.03:231][  5]LogModuleManager: Shutting down and abandoning module TextureFormatASTC (139)
[2019.07.14-20.04.03:231][  5]LogModuleManager: Shutting down and abandoning module ImageWrapper (138)
[2019.07.14-20.04.03:231][  5]LogModuleManager: Shutting down and abandoning module TextureFormatAndroid (135)
[2019.07.14-20.04.03:231][  5]LogModuleManager: Shutting down and abandoning module AudioFormatOpus (133)
[2019.07.14-20.04.03:231][  5]LogModuleManager: Shutting down and abandoning module AudioFormatOgg (131)
[2019.07.14-20.04.03:231][  5]LogModuleManager: Shutting down and abandoning module AudioFormatADPCM (129)
[2019.07.14-20.04.03:231][  5]LogModuleManager: Shutting down and abandoning module LuminTargetPlatform (127)
[2019.07.14-20.04.03:231][  5]LogModuleManager: Shutting down and abandoning module LinuxTargetPlatform (125)
[2019.07.14-20.04.03:231][  5]LogModuleManager: Shutting down and abandoning module LinuxServerTargetPlatform (123)
[2019.07.14-20.04.03:231][  5]LogModuleManager: Shutting down and abandoning module LinuxNoEditorTargetPlatform (121)
[2019.07.14-20.04.03:231][  5]LogModuleManager: Shutting down and abandoning module LinuxClientTargetPlatform (119)
[2019.07.14-20.04.03:231][  5]LogModuleManager: Shutting down and abandoning module TVOSTargetPlatform (117)
[2019.07.14-20.04.03:231][  5]LogModuleManager: Shutting down and abandoning module Messaging (115)
[2019.07.14-20.04.03:231][  5]LogModuleManager: Shutting down and abandoning module IOSTargetPlatform (113)
[2019.07.14-20.04.03:232][  5]LogModuleManager: Shutting down and abandoning module HTML5TargetPlatform (111)
[2019.07.14-20.04.03:232][  5]LogModuleManager: Shutting down and abandoning module AndroidTargetPlatform (109)
[2019.07.14-20.04.03:237][  5]LogModuleManager: Shutting down and abandoning module WindowsTargetPlatform (107)
[2019.07.14-20.04.03:237][  5]LogModuleManager: Shutting down and abandoning module WindowsServerTargetPlatform (105)
[2019.07.14-20.04.03:237][  5]LogModuleManager: Shutting down and abandoning module WindowsNoEditorTargetPlatform (103)
[2019.07.14-20.04.03:237][  5]LogModuleManager: Shutting down and abandoning module WindowsClientTargetPlatform (101)
[2019.07.14-20.04.03:237][  5]LogModuleManager: Shutting down and abandoning module MacTargetPlatform (99)
[2019.07.14-20.04.03:237][  5]LogModuleManager: Shutting down and abandoning module MacServerTargetPlatform (97)
[2019.07.14-20.04.03:237][  5]LogModuleManager: Shutting down and abandoning module MacNoEditorTargetPlatform (95)
[2019.07.14-20.04.03:237][  5]LogModuleManager: Shutting down and abandoning module MacClientTargetPlatform (93)
[2019.07.14-20.04.03:237][  5]LogModuleManager: Shutting down and abandoning module AllDesktopTargetPlatform (91)
[2019.07.14-20.04.03:237][  5]LogModuleManager: Shutting down and abandoning module InputCore (88)
[2019.07.14-20.04.03:237][  5]LogModuleManager: Shutting down and abandoning module Settings (86)
[2019.07.14-20.04.03:237][  5]LogModuleManager: Shutting down and abandoning module PhysXCooking (84)
[2019.07.14-20.04.03:237][  5]LogModuleManager: Shutting down and abandoning module SteamVR (82)
[2019.07.14-20.04.03:237][  5]LogModuleManager: Shutting down and abandoning module OculusHMD (80)
[2019.07.14-20.04.03:237][  5]LogModuleManager: Shutting down and abandoning module ExampleDeviceProfileSelector (78)
[2019.07.14-20.04.03:237][  5]LogModuleManager: Shutting down and abandoning module LauncherChunkInstaller (76)
[2019.07.14-20.04.03:237][  5]LogModuleManager: Shutting down and abandoning module OnlineBlueprintSupport (74)
[2019.07.14-20.04.03:237][  5]LogModuleManager: Shutting down and abandoning module OnlineSubsystem (70)
[2019.07.14-20.04.03:238][  5]LogModuleManager: Shutting down and abandoning module XMPP (65)
[2019.07.14-20.04.03:238][  5]LogModuleManager: Shutting down and abandoning module WebSockets (64)
[2019.07.14-20.04.03:251][  5]LogModuleManager: Shutting down and abandoning module HTTP (61)
[2019.07.14-20.04.03:251][  5]LogHttp: Display: Http module shutting down, but needs to wait on 2 outstanding Http requests:
[2019.07.14-20.04.03:251][  5]LogHttp: Display: 	verb=[POST] url=[https://datarouter.ol.epicgames.com/datarouter/api/v1/public/data?SessionID=%7BDEB7FFE0-4AD6-B39B-22BA-8697F23B4CAB%7D&AppID=UEEditor.Rocket.Release&AppVersion=4.20.3-4369336%2B%2B%2BUE4%2BRelease-4.20&UserID=788e8bc04561634be13d0da676a14723%7C5358780c314f4ce5ae19675c568076ba%7C487affe1-da57-456d-9a20-bc251ea89a94&AppEnvironment=datacollector-binary&UploadType=eteventstream] status=Processing
[2019.07.14-20.04.03:251][  5]LogHttp: Display: 	verb=[POST] url=[https://datarouter.ol.epicgames.com/datarouter/api/v1/public/data?SessionID=%7BDEB7FFE0-4AD6-B39B-22BA-8697F23B4CAB%7D&AppID=UEEditor.Rocket.Release&AppVersion=4.20.3-4369336%2B%2B%2BUE4%2BRelease-4.20&UserID=788e8bc04561634be13d0da676a14723%7C5358780c314f4ce5ae19675c568076ba%7C487affe1-da57-456d-9a20-bc251ea89a94&AppEnvironment=datacollector-binary&UploadType=eteventstream] status=Processing
[2019.07.14-20.04.03:260][  5]LogModuleManager: Shutting down and abandoning module SSL (60)
[2019.07.14-20.04.03:260][  5]LogModuleManager: Shutting down and abandoning module MagicLeapEmulator (56)
[2019.07.14-20.04.03:260][  5]LogModuleManager: Shutting down and abandoning module MagicLeapPrivileges (54)
[2019.07.14-20.04.03:260][  5]LogModuleManager: Shutting down and abandoning module MagicLeapIdentity (52)
[2019.07.14-20.04.03:260][  5]LogModuleManager: Shutting down and abandoning module MagicLeapHelperVulkan (50)
[2019.07.14-20.04.03:261][  5]LogModuleManager: Shutting down and abandoning module MagicLeapHelperOpenGL (48)
[2019.07.14-20.04.03:261][  5]LogModuleManager: Shutting down and abandoning module MagicLeapSecureStorage (46)
[2019.07.14-20.04.03:261][  5]LogModuleManager: Shutting down and abandoning module MagicLeapGestures (44)
[2019.07.14-20.04.03:261][  5]LogModuleManager: Shutting down and abandoning module MagicLeapEyeTracker (42)
[2019.07.14-20.04.03:261][  5]LogModuleManager: Shutting down and abandoning module MagicLeapController (40)
[2019.07.14-20.04.03:261][  5]LogSlate: Slate User Destroyed.  User Index 0, Is Virtual User: 0
[2019.07.14-20.04.03:261][  5]LogModuleManager: Shutting down and abandoning module MagicLeap (38)
[2019.07.14-20.04.03:261][  5]LogModuleManager: Shutting down and abandoning module AnimationModifiers (36)
[2019.07.14-20.04.03:261][  5]LogModuleManager: Shutting down and abandoning module PropertyEditor (35)
[2019.07.14-20.04.03:261][  5]LogModuleManager: Shutting down and abandoning module AudioEditor (32)
[2019.07.14-20.04.03:261][  5]LogModuleManager: Shutting down and abandoning module TextureCompressor (30)
[2019.07.14-20.04.03:261][  5]LogModuleManager: Shutting down and abandoning module ShaderCore (28)
[2019.07.14-20.04.03:261][  5]LogModuleManager: Shutting down and abandoning module Landscape (26)
[2019.07.14-20.04.03:261][  5]LogModuleManager: Shutting down and abandoning module SlateRHIRenderer (24)
[2019.07.14-20.04.03:261][  5]LogModuleManager: Shutting down and abandoning module OpenGLDrv (22)
[2019.07.14-20.04.03:261][  5]LogModuleManager: Shutting down and abandoning module D3D11RHI (20)
[2019.07.14-20.04.03:261][  5]LogModuleManager: Shutting down and abandoning module AnimGraphRuntime (18)
[2019.07.14-20.04.03:261][  5]LogModuleManager: Shutting down and abandoning module Renderer (16)
[2019.07.14-20.04.03:261][  5]LogModuleManager: Shutting down and abandoning module Engine (14)
[2019.07.14-20.04.03:261][  5]LogModuleManager: Shutting down and abandoning module CoreUObject (12)
[2019.07.14-20.04.03:261][  5]LogModuleManager: Shutting down and abandoning module NetworkFile (10)
[2019.07.14-20.04.03:261][  5]LogModuleManager: Shutting down and abandoning module CookedIterativeFile (8)
[2019.07.14-20.04.03:261][  5]LogModuleManager: Shutting down and abandoning module StreamingFile (6)
[2019.07.14-20.04.03:261][  5]LogModuleManager: Shutting down and abandoning module SandboxFile (4)
[2019.07.14-20.04.03:261][  5]LogModuleManager: Shutting down and abandoning module PakFile (2)
[2019.07.14-20.04.03:264][  5]LogExit: Exiting.
[2019.07.14-20.04.03:283][  5]Log file closed, 07/14/19 22:04:03
